[2024-06-19 14:52:46.560] [Gconfiguration] [] [info] [] ending to get the configuration
[2024-06-19 14:52:46.560] [Gconfiguration] [] [trace] [] this is the data that we have in the configuration {"serverPort":":2122","log_level":"trace","log_name":"micropagosdatabasegateway_","queryRetryCount":3,"dbQueryTimeout":12000,"mysqlConnection":{"raven":{"connectionString":"raven:micropagos@tcp(192.168.27.38:3306)/raven","maxOpenConns":200,"maxIdleConns":50,"conMaxLifeTime":3600,"conMaxIdleTime":0},"weaver":{"connectionString":"weaver:micropagos@tcp(192.168.27.38:3306)/weaver","maxOpenConns":200,"maxIdleConns":50,"conMaxLifeTime":3600,"conMaxIdleTime":0}},"myPostgresConnection":{"raven":{"connectionString":"","maxOpenConns":0,"maxIdleConns":0,"conMaxLifeTime":0,"conMaxIdleTime":0},"weaver":{"connectionString":"","maxOpenConns":0,"maxIdleConns":0,"conMaxLifeTime":0,"conMaxIdleTime":0}}}
[2024-06-19 14:52:46.561] [micropagosdatabase] [main] [info] [] startig micropagos database module version : 1.0.0
[2024-06-19 14:52:57.334] [micropagosdatabase] [database] [info] [] conected to the mysql message database
[2024-06-19 14:53:08.010] [micropagosdatabase] [database] [info] [] conected to the mysql user database
[2024-06-19 14:53:08.011] [micropagosdatabase] [server] [info] [] Starting server on Port: :2122
[2024-06-19 14:53:16.198] [micropagosdatabase] [middleware] [info] [1] New petition received
[2024-06-19 14:53:16.198] [micropagosdatabase] [middleware] [trace] [1] url: /usersInfo/1, method: GET
[2024-06-19 14:53:16.198] [micropagosdatabase] [handler] [info] [1] starting to get users info
[2024-06-19 14:53:16.199] [micropagosdatabase] [database] [trace] [1] starting to get the users information
[2024-06-19 14:53:16.199] [micropagosdatabase] [database] [trace] [1] this is the QUERY: SELECT u.id, u.username, u.password, u.lastlogin, d.name FROM user u JOIN domain d ON d.id = u.domain_id JOIN user_role AS ur ON ur.user_id = u.id JOIN role AS r ON r.id = ur.role_id WHERE r.name = 'webservice' AND r.system = 'raven'
[2024-06-19 14:53:16.438] [micropagosdatabase] [database] [trace] [1] ................. username  { %!s(bool=false)}
[2024-06-19 14:53:16.438] [micropagosdatabase] [database] [trace] [1] ................. username  { %!s(bool=false)}
[2024-06-19 14:53:16.438] [micropagosdatabase] [database] [trace] [1] ................. username  { %!s(bool=false)}
[2024-06-19 14:53:16.438] [micropagosdatabase] [database] [trace] [1] ................. username  { %!s(bool=false)}
[2024-06-19 14:53:16.439] [micropagosdatabase] [database] [trace] [1] ................. username  { %!s(bool=false)}
[2024-06-19 14:53:16.439] [micropagosdatabase] [database] [trace] [1] ................. username  { %!s(bool=false)}
[2024-06-19 14:53:16.439] [micropagosdatabase] [database] [trace] [1] ................. username  { %!s(bool=false)}
[2024-06-19 14:53:16.439] [micropagosdatabase] [database] [trace] [1] ................. username  { %!s(bool=false)}
[2024-06-19 14:53:16.439] [micropagosdatabase] [database] [trace] [1] ................. username  { %!s(bool=false)}
[2024-06-19 14:53:16.439] [micropagosdatabase] [database] [trace] [1] ................. username  { %!s(bool=false)}
[2024-06-19 14:53:16.439] [micropagosdatabase] [database] [trace] [1] ................. username  { %!s(bool=false)}
[2024-06-19 14:53:16.439] [micropagosdatabase] [database] [trace] [1] ................. username  { %!s(bool=false)}
[2024-06-19 14:53:16.440] [micropagosdatabase] [database] [trace] [1] ................. username  { %!s(bool=false)}
[2024-06-19 14:53:16.440] [micropagosdatabase] [database] [trace] [1] ................. username  { %!s(bool=false)}
[2024-06-19 14:53:16.509] [micropagosdatabase] [database] [trace] [1] ................. username  { %!s(bool=false)}
[2024-06-19 14:53:16.509] [micropagosdatabase] [database] [trace] [1] ................. username  { %!s(bool=false)}
[2024-06-19 14:53:16.509] [micropagosdatabase] [database] [trace] [1] ................. username  { %!s(bool=false)}
[2024-06-19 14:53:16.509] [micropagosdatabase] [database] [trace] [1] ................. username  { %!s(bool=false)}
[2024-06-19 14:53:16.510] [micropagosdatabase] [database] [trace] [1] ................. username  { %!s(bool=false)}
[2024-06-19 14:53:16.510] [micropagosdatabase] [database] [trace] [1] ................. username  { %!s(bool=false)}
[2024-06-19 14:53:16.510] [micropagosdatabase] [database] [trace] [1] ................. username  { %!s(bool=false)}
[2024-06-19 14:53:16.510] [micropagosdatabase] [database] [trace] [1] ................. username  { %!s(bool=false)}
[2024-06-19 14:53:16.510] [micropagosdatabase] [database] [trace] [1] ................. username  { %!s(bool=false)}
[2024-06-19 14:53:16.510] [micropagosdatabase] [database] [trace] [1] ................. username  { %!s(bool=false)}
[2024-06-19 14:53:16.510] [micropagosdatabase] [database] [trace] [1] ................. username  { %!s(bool=false)}
[2024-06-19 14:53:16.510] [micropagosdatabase] [database] [trace] [1] ................. username  { %!s(bool=false)}
[2024-06-19 14:53:16.511] [micropagosdatabase] [database] [trace] [1] ................. username  { %!s(bool=false)}
[2024-06-19 14:53:16.511] [micropagosdatabase] [database] [trace] [1] ................. username  { %!s(bool=false)}
[2024-06-19 14:53:16.512] [micropagosdatabase] [database] [trace] [1] ................. username  { %!s(bool=false)}
[2024-06-19 14:53:16.513] [micropagosdatabase] [database] [trace] [1] ................. username  { %!s(bool=false)}
[2024-06-19 14:53:16.513] [micropagosdatabase] [database] [info] [1] the query in the database tooks: 314.4322ms
[2024-06-19 14:53:16.513] [micropagosdatabase] [middleware] [info] [1] Request took 314.952ms
[2024-06-19 14:55:03.643] [Gconfiguration] [] [info] [] ending to get the configuration
[2024-06-19 14:55:03.643] [Gconfiguration] [] [trace] [] this is the data that we have in the configuration {"serverPort":":2122","log_level":"trace","log_name":"micropagosdatabasegateway_","queryRetryCount":3,"dbQueryTimeout":12000,"mysqlConnection":{"raven":{"connectionString":"raven:micropagos@tcp(192.168.27.38:3306)/raven","maxOpenConns":200,"maxIdleConns":50,"conMaxLifeTime":3600,"conMaxIdleTime":0},"weaver":{"connectionString":"weaver:micropagos@tcp(192.168.27.38:3306)/weaver","maxOpenConns":200,"maxIdleConns":50,"conMaxLifeTime":3600,"conMaxIdleTime":0}},"myPostgresConnection":{"raven":{"connectionString":"","maxOpenConns":0,"maxIdleConns":0,"conMaxLifeTime":0,"conMaxIdleTime":0},"weaver":{"connectionString":"","maxOpenConns":0,"maxIdleConns":0,"conMaxLifeTime":0,"conMaxIdleTime":0}}}
[2024-06-19 14:55:03.644] [micropagosdatabase] [main] [info] [] startig micropagos database module version : 1.0.0
[2024-06-19 14:55:14.365] [micropagosdatabase] [database] [info] [] conected to the mysql message database
[2024-06-19 14:55:25.118] [micropagosdatabase] [database] [info] [] conected to the mysql user database
[2024-06-19 14:55:25.119] [micropagosdatabase] [server] [info] [] Starting server on Port: :2122
[2024-06-19 14:55:35.965] [micropagosdatabase] [middleware] [info] [1] New petition received
[2024-06-19 14:55:35.965] [micropagosdatabase] [middleware] [trace] [1] url: /usersInfo/1, method: GET
[2024-06-19 14:55:35.965] [micropagosdatabase] [handler] [info] [1] starting to get users info
[2024-06-19 14:55:35.965] [micropagosdatabase] [database] [trace] [1] starting to get the users information
[2024-06-19 14:55:35.965] [micropagosdatabase] [database] [trace] [1] this is the QUERY: SELECT u.id, u.username, u.password, u.lastlogin, d.name FROM user u JOIN domain d ON d.id = u.domain_id JOIN user_role AS ur ON ur.user_id = u.id JOIN role AS r ON r.id = ur.role_id WHERE r.name = 'webservice' AND r.system = 'raven'
[2024-06-19 14:55:36.268] [micropagosdatabase] [database] [info] [1] the query in the database tooks: 302.5843ms
[2024-06-19 14:55:36.269] [micropagosdatabase] [middleware] [info] [1] Request took 304.1305ms
[2024-06-19 14:56:42.768] [micropagosdatabase] [middleware] [info] [9e6766b2a343] New petition received
[2024-06-19 14:56:42.768] [micropagosdatabase] [middleware] [trace] [9e6766b2a343] url: /masks/9e6766b2a343, method: GET
[2024-06-19 14:56:42.768] [micropagosdatabase] [handler] [info] [9e6766b2a343] starting to get the maskpatterns
[2024-06-19 14:56:42.768] [micropagosdatabase] [database] [trace] [9e6766b2a343] starting to get the mask patters
[2024-06-19 14:56:42.769] [micropagosdatabase] [database] [trace] [9e6766b2a343] this is the QUERY: SELECT ID, SHORTNUMBER, MASKPATTERN, MINLENGTH, MAXLENGTH, EXCLUDEPATTERN, DIRECTION, APPLICATION_ID FROM MASK; 
[2024-06-19 14:56:42.981] [micropagosdatabase] [database] [info] [9e6766b2a343] the query in the database tooks: 212.1046ms
[2024-06-19 14:56:42.982] [micropagosdatabase] [middleware] [info] [9e6766b2a343] Request took 213.6226ms
[2024-06-19 14:56:42.984] [micropagosdatabase] [middleware] [info] [6dfe4af06634] New petition received
[2024-06-19 14:56:42.984] [micropagosdatabase] [middleware] [trace] [6dfe4af06634] url: /usersInfo/6dfe4af06634, method: GET
[2024-06-19 14:56:42.984] [micropagosdatabase] [handler] [info] [6dfe4af06634] starting to get users info
[2024-06-19 14:56:42.984] [micropagosdatabase] [database] [trace] [6dfe4af06634] starting to get the users information
[2024-06-19 14:56:42.985] [micropagosdatabase] [database] [trace] [6dfe4af06634] this is the QUERY: SELECT u.id, u.username, u.password, u.lastlogin, d.name FROM user u JOIN domain d ON d.id = u.domain_id JOIN user_role AS ur ON ur.user_id = u.id JOIN role AS r ON r.id = ur.role_id WHERE r.name = 'webservice' AND r.system = 'raven'
[2024-06-19 14:56:43.270] [micropagosdatabase] [database] [info] [6dfe4af06634] the query in the database tooks: 285.276ms
[2024-06-19 14:56:43.271] [micropagosdatabase] [middleware] [info] [6dfe4af06634] Request took 286.4468ms
[2024-06-19 14:58:17.629] [micropagosdatabase] [middleware] [info] [5ee18b36e2ed] New petition received
[2024-06-19 14:58:17.629] [micropagosdatabase] [middleware] [trace] [5ee18b36e2ed] url: /masks/5ee18b36e2ed, method: GET
[2024-06-19 14:58:17.629] [micropagosdatabase] [handler] [info] [5ee18b36e2ed] starting to get the maskpatterns
[2024-06-19 14:58:17.629] [micropagosdatabase] [database] [trace] [5ee18b36e2ed] starting to get the mask patters
[2024-06-19 14:58:17.629] [micropagosdatabase] [database] [trace] [5ee18b36e2ed] this is the QUERY: SELECT ID, SHORTNUMBER, MASKPATTERN, MINLENGTH, MAXLENGTH, EXCLUDEPATTERN, DIRECTION, APPLICATION_ID FROM MASK; 
[2024-06-19 14:58:17.917] [micropagosdatabase] [database] [info] [5ee18b36e2ed] the query in the database tooks: 287.6554ms
[2024-06-19 14:58:17.917] [micropagosdatabase] [middleware] [info] [5ee18b36e2ed] Request took 288.4264ms
[2024-06-19 14:58:17.920] [micropagosdatabase] [middleware] [info] [f8c3d8d8fe62] New petition received
[2024-06-19 14:58:17.920] [micropagosdatabase] [middleware] [trace] [f8c3d8d8fe62] url: /usersInfo/f8c3d8d8fe62, method: GET
[2024-06-19 14:58:17.920] [micropagosdatabase] [handler] [info] [f8c3d8d8fe62] starting to get users info
[2024-06-19 14:58:17.920] [micropagosdatabase] [database] [trace] [f8c3d8d8fe62] starting to get the users information
[2024-06-19 14:58:17.921] [micropagosdatabase] [database] [trace] [f8c3d8d8fe62] this is the QUERY: SELECT u.id, u.username, u.password, u.lastlogin, d.name FROM user u JOIN domain d ON d.id = u.domain_id JOIN user_role AS ur ON ur.user_id = u.id JOIN role AS r ON r.id = ur.role_id WHERE r.name = 'webservice' AND r.system = 'raven'
[2024-06-19 14:58:18.160] [micropagosdatabase] [database] [info] [f8c3d8d8fe62] the query in the database tooks: 239.4107ms
[2024-06-19 14:58:18.160] [micropagosdatabase] [middleware] [info] [f8c3d8d8fe62] Request took 239.9747ms
