[2024-06-19 15:00:17.611] [micropagosdatabase] [middleware] [info] [10702470474f] New petition received
[2024-06-19 15:00:17.611] [micropagosdatabase] [middleware] [trace] [10702470474f] url: /masks/10702470474f, method: GET
[2024-06-19 15:00:17.611] [micropagosdatabase] [handler] [info] [10702470474f] starting to get the maskpatterns
[2024-06-19 15:00:17.612] [micropagosdatabase] [database] [trace] [10702470474f] starting to get the mask patters
[2024-06-19 15:00:17.612] [micropagosdatabase] [database] [trace] [10702470474f] this is the QUERY: SELECT ID, SHORTNUMBER, MASKPATTERN, MINLENGTH, MAXLENGTH, EXCLUDEPATTERN, DIRECTION, APPLICATION_ID FROM MASK; 
[2024-06-19 15:00:17.834] [micropagosdatabase] [database] [info] [10702470474f] the query in the database tooks: 222.1102ms
[2024-06-19 15:00:17.834] [micropagosdatabase] [middleware] [info] [10702470474f] Request took 223.1597ms
[2024-06-19 15:00:17.837] [micropagosdatabase] [middleware] [info] [cf961cc7fb91] New petition received
[2024-06-19 15:00:17.838] [micropagosdatabase] [middleware] [trace] [cf961cc7fb91] url: /usersInfo/cf961cc7fb91, method: GET
[2024-06-19 15:00:17.838] [micropagosdatabase] [handler] [info] [cf961cc7fb91] starting to get users info
[2024-06-19 15:00:17.838] [micropagosdatabase] [database] [trace] [cf961cc7fb91] starting to get the users information
[2024-06-19 15:00:17.838] [micropagosdatabase] [database] [trace] [cf961cc7fb91] this is the QUERY: SELECT u.id, u.username, u.password, u.lastlogin, d.name FROM user u JOIN domain d ON d.id = u.domain_id JOIN user_role AS ur ON ur.user_id = u.id JOIN role AS r ON r.id = ur.role_id WHERE r.name = 'webservice' AND r.system = 'raven'
[2024-06-19 15:00:18.053] [micropagosdatabase] [database] [info] [cf961cc7fb91] the query in the database tooks: 215.5633ms
[2024-06-19 15:00:18.053] [micropagosdatabase] [middleware] [info] [cf961cc7fb91] Request took 216.1008ms
[2024-06-19 15:02:17.604] [micropagosdatabase] [middleware] [info] [9b2aa533ec53] New petition received
[2024-06-19 15:02:17.605] [micropagosdatabase] [middleware] [trace] [9b2aa533ec53] url: /masks/9b2aa533ec53, method: GET
[2024-06-19 15:02:17.605] [micropagosdatabase] [handler] [info] [9b2aa533ec53] starting to get the maskpatterns
[2024-06-19 15:02:17.605] [micropagosdatabase] [database] [trace] [9b2aa533ec53] starting to get the mask patters
[2024-06-19 15:02:17.605] [micropagosdatabase] [database] [trace] [9b2aa533ec53] this is the QUERY: SELECT ID, SHORTNUMBER, MASKPATTERN, MINLENGTH, MAXLENGTH, EXCLUDEPATTERN, DIRECTION, APPLICATION_ID FROM MASK; 
[2024-06-19 15:02:17.818] [micropagosdatabase] [database] [info] [9b2aa533ec53] the query in the database tooks: 212.6636ms
[2024-06-19 15:02:17.818] [micropagosdatabase] [middleware] [info] [9b2aa533ec53] Request took 213.7582ms
[2024-06-19 15:02:17.821] [micropagosdatabase] [middleware] [info] [9c4f0f5b0f8d] New petition received
[2024-06-19 15:02:17.821] [micropagosdatabase] [middleware] [trace] [9c4f0f5b0f8d] url: /usersInfo/9c4f0f5b0f8d, method: GET
[2024-06-19 15:02:17.821] [micropagosdatabase] [handler] [info] [9c4f0f5b0f8d] starting to get users info
[2024-06-19 15:02:17.821] [micropagosdatabase] [database] [trace] [9c4f0f5b0f8d] starting to get the users information
[2024-06-19 15:02:17.821] [micropagosdatabase] [database] [trace] [9c4f0f5b0f8d] this is the QUERY: SELECT u.id, u.username, u.password, u.lastlogin, d.name FROM user u JOIN domain d ON d.id = u.domain_id JOIN user_role AS ur ON ur.user_id = u.id JOIN role AS r ON r.id = ur.role_id WHERE r.name = 'webservice' AND r.system = 'raven'
[2024-06-19 15:02:18.111] [micropagosdatabase] [database] [info] [9c4f0f5b0f8d] the query in the database tooks: 289.1755ms
[2024-06-19 15:02:18.111] [micropagosdatabase] [middleware] [info] [9c4f0f5b0f8d] Request took 290.157ms
[2024-06-19 15:04:17.601] [micropagosdatabase] [middleware] [info] [8dd74edace71] New petition received
[2024-06-19 15:04:17.601] [micropagosdatabase] [middleware] [trace] [8dd74edace71] url: /masks/8dd74edace71, method: GET
[2024-06-19 15:04:17.602] [micropagosdatabase] [handler] [info] [8dd74edace71] starting to get the maskpatterns
[2024-06-19 15:04:17.602] [micropagosdatabase] [database] [trace] [8dd74edace71] starting to get the mask patters
[2024-06-19 15:04:17.602] [micropagosdatabase] [database] [trace] [8dd74edace71] this is the QUERY: SELECT ID, SHORTNUMBER, MASKPATTERN, MINLENGTH, MAXLENGTH, EXCLUDEPATTERN, DIRECTION, APPLICATION_ID FROM MASK; 
[2024-06-19 15:04:17.826] [micropagosdatabase] [database] [info] [8dd74edace71] the query in the database tooks: 223.9081ms
[2024-06-19 15:04:17.826] [micropagosdatabase] [middleware] [info] [8dd74edace71] Request took 224.6884ms
[2024-06-19 15:04:17.828] [micropagosdatabase] [middleware] [info] [f07ceb20defe] New petition received
[2024-06-19 15:04:17.828] [micropagosdatabase] [middleware] [trace] [f07ceb20defe] url: /usersInfo/f07ceb20defe, method: GET
[2024-06-19 15:04:17.828] [micropagosdatabase] [handler] [info] [f07ceb20defe] starting to get users info
[2024-06-19 15:04:17.829] [micropagosdatabase] [database] [trace] [f07ceb20defe] starting to get the users information
[2024-06-19 15:04:17.829] [micropagosdatabase] [database] [trace] [f07ceb20defe] this is the QUERY: SELECT u.id, u.username, u.password, u.lastlogin, d.name FROM user u JOIN domain d ON d.id = u.domain_id JOIN user_role AS ur ON ur.user_id = u.id JOIN role AS r ON r.id = ur.role_id WHERE r.name = 'webservice' AND r.system = 'raven'
[2024-06-19 15:04:18.114] [micropagosdatabase] [database] [info] [f07ceb20defe] the query in the database tooks: 285.1435ms
[2024-06-19 15:04:18.115] [micropagosdatabase] [middleware] [info] [f07ceb20defe] Request took 286.129ms
[2024-06-19 15:06:17.609] [micropagosdatabase] [middleware] [info] [04130ed9e1bb] New petition received
[2024-06-19 15:06:17.609] [micropagosdatabase] [middleware] [trace] [04130ed9e1bb] url: /masks/04130ed9e1bb, method: GET
[2024-06-19 15:06:17.609] [micropagosdatabase] [handler] [info] [04130ed9e1bb] starting to get the maskpatterns
[2024-06-19 15:06:17.609] [micropagosdatabase] [database] [trace] [04130ed9e1bb] starting to get the mask patters
[2024-06-19 15:06:17.609] [micropagosdatabase] [database] [trace] [04130ed9e1bb] this is the QUERY: SELECT ID, SHORTNUMBER, MASKPATTERN, MINLENGTH, MAXLENGTH, EXCLUDEPATTERN, DIRECTION, APPLICATION_ID FROM MASK; 
[2024-06-19 15:06:17.853] [micropagosdatabase] [database] [info] [04130ed9e1bb] the query in the database tooks: 243.5322ms
[2024-06-19 15:06:17.853] [micropagosdatabase] [middleware] [info] [04130ed9e1bb] Request took 244.2379ms
[2024-06-19 15:06:17.856] [micropagosdatabase] [middleware] [info] [144ebb854052] New petition received
[2024-06-19 15:06:17.857] [micropagosdatabase] [middleware] [trace] [144ebb854052] url: /usersInfo/144ebb854052, method: GET
[2024-06-19 15:06:17.857] [micropagosdatabase] [handler] [info] [144ebb854052] starting to get users info
[2024-06-19 15:06:17.857] [micropagosdatabase] [database] [trace] [144ebb854052] starting to get the users information
[2024-06-19 15:06:17.857] [micropagosdatabase] [database] [trace] [144ebb854052] this is the QUERY: SELECT u.id, u.username, u.password, u.lastlogin, d.name FROM user u JOIN domain d ON d.id = u.domain_id JOIN user_role AS ur ON ur.user_id = u.id JOIN role AS r ON r.id = ur.role_id WHERE r.name = 'webservice' AND r.system = 'raven'
[2024-06-19 15:06:18.148] [micropagosdatabase] [database] [info] [144ebb854052] the query in the database tooks: 290.6465ms
[2024-06-19 15:06:18.149] [micropagosdatabase] [middleware] [info] [144ebb854052] Request took 292.2698ms
[2024-06-19 15:08:17.605] [micropagosdatabase] [middleware] [info] [c704401cbdfc] New petition received
[2024-06-19 15:08:17.605] [micropagosdatabase] [middleware] [trace] [c704401cbdfc] url: /masks/c704401cbdfc, method: GET
[2024-06-19 15:08:17.605] [micropagosdatabase] [handler] [info] [c704401cbdfc] starting to get the maskpatterns
[2024-06-19 15:08:17.606] [micropagosdatabase] [database] [trace] [c704401cbdfc] starting to get the mask patters
[2024-06-19 15:08:17.606] [micropagosdatabase] [database] [trace] [c704401cbdfc] this is the QUERY: SELECT ID, SHORTNUMBER, MASKPATTERN, MINLENGTH, MAXLENGTH, EXCLUDEPATTERN, DIRECTION, APPLICATION_ID FROM MASK; 
[2024-06-19 15:08:17.832] [micropagosdatabase] [database] [info] [c704401cbdfc] the query in the database tooks: 226.1908ms
[2024-06-19 15:08:17.832] [micropagosdatabase] [middleware] [info] [c704401cbdfc] Request took 226.7231ms
[2024-06-19 15:08:17.836] [micropagosdatabase] [middleware] [info] [78c3e315036c] New petition received
[2024-06-19 15:08:17.836] [micropagosdatabase] [middleware] [trace] [78c3e315036c] url: /usersInfo/78c3e315036c, method: GET
[2024-06-19 15:08:17.836] [micropagosdatabase] [handler] [info] [78c3e315036c] starting to get users info
[2024-06-19 15:08:17.836] [micropagosdatabase] [database] [trace] [78c3e315036c] starting to get the users information
[2024-06-19 15:08:17.836] [micropagosdatabase] [database] [trace] [78c3e315036c] this is the QUERY: SELECT u.id, u.username, u.password, u.lastlogin, d.name FROM user u JOIN domain d ON d.id = u.domain_id JOIN user_role AS ur ON ur.user_id = u.id JOIN role AS r ON r.id = ur.role_id WHERE r.name = 'webservice' AND r.system = 'raven'
[2024-06-19 15:08:18.140] [micropagosdatabase] [database] [info] [78c3e315036c] the query in the database tooks: 304.0028ms
[2024-06-19 15:08:18.141] [micropagosdatabase] [middleware] [info] [78c3e315036c] Request took 305.1707ms
[2024-06-19 15:10:17.601] [micropagosdatabase] [middleware] [info] [22ae6ec720e3] New petition received
[2024-06-19 15:10:17.602] [micropagosdatabase] [middleware] [trace] [22ae6ec720e3] url: /masks/22ae6ec720e3, method: GET
[2024-06-19 15:10:17.602] [micropagosdatabase] [handler] [info] [22ae6ec720e3] starting to get the maskpatterns
[2024-06-19 15:10:17.602] [micropagosdatabase] [database] [trace] [22ae6ec720e3] starting to get the mask patters
[2024-06-19 15:10:17.602] [micropagosdatabase] [database] [trace] [22ae6ec720e3] this is the QUERY: SELECT ID, SHORTNUMBER, MASKPATTERN, MINLENGTH, MAXLENGTH, EXCLUDEPATTERN, DIRECTION, APPLICATION_ID FROM MASK; 
[2024-06-19 15:10:17.825] [micropagosdatabase] [database] [info] [22ae6ec720e3] the query in the database tooks: 223.6249ms
[2024-06-19 15:10:17.826] [micropagosdatabase] [middleware] [info] [22ae6ec720e3] Request took 224.6838ms
[2024-06-19 15:10:17.829] [micropagosdatabase] [middleware] [info] [e82ee91cfa4f] New petition received
[2024-06-19 15:10:17.829] [micropagosdatabase] [middleware] [trace] [e82ee91cfa4f] url: /usersInfo/e82ee91cfa4f, method: GET
[2024-06-19 15:10:17.829] [micropagosdatabase] [handler] [info] [e82ee91cfa4f] starting to get users info
[2024-06-19 15:10:17.829] [micropagosdatabase] [database] [trace] [e82ee91cfa4f] starting to get the users information
[2024-06-19 15:10:17.830] [micropagosdatabase] [database] [trace] [e82ee91cfa4f] this is the QUERY: SELECT u.id, u.username, u.password, u.lastlogin, d.name FROM user u JOIN domain d ON d.id = u.domain_id JOIN user_role AS ur ON ur.user_id = u.id JOIN role AS r ON r.id = ur.role_id WHERE r.name = 'webservice' AND r.system = 'raven'
[2024-06-19 15:10:18.125] [micropagosdatabase] [database] [info] [e82ee91cfa4f] the query in the database tooks: 295.9457ms
[2024-06-19 15:10:18.128] [micropagosdatabase] [middleware] [info] [e82ee91cfa4f] Request took 299.0505ms
[2024-06-19 15:12:17.605] [micropagosdatabase] [middleware] [info] [527bbf42ed13] New petition received
[2024-06-19 15:12:17.605] [micropagosdatabase] [middleware] [trace] [527bbf42ed13] url: /masks/527bbf42ed13, method: GET
[2024-06-19 15:12:17.605] [micropagosdatabase] [handler] [info] [527bbf42ed13] starting to get the maskpatterns
[2024-06-19 15:12:17.605] [micropagosdatabase] [database] [trace] [527bbf42ed13] starting to get the mask patters
[2024-06-19 15:12:17.605] [micropagosdatabase] [database] [trace] [527bbf42ed13] this is the QUERY: SELECT ID, SHORTNUMBER, MASKPATTERN, MINLENGTH, MAXLENGTH, EXCLUDEPATTERN, DIRECTION, APPLICATION_ID FROM MASK; 
[2024-06-19 15:12:17.835] [micropagosdatabase] [database] [info] [527bbf42ed13] the query in the database tooks: 229.8301ms
[2024-06-19 15:12:17.836] [micropagosdatabase] [middleware] [info] [527bbf42ed13] Request took 231.2396ms
[2024-06-19 15:12:17.838] [micropagosdatabase] [middleware] [info] [e23cd72b8105] New petition received
[2024-06-19 15:12:17.839] [micropagosdatabase] [middleware] [trace] [e23cd72b8105] url: /usersInfo/e23cd72b8105, method: GET
[2024-06-19 15:12:17.839] [micropagosdatabase] [handler] [info] [e23cd72b8105] starting to get users info
[2024-06-19 15:12:17.839] [micropagosdatabase] [database] [trace] [e23cd72b8105] starting to get the users information
[2024-06-19 15:12:17.839] [micropagosdatabase] [database] [trace] [e23cd72b8105] this is the QUERY: SELECT u.id, u.username, u.password, u.lastlogin, d.name FROM user u JOIN domain d ON d.id = u.domain_id JOIN user_role AS ur ON ur.user_id = u.id JOIN role AS r ON r.id = ur.role_id WHERE r.name = 'webservice' AND r.system = 'raven'
[2024-06-19 15:12:18.070] [micropagosdatabase] [database] [info] [e23cd72b8105] the query in the database tooks: 230.8632ms
[2024-06-19 15:12:18.070] [micropagosdatabase] [middleware] [info] [e23cd72b8105] Request took 231.441ms
[2024-06-19 15:14:17.598] [micropagosdatabase] [middleware] [info] [4affc0e1f15a] New petition received
[2024-06-19 15:14:17.599] [micropagosdatabase] [middleware] [trace] [4affc0e1f15a] url: /masks/4affc0e1f15a, method: GET
[2024-06-19 15:14:17.599] [micropagosdatabase] [handler] [info] [4affc0e1f15a] starting to get the maskpatterns
[2024-06-19 15:14:17.599] [micropagosdatabase] [database] [trace] [4affc0e1f15a] starting to get the mask patters
[2024-06-19 15:14:17.599] [micropagosdatabase] [database] [trace] [4affc0e1f15a] this is the QUERY: SELECT ID, SHORTNUMBER, MASKPATTERN, MINLENGTH, MAXLENGTH, EXCLUDEPATTERN, DIRECTION, APPLICATION_ID FROM MASK; 
[2024-06-19 15:14:17.854] [micropagosdatabase] [database] [info] [4affc0e1f15a] the query in the database tooks: 255.7075ms
[2024-06-19 15:14:17.855] [micropagosdatabase] [middleware] [info] [4affc0e1f15a] Request took 256.9535ms
[2024-06-19 15:14:17.858] [micropagosdatabase] [middleware] [info] [5a0fbff1c894] New petition received
[2024-06-19 15:14:17.858] [micropagosdatabase] [middleware] [trace] [5a0fbff1c894] url: /usersInfo/5a0fbff1c894, method: GET
[2024-06-19 15:14:17.858] [micropagosdatabase] [handler] [info] [5a0fbff1c894] starting to get users info
[2024-06-19 15:14:17.858] [micropagosdatabase] [database] [trace] [5a0fbff1c894] starting to get the users information
[2024-06-19 15:14:17.858] [micropagosdatabase] [database] [trace] [5a0fbff1c894] this is the QUERY: SELECT u.id, u.username, u.password, u.lastlogin, d.name FROM user u JOIN domain d ON d.id = u.domain_id JOIN user_role AS ur ON ur.user_id = u.id JOIN role AS r ON r.id = ur.role_id WHERE r.name = 'webservice' AND r.system = 'raven'
[2024-06-19 15:14:18.097] [micropagosdatabase] [database] [info] [5a0fbff1c894] the query in the database tooks: 238.3026ms
[2024-06-19 15:14:18.097] [micropagosdatabase] [middleware] [info] [5a0fbff1c894] Request took 238.8225ms
[2024-06-19 15:16:20.762] [micropagosdatabase] [middleware] [info] [4604f31001d3] New petition received
[2024-06-19 15:16:20.762] [micropagosdatabase] [middleware] [trace] [4604f31001d3] url: /masks/4604f31001d3, method: GET
[2024-06-19 15:16:20.762] [micropagosdatabase] [handler] [info] [4604f31001d3] starting to get the maskpatterns
[2024-06-19 15:16:20.762] [micropagosdatabase] [database] [trace] [4604f31001d3] starting to get the mask patters
[2024-06-19 15:16:20.762] [micropagosdatabase] [database] [trace] [4604f31001d3] this is the QUERY: SELECT ID, SHORTNUMBER, MASKPATTERN, MINLENGTH, MAXLENGTH, EXCLUDEPATTERN, DIRECTION, APPLICATION_ID FROM MASK; 
[2024-06-19 15:16:21.065] [micropagosdatabase] [database] [info] [4604f31001d3] the query in the database tooks: 303.4058ms
[2024-06-19 15:16:21.065] [micropagosdatabase] [middleware] [info] [4604f31001d3] Request took 303.4058ms
[2024-06-19 15:16:21.068] [micropagosdatabase] [middleware] [info] [052eab3cf7d1] New petition received
[2024-06-19 15:16:21.068] [micropagosdatabase] [middleware] [trace] [052eab3cf7d1] url: /usersInfo/052eab3cf7d1, method: GET
[2024-06-19 15:16:21.069] [micropagosdatabase] [handler] [info] [052eab3cf7d1] starting to get users info
[2024-06-19 15:16:21.069] [micropagosdatabase] [database] [trace] [052eab3cf7d1] starting to get the users information
[2024-06-19 15:16:21.069] [micropagosdatabase] [database] [trace] [052eab3cf7d1] this is the QUERY: SELECT u.id, u.username, u.password, u.lastlogin, d.name FROM user u JOIN domain d ON d.id = u.domain_id JOIN user_role AS ur ON ur.user_id = u.id JOIN role AS r ON r.id = ur.role_id WHERE r.name = 'webservice' AND r.system = 'raven'
[2024-06-19 15:16:21.300] [micropagosdatabase] [database] [info] [052eab3cf7d1] the query in the database tooks: 231.0149ms
[2024-06-19 15:16:21.300] [micropagosdatabase] [middleware] [info] [052eab3cf7d1] Request took 231.6769ms
[2024-06-19 15:18:20.661] [micropagosdatabase] [middleware] [info] [9622834147a0] New petition received
[2024-06-19 15:18:20.662] [micropagosdatabase] [middleware] [trace] [9622834147a0] url: /masks/9622834147a0, method: GET
[2024-06-19 15:18:20.662] [micropagosdatabase] [handler] [info] [9622834147a0] starting to get the maskpatterns
[2024-06-19 15:18:20.662] [micropagosdatabase] [database] [trace] [9622834147a0] starting to get the mask patters
[2024-06-19 15:18:20.662] [micropagosdatabase] [database] [trace] [9622834147a0] this is the QUERY: SELECT ID, SHORTNUMBER, MASKPATTERN, MINLENGTH, MAXLENGTH, EXCLUDEPATTERN, DIRECTION, APPLICATION_ID FROM MASK; 
[2024-06-19 15:18:20.888] [micropagosdatabase] [database] [info] [9622834147a0] the query in the database tooks: 225.2782ms
[2024-06-19 15:18:20.888] [micropagosdatabase] [middleware] [info] [9622834147a0] Request took 227.2107ms
[2024-06-19 15:18:20.892] [micropagosdatabase] [middleware] [info] [a410c2e2a7ab] New petition received
[2024-06-19 15:18:20.892] [micropagosdatabase] [middleware] [trace] [a410c2e2a7ab] url: /usersInfo/a410c2e2a7ab, method: GET
[2024-06-19 15:18:20.892] [micropagosdatabase] [handler] [info] [a410c2e2a7ab] starting to get users info
[2024-06-19 15:18:20.892] [micropagosdatabase] [database] [trace] [a410c2e2a7ab] starting to get the users information
[2024-06-19 15:18:20.892] [micropagosdatabase] [database] [trace] [a410c2e2a7ab] this is the QUERY: SELECT u.id, u.username, u.password, u.lastlogin, d.name FROM user u JOIN domain d ON d.id = u.domain_id JOIN user_role AS ur ON ur.user_id = u.id JOIN role AS r ON r.id = ur.role_id WHERE r.name = 'webservice' AND r.system = 'raven'
[2024-06-19 15:18:21.195] [micropagosdatabase] [database] [info] [a410c2e2a7ab] the query in the database tooks: 302.4282ms
[2024-06-19 15:18:21.195] [micropagosdatabase] [middleware] [info] [a410c2e2a7ab] Request took 303.4204ms
[2024-06-19 15:20:20.662] [micropagosdatabase] [middleware] [info] [cdb8adbf8d58] New petition received
[2024-06-19 15:20:20.662] [micropagosdatabase] [middleware] [trace] [cdb8adbf8d58] url: /masks/cdb8adbf8d58, method: GET
[2024-06-19 15:20:20.663] [micropagosdatabase] [handler] [info] [cdb8adbf8d58] starting to get the maskpatterns
[2024-06-19 15:20:20.663] [micropagosdatabase] [database] [trace] [cdb8adbf8d58] starting to get the mask patters
[2024-06-19 15:20:20.663] [micropagosdatabase] [database] [trace] [cdb8adbf8d58] this is the QUERY: SELECT ID, SHORTNUMBER, MASKPATTERN, MINLENGTH, MAXLENGTH, EXCLUDEPATTERN, DIRECTION, APPLICATION_ID FROM MASK; 
[2024-06-19 15:20:20.958] [micropagosdatabase] [database] [info] [cdb8adbf8d58] the query in the database tooks: 294.8017ms
[2024-06-19 15:20:20.958] [micropagosdatabase] [middleware] [info] [cdb8adbf8d58] Request took 295.8666ms
[2024-06-19 15:20:20.964] [micropagosdatabase] [middleware] [info] [cdc1609639f5] New petition received
[2024-06-19 15:20:20.965] [micropagosdatabase] [middleware] [trace] [cdc1609639f5] url: /usersInfo/cdc1609639f5, method: GET
[2024-06-19 15:20:20.965] [micropagosdatabase] [handler] [info] [cdc1609639f5] starting to get users info
[2024-06-19 15:20:20.966] [micropagosdatabase] [database] [trace] [cdc1609639f5] starting to get the users information
[2024-06-19 15:20:20.966] [micropagosdatabase] [database] [trace] [cdc1609639f5] this is the QUERY: SELECT u.id, u.username, u.password, u.lastlogin, d.name FROM user u JOIN domain d ON d.id = u.domain_id JOIN user_role AS ur ON ur.user_id = u.id JOIN role AS r ON r.id = ur.role_id WHERE r.name = 'webservice' AND r.system = 'raven'
[2024-06-19 15:20:21.251] [micropagosdatabase] [database] [info] [cdc1609639f5] the query in the database tooks: 284.966ms
[2024-06-19 15:20:21.253] [micropagosdatabase] [middleware] [info] [cdc1609639f5] Request took 288.7139ms
[2024-06-19 15:22:20.663] [micropagosdatabase] [middleware] [info] [f1acb380fbbd] New petition received
[2024-06-19 15:22:20.664] [micropagosdatabase] [middleware] [trace] [f1acb380fbbd] url: /masks/f1acb380fbbd, method: GET
[2024-06-19 15:22:20.664] [micropagosdatabase] [handler] [info] [f1acb380fbbd] starting to get the maskpatterns
[2024-06-19 15:22:20.664] [micropagosdatabase] [database] [trace] [f1acb380fbbd] starting to get the mask patters
[2024-06-19 15:22:20.664] [micropagosdatabase] [database] [trace] [f1acb380fbbd] this is the QUERY: SELECT ID, SHORTNUMBER, MASKPATTERN, MINLENGTH, MAXLENGTH, EXCLUDEPATTERN, DIRECTION, APPLICATION_ID FROM MASK; 
[2024-06-19 15:22:20.895] [micropagosdatabase] [database] [info] [f1acb380fbbd] the query in the database tooks: 231.651ms
[2024-06-19 15:22:20.896] [micropagosdatabase] [middleware] [info] [f1acb380fbbd] Request took 232.4153ms
[2024-06-19 15:22:20.899] [micropagosdatabase] [middleware] [info] [4c957bbef8e8] New petition received
[2024-06-19 15:22:20.899] [micropagosdatabase] [middleware] [trace] [4c957bbef8e8] url: /usersInfo/4c957bbef8e8, method: GET
[2024-06-19 15:22:20.899] [micropagosdatabase] [handler] [info] [4c957bbef8e8] starting to get users info
[2024-06-19 15:22:20.899] [micropagosdatabase] [database] [trace] [4c957bbef8e8] starting to get the users information
[2024-06-19 15:22:20.899] [micropagosdatabase] [database] [trace] [4c957bbef8e8] this is the QUERY: SELECT u.id, u.username, u.password, u.lastlogin, d.name FROM user u JOIN domain d ON d.id = u.domain_id JOIN user_role AS ur ON ur.user_id = u.id JOIN role AS r ON r.id = ur.role_id WHERE r.name = 'webservice' AND r.system = 'raven'
[2024-06-19 15:22:21.192] [micropagosdatabase] [database] [info] [4c957bbef8e8] the query in the database tooks: 292.5269ms
[2024-06-19 15:22:21.192] [micropagosdatabase] [middleware] [info] [4c957bbef8e8] Request took 293.5966ms
[2024-06-19 15:24:20.663] [micropagosdatabase] [middleware] [info] [67a1b033c5cc] New petition received
[2024-06-19 15:24:20.663] [micropagosdatabase] [middleware] [trace] [67a1b033c5cc] url: /masks/67a1b033c5cc, method: GET
[2024-06-19 15:24:20.663] [micropagosdatabase] [handler] [info] [67a1b033c5cc] starting to get the maskpatterns
[2024-06-19 15:24:20.663] [micropagosdatabase] [database] [trace] [67a1b033c5cc] starting to get the mask patters
[2024-06-19 15:24:20.664] [micropagosdatabase] [database] [trace] [67a1b033c5cc] this is the QUERY: SELECT ID, SHORTNUMBER, MASKPATTERN, MINLENGTH, MAXLENGTH, EXCLUDEPATTERN, DIRECTION, APPLICATION_ID FROM MASK; 
[2024-06-19 15:24:20.883] [micropagosdatabase] [database] [info] [67a1b033c5cc] the query in the database tooks: 219.4372ms
[2024-06-19 15:24:20.883] [micropagosdatabase] [middleware] [info] [67a1b033c5cc] Request took 220.3101ms
[2024-06-19 15:24:20.886] [micropagosdatabase] [middleware] [info] [218b0c46ae9d] New petition received
[2024-06-19 15:24:20.886] [micropagosdatabase] [middleware] [trace] [218b0c46ae9d] url: /usersInfo/218b0c46ae9d, method: GET
[2024-06-19 15:24:20.886] [micropagosdatabase] [handler] [info] [218b0c46ae9d] starting to get users info
[2024-06-19 15:24:20.887] [micropagosdatabase] [database] [trace] [218b0c46ae9d] starting to get the users information
[2024-06-19 15:24:20.887] [micropagosdatabase] [database] [trace] [218b0c46ae9d] this is the QUERY: SELECT u.id, u.username, u.password, u.lastlogin, d.name FROM user u JOIN domain d ON d.id = u.domain_id JOIN user_role AS ur ON ur.user_id = u.id JOIN role AS r ON r.id = ur.role_id WHERE r.name = 'webservice' AND r.system = 'raven'
[2024-06-19 15:24:21.192] [micropagosdatabase] [database] [info] [218b0c46ae9d] the query in the database tooks: 304.6587ms
[2024-06-19 15:24:21.193] [micropagosdatabase] [middleware] [info] [218b0c46ae9d] Request took 306.1929ms
[2024-06-19 15:26:20.664] [micropagosdatabase] [middleware] [info] [6986d5a2b6ba] New petition received
[2024-06-19 15:26:20.664] [micropagosdatabase] [middleware] [trace] [6986d5a2b6ba] url: /masks/6986d5a2b6ba, method: GET
[2024-06-19 15:26:20.664] [micropagosdatabase] [handler] [info] [6986d5a2b6ba] starting to get the maskpatterns
[2024-06-19 15:26:20.664] [micropagosdatabase] [database] [trace] [6986d5a2b6ba] starting to get the mask patters
[2024-06-19 15:26:20.664] [micropagosdatabase] [database] [trace] [6986d5a2b6ba] this is the QUERY: SELECT ID, SHORTNUMBER, MASKPATTERN, MINLENGTH, MAXLENGTH, EXCLUDEPATTERN, DIRECTION, APPLICATION_ID FROM MASK; 
[2024-06-19 15:26:20.887] [micropagosdatabase] [database] [info] [6986d5a2b6ba] the query in the database tooks: 222.3335ms
[2024-06-19 15:26:20.888] [micropagosdatabase] [middleware] [info] [6986d5a2b6ba] Request took 224.3616ms
[2024-06-19 15:26:20.890] [micropagosdatabase] [middleware] [info] [9c305d072f8e] New petition received
[2024-06-19 15:26:20.891] [micropagosdatabase] [middleware] [trace] [9c305d072f8e] url: /usersInfo/9c305d072f8e, method: GET
[2024-06-19 15:26:20.891] [micropagosdatabase] [handler] [info] [9c305d072f8e] starting to get users info
[2024-06-19 15:26:20.891] [micropagosdatabase] [database] [trace] [9c305d072f8e] starting to get the users information
[2024-06-19 15:26:20.891] [micropagosdatabase] [database] [trace] [9c305d072f8e] this is the QUERY: SELECT u.id, u.username, u.password, u.lastlogin, d.name FROM user u JOIN domain d ON d.id = u.domain_id JOIN user_role AS ur ON ur.user_id = u.id JOIN role AS r ON r.id = ur.role_id WHERE r.name = 'webservice' AND r.system = 'raven'
[2024-06-19 15:26:21.176] [micropagosdatabase] [database] [info] [9c305d072f8e] the query in the database tooks: 284.6169ms
[2024-06-19 15:26:21.176] [micropagosdatabase] [middleware] [info] [9c305d072f8e] Request took 285.8253ms
[2024-06-19 15:28:20.662] [micropagosdatabase] [middleware] [info] [47b07db6181b] New petition received
[2024-06-19 15:28:20.662] [micropagosdatabase] [middleware] [trace] [47b07db6181b] url: /masks/47b07db6181b, method: GET
[2024-06-19 15:28:20.662] [micropagosdatabase] [handler] [info] [47b07db6181b] starting to get the maskpatterns
[2024-06-19 15:28:20.662] [micropagosdatabase] [database] [trace] [47b07db6181b] starting to get the mask patters
[2024-06-19 15:28:20.662] [micropagosdatabase] [database] [trace] [47b07db6181b] this is the QUERY: SELECT ID, SHORTNUMBER, MASKPATTERN, MINLENGTH, MAXLENGTH, EXCLUDEPATTERN, DIRECTION, APPLICATION_ID FROM MASK; 
[2024-06-19 15:28:20.889] [micropagosdatabase] [database] [info] [47b07db6181b] the query in the database tooks: 226.8404ms
[2024-06-19 15:28:20.890] [micropagosdatabase] [middleware] [info] [47b07db6181b] Request took 228.2203ms
[2024-06-19 15:28:20.892] [micropagosdatabase] [middleware] [info] [9e897deff737] New petition received
[2024-06-19 15:28:20.893] [micropagosdatabase] [middleware] [trace] [9e897deff737] url: /usersInfo/9e897deff737, method: GET
[2024-06-19 15:28:20.893] [micropagosdatabase] [handler] [info] [9e897deff737] starting to get users info
[2024-06-19 15:28:20.893] [micropagosdatabase] [database] [trace] [9e897deff737] starting to get the users information
[2024-06-19 15:28:20.893] [micropagosdatabase] [database] [trace] [9e897deff737] this is the QUERY: SELECT u.id, u.username, u.password, u.lastlogin, d.name FROM user u JOIN domain d ON d.id = u.domain_id JOIN user_role AS ur ON ur.user_id = u.id JOIN role AS r ON r.id = ur.role_id WHERE r.name = 'webservice' AND r.system = 'raven'
[2024-06-19 15:28:21.190] [micropagosdatabase] [database] [info] [9e897deff737] the query in the database tooks: 297.873ms
[2024-06-19 15:28:21.191] [micropagosdatabase] [middleware] [info] [9e897deff737] Request took 299.0218ms
[2024-06-19 15:30:20.666] [micropagosdatabase] [middleware] [info] [57d1ccd68c31] New petition received
[2024-06-19 15:30:20.666] [micropagosdatabase] [middleware] [trace] [57d1ccd68c31] url: /masks/57d1ccd68c31, method: GET
[2024-06-19 15:30:20.666] [micropagosdatabase] [handler] [info] [57d1ccd68c31] starting to get the maskpatterns
[2024-06-19 15:30:20.666] [micropagosdatabase] [database] [trace] [57d1ccd68c31] starting to get the mask patters
[2024-06-19 15:30:20.666] [micropagosdatabase] [database] [trace] [57d1ccd68c31] this is the QUERY: SELECT ID, SHORTNUMBER, MASKPATTERN, MINLENGTH, MAXLENGTH, EXCLUDEPATTERN, DIRECTION, APPLICATION_ID FROM MASK; 
[2024-06-19 15:30:20.901] [micropagosdatabase] [database] [info] [57d1ccd68c31] the query in the database tooks: 234.8152ms
[2024-06-19 15:30:20.901] [micropagosdatabase] [middleware] [info] [57d1ccd68c31] Request took 235.754ms
[2024-06-19 15:30:20.904] [micropagosdatabase] [middleware] [info] [357e50df2b20] New petition received
[2024-06-19 15:30:20.904] [micropagosdatabase] [middleware] [trace] [357e50df2b20] url: /usersInfo/357e50df2b20, method: GET
[2024-06-19 15:30:20.905] [micropagosdatabase] [handler] [info] [357e50df2b20] starting to get users info
[2024-06-19 15:30:20.905] [micropagosdatabase] [database] [trace] [357e50df2b20] starting to get the users information
[2024-06-19 15:30:20.905] [micropagosdatabase] [database] [trace] [357e50df2b20] this is the QUERY: SELECT u.id, u.username, u.password, u.lastlogin, d.name FROM user u JOIN domain d ON d.id = u.domain_id JOIN user_role AS ur ON ur.user_id = u.id JOIN role AS r ON r.id = ur.role_id WHERE r.name = 'webservice' AND r.system = 'raven'
[2024-06-19 15:30:21.209] [micropagosdatabase] [database] [info] [357e50df2b20] the query in the database tooks: 304.0634ms
[2024-06-19 15:30:21.209] [micropagosdatabase] [middleware] [info] [357e50df2b20] Request took 305.0491ms
[2024-06-19 15:32:20.669] [micropagosdatabase] [middleware] [info] [ea254765608d] New petition received
[2024-06-19 15:32:20.670] [micropagosdatabase] [middleware] [trace] [ea254765608d] url: /masks/ea254765608d, method: GET
[2024-06-19 15:32:20.670] [micropagosdatabase] [handler] [info] [ea254765608d] starting to get the maskpatterns
[2024-06-19 15:32:20.670] [micropagosdatabase] [database] [trace] [ea254765608d] starting to get the mask patters
[2024-06-19 15:32:20.670] [micropagosdatabase] [database] [trace] [ea254765608d] this is the QUERY: SELECT ID, SHORTNUMBER, MASKPATTERN, MINLENGTH, MAXLENGTH, EXCLUDEPATTERN, DIRECTION, APPLICATION_ID FROM MASK; 
[2024-06-19 15:32:20.889] [micropagosdatabase] [database] [info] [ea254765608d] the query in the database tooks: 219.3325ms
[2024-06-19 15:32:20.890] [micropagosdatabase] [middleware] [info] [ea254765608d] Request took 220.3397ms
[2024-06-19 15:32:20.893] [micropagosdatabase] [middleware] [info] [b7f32ca40993] New petition received
[2024-06-19 15:32:20.893] [micropagosdatabase] [middleware] [trace] [b7f32ca40993] url: /usersInfo/b7f32ca40993, method: GET
[2024-06-19 15:32:20.893] [micropagosdatabase] [handler] [info] [b7f32ca40993] starting to get users info
[2024-06-19 15:32:20.893] [micropagosdatabase] [database] [trace] [b7f32ca40993] starting to get the users information
[2024-06-19 15:32:20.893] [micropagosdatabase] [database] [trace] [b7f32ca40993] this is the QUERY: SELECT u.id, u.username, u.password, u.lastlogin, d.name FROM user u JOIN domain d ON d.id = u.domain_id JOIN user_role AS ur ON ur.user_id = u.id JOIN role AS r ON r.id = ur.role_id WHERE r.name = 'webservice' AND r.system = 'raven'
[2024-06-19 15:32:21.185] [micropagosdatabase] [database] [info] [b7f32ca40993] the query in the database tooks: 291.5611ms
[2024-06-19 15:32:21.186] [micropagosdatabase] [middleware] [info] [b7f32ca40993] Request took 292.8187ms
[2024-06-19 15:34:20.666] [micropagosdatabase] [middleware] [info] [ea730dba3bb5] New petition received
[2024-06-19 15:34:20.666] [micropagosdatabase] [middleware] [trace] [ea730dba3bb5] url: /masks/ea730dba3bb5, method: GET
[2024-06-19 15:34:20.666] [micropagosdatabase] [handler] [info] [ea730dba3bb5] starting to get the maskpatterns
[2024-06-19 15:34:20.666] [micropagosdatabase] [database] [trace] [ea730dba3bb5] starting to get the mask patters
[2024-06-19 15:34:20.666] [micropagosdatabase] [database] [trace] [ea730dba3bb5] this is the QUERY: SELECT ID, SHORTNUMBER, MASKPATTERN, MINLENGTH, MAXLENGTH, EXCLUDEPATTERN, DIRECTION, APPLICATION_ID FROM MASK; 
[2024-06-19 15:34:20.907] [micropagosdatabase] [database] [info] [ea730dba3bb5] the query in the database tooks: 240.8026ms
[2024-06-19 15:34:20.908] [micropagosdatabase] [middleware] [info] [ea730dba3bb5] Request took 241.9806ms
[2024-06-19 15:34:20.910] [micropagosdatabase] [middleware] [info] [882a4b80e55e] New petition received
[2024-06-19 15:34:20.910] [micropagosdatabase] [middleware] [trace] [882a4b80e55e] url: /usersInfo/882a4b80e55e, method: GET
[2024-06-19 15:34:20.910] [micropagosdatabase] [handler] [info] [882a4b80e55e] starting to get users info
[2024-06-19 15:34:20.910] [micropagosdatabase] [database] [trace] [882a4b80e55e] starting to get the users information
[2024-06-19 15:34:20.911] [micropagosdatabase] [database] [trace] [882a4b80e55e] this is the QUERY: SELECT u.id, u.username, u.password, u.lastlogin, d.name FROM user u JOIN domain d ON d.id = u.domain_id JOIN user_role AS ur ON ur.user_id = u.id JOIN role AS r ON r.id = ur.role_id WHERE r.name = 'webservice' AND r.system = 'raven'
[2024-06-19 15:34:21.197] [micropagosdatabase] [database] [info] [882a4b80e55e] the query in the database tooks: 286.0638ms
[2024-06-19 15:34:21.197] [micropagosdatabase] [middleware] [info] [882a4b80e55e] Request took 286.664ms
[2024-06-19 15:36:20.665] [micropagosdatabase] [middleware] [info] [348826731ad5] New petition received
[2024-06-19 15:36:20.665] [micropagosdatabase] [middleware] [trace] [348826731ad5] url: /masks/348826731ad5, method: GET
[2024-06-19 15:36:20.665] [micropagosdatabase] [handler] [info] [348826731ad5] starting to get the maskpatterns
[2024-06-19 15:36:20.666] [micropagosdatabase] [database] [trace] [348826731ad5] starting to get the mask patters
[2024-06-19 15:36:20.666] [micropagosdatabase] [database] [trace] [348826731ad5] this is the QUERY: SELECT ID, SHORTNUMBER, MASKPATTERN, MINLENGTH, MAXLENGTH, EXCLUDEPATTERN, DIRECTION, APPLICATION_ID FROM MASK; 
[2024-06-19 15:36:20.887] [micropagosdatabase] [database] [info] [348826731ad5] the query in the database tooks: 220.9609ms
[2024-06-19 15:36:20.888] [micropagosdatabase] [middleware] [info] [348826731ad5] Request took 222.2822ms
[2024-06-19 15:36:20.890] [micropagosdatabase] [middleware] [info] [1c12730d6821] New petition received
[2024-06-19 15:36:20.894] [micropagosdatabase] [middleware] [trace] [1c12730d6821] url: /usersInfo/1c12730d6821, method: GET
[2024-06-19 15:36:20.894] [micropagosdatabase] [handler] [info] [1c12730d6821] starting to get users info
[2024-06-19 15:36:20.894] [micropagosdatabase] [database] [trace] [1c12730d6821] starting to get the users information
[2024-06-19 15:36:20.895] [micropagosdatabase] [database] [trace] [1c12730d6821] this is the QUERY: SELECT u.id, u.username, u.password, u.lastlogin, d.name FROM user u JOIN domain d ON d.id = u.domain_id JOIN user_role AS ur ON ur.user_id = u.id JOIN role AS r ON r.id = ur.role_id WHERE r.name = 'webservice' AND r.system = 'raven'
[2024-06-19 15:36:21.188] [micropagosdatabase] [database] [info] [1c12730d6821] the query in the database tooks: 292.9764ms
[2024-06-19 15:36:21.188] [micropagosdatabase] [middleware] [info] [1c12730d6821] Request took 298.1446ms
[2024-06-19 15:38:20.665] [micropagosdatabase] [middleware] [info] [7f8b616492f1] New petition received
[2024-06-19 15:38:20.665] [micropagosdatabase] [middleware] [trace] [7f8b616492f1] url: /masks/7f8b616492f1, method: GET
[2024-06-19 15:38:20.665] [micropagosdatabase] [handler] [info] [7f8b616492f1] starting to get the maskpatterns
[2024-06-19 15:38:20.665] [micropagosdatabase] [database] [trace] [7f8b616492f1] starting to get the mask patters
[2024-06-19 15:38:20.665] [micropagosdatabase] [database] [trace] [7f8b616492f1] this is the QUERY: SELECT ID, SHORTNUMBER, MASKPATTERN, MINLENGTH, MAXLENGTH, EXCLUDEPATTERN, DIRECTION, APPLICATION_ID FROM MASK; 
[2024-06-19 15:38:20.891] [micropagosdatabase] [database] [info] [7f8b616492f1] the query in the database tooks: 225.3033ms
[2024-06-19 15:38:20.891] [micropagosdatabase] [middleware] [info] [7f8b616492f1] Request took 226.0676ms
[2024-06-19 15:38:20.894] [micropagosdatabase] [middleware] [info] [c923a428ef2d] New petition received
[2024-06-19 15:38:20.894] [micropagosdatabase] [middleware] [trace] [c923a428ef2d] url: /usersInfo/c923a428ef2d, method: GET
[2024-06-19 15:38:20.894] [micropagosdatabase] [handler] [info] [c923a428ef2d] starting to get users info
[2024-06-19 15:38:20.894] [micropagosdatabase] [database] [trace] [c923a428ef2d] starting to get the users information
[2024-06-19 15:38:20.894] [micropagosdatabase] [database] [trace] [c923a428ef2d] this is the QUERY: SELECT u.id, u.username, u.password, u.lastlogin, d.name FROM user u JOIN domain d ON d.id = u.domain_id JOIN user_role AS ur ON ur.user_id = u.id JOIN role AS r ON r.id = ur.role_id WHERE r.name = 'webservice' AND r.system = 'raven'
[2024-06-19 15:38:21.187] [micropagosdatabase] [database] [info] [c923a428ef2d] the query in the database tooks: 293.1181ms
[2024-06-19 15:38:21.188] [micropagosdatabase] [middleware] [info] [c923a428ef2d] Request took 294.2019ms
[2024-06-19 15:40:20.661] [micropagosdatabase] [middleware] [info] [8ba56e86451d] New petition received
[2024-06-19 15:40:20.661] [micropagosdatabase] [middleware] [trace] [8ba56e86451d] url: /masks/8ba56e86451d, method: GET
[2024-06-19 15:40:20.662] [micropagosdatabase] [handler] [info] [8ba56e86451d] starting to get the maskpatterns
[2024-06-19 15:40:20.662] [micropagosdatabase] [database] [trace] [8ba56e86451d] starting to get the mask patters
[2024-06-19 15:40:20.662] [micropagosdatabase] [database] [trace] [8ba56e86451d] this is the QUERY: SELECT ID, SHORTNUMBER, MASKPATTERN, MINLENGTH, MAXLENGTH, EXCLUDEPATTERN, DIRECTION, APPLICATION_ID FROM MASK; 
[2024-06-19 15:40:20.886] [micropagosdatabase] [database] [info] [8ba56e86451d] the query in the database tooks: 224.7082ms
[2024-06-19 15:40:20.887] [micropagosdatabase] [middleware] [info] [8ba56e86451d] Request took 226.2492ms
[2024-06-19 15:40:20.890] [micropagosdatabase] [middleware] [info] [1a96a41533a4] New petition received
[2024-06-19 15:40:20.890] [micropagosdatabase] [middleware] [trace] [1a96a41533a4] url: /usersInfo/1a96a41533a4, method: GET
[2024-06-19 15:40:20.890] [micropagosdatabase] [handler] [info] [1a96a41533a4] starting to get users info
[2024-06-19 15:40:20.890] [micropagosdatabase] [database] [trace] [1a96a41533a4] starting to get the users information
[2024-06-19 15:40:20.890] [micropagosdatabase] [database] [trace] [1a96a41533a4] this is the QUERY: SELECT u.id, u.username, u.password, u.lastlogin, d.name FROM user u JOIN domain d ON d.id = u.domain_id JOIN user_role AS ur ON ur.user_id = u.id JOIN role AS r ON r.id = ur.role_id WHERE r.name = 'webservice' AND r.system = 'raven'
[2024-06-19 15:40:21.183] [micropagosdatabase] [database] [info] [1a96a41533a4] the query in the database tooks: 293.2219ms
[2024-06-19 15:40:21.184] [micropagosdatabase] [middleware] [info] [1a96a41533a4] Request took 293.6801ms
[2024-06-19 15:42:20.667] [micropagosdatabase] [middleware] [info] [a7ffb0f3354d] New petition received
[2024-06-19 15:42:20.668] [micropagosdatabase] [middleware] [trace] [a7ffb0f3354d] url: /masks/a7ffb0f3354d, method: GET
[2024-06-19 15:42:20.668] [micropagosdatabase] [handler] [info] [a7ffb0f3354d] starting to get the maskpatterns
[2024-06-19 15:42:20.668] [micropagosdatabase] [database] [trace] [a7ffb0f3354d] starting to get the mask patters
[2024-06-19 15:42:20.668] [micropagosdatabase] [database] [trace] [a7ffb0f3354d] this is the QUERY: SELECT ID, SHORTNUMBER, MASKPATTERN, MINLENGTH, MAXLENGTH, EXCLUDEPATTERN, DIRECTION, APPLICATION_ID FROM MASK; 
[2024-06-19 15:42:20.896] [micropagosdatabase] [database] [info] [a7ffb0f3354d] the query in the database tooks: 228.2306ms
[2024-06-19 15:42:20.897] [micropagosdatabase] [middleware] [info] [a7ffb0f3354d] Request took 229.8085ms
[2024-06-19 15:42:20.900] [micropagosdatabase] [middleware] [info] [d20320117f5f] New petition received
[2024-06-19 15:42:20.900] [micropagosdatabase] [middleware] [trace] [d20320117f5f] url: /usersInfo/d20320117f5f, method: GET
[2024-06-19 15:42:20.900] [micropagosdatabase] [handler] [info] [d20320117f5f] starting to get users info
[2024-06-19 15:42:20.900] [micropagosdatabase] [database] [trace] [d20320117f5f] starting to get the users information
[2024-06-19 15:42:20.900] [micropagosdatabase] [database] [trace] [d20320117f5f] this is the QUERY: SELECT u.id, u.username, u.password, u.lastlogin, d.name FROM user u JOIN domain d ON d.id = u.domain_id JOIN user_role AS ur ON ur.user_id = u.id JOIN role AS r ON r.id = ur.role_id WHERE r.name = 'webservice' AND r.system = 'raven'
[2024-06-19 15:42:21.200] [micropagosdatabase] [database] [info] [d20320117f5f] the query in the database tooks: 300.4706ms
[2024-06-19 15:42:21.201] [micropagosdatabase] [middleware] [info] [d20320117f5f] Request took 301.8132ms
[2024-06-19 15:44:20.687] [micropagosdatabase] [middleware] [info] [bc08318fac44] New petition received
[2024-06-19 15:44:20.687] [micropagosdatabase] [middleware] [trace] [bc08318fac44] url: /masks/bc08318fac44, method: GET
[2024-06-19 15:44:20.688] [micropagosdatabase] [handler] [info] [bc08318fac44] starting to get the maskpatterns
[2024-06-19 15:44:20.688] [micropagosdatabase] [database] [trace] [bc08318fac44] starting to get the mask patters
[2024-06-19 15:44:20.688] [micropagosdatabase] [database] [trace] [bc08318fac44] this is the QUERY: SELECT ID, SHORTNUMBER, MASKPATTERN, MINLENGTH, MAXLENGTH, EXCLUDEPATTERN, DIRECTION, APPLICATION_ID FROM MASK; 
[2024-06-19 15:44:21.005] [micropagosdatabase] [database] [info] [bc08318fac44] the query in the database tooks: 317.2375ms
[2024-06-19 15:44:21.006] [micropagosdatabase] [middleware] [info] [bc08318fac44] Request took 318.5215ms
[2024-06-19 15:44:21.009] [micropagosdatabase] [middleware] [info] [412a62dfb801] New petition received
[2024-06-19 15:44:21.010] [micropagosdatabase] [middleware] [trace] [412a62dfb801] url: /usersInfo/412a62dfb801, method: GET
[2024-06-19 15:44:21.010] [micropagosdatabase] [handler] [info] [412a62dfb801] starting to get users info
[2024-06-19 15:44:21.010] [micropagosdatabase] [database] [trace] [412a62dfb801] starting to get the users information
[2024-06-19 15:44:21.010] [micropagosdatabase] [database] [trace] [412a62dfb801] this is the QUERY: SELECT u.id, u.username, u.password, u.lastlogin, d.name FROM user u JOIN domain d ON d.id = u.domain_id JOIN user_role AS ur ON ur.user_id = u.id JOIN role AS r ON r.id = ur.role_id WHERE r.name = 'webservice' AND r.system = 'raven'
[2024-06-19 15:44:21.323] [micropagosdatabase] [database] [info] [412a62dfb801] the query in the database tooks: 313.1199ms
[2024-06-19 15:44:21.323] [micropagosdatabase] [middleware] [info] [412a62dfb801] Request took 314.4742ms
[2024-06-19 15:46:20.668] [micropagosdatabase] [middleware] [info] [f6f06741169a] New petition received
[2024-06-19 15:46:20.668] [micropagosdatabase] [middleware] [trace] [f6f06741169a] url: /masks/f6f06741169a, method: GET
[2024-06-19 15:46:20.668] [micropagosdatabase] [handler] [info] [f6f06741169a] starting to get the maskpatterns
[2024-06-19 15:46:20.668] [micropagosdatabase] [database] [trace] [f6f06741169a] starting to get the mask patters
[2024-06-19 15:46:20.668] [micropagosdatabase] [database] [trace] [f6f06741169a] this is the QUERY: SELECT ID, SHORTNUMBER, MASKPATTERN, MINLENGTH, MAXLENGTH, EXCLUDEPATTERN, DIRECTION, APPLICATION_ID FROM MASK; 
[2024-06-19 15:46:20.891] [micropagosdatabase] [database] [info] [f6f06741169a] the query in the database tooks: 222.4043ms
[2024-06-19 15:46:20.891] [micropagosdatabase] [middleware] [info] [f6f06741169a] Request took 223.253ms
[2024-06-19 15:46:20.894] [micropagosdatabase] [middleware] [info] [db79969eac5c] New petition received
[2024-06-19 15:46:20.894] [micropagosdatabase] [middleware] [trace] [db79969eac5c] url: /usersInfo/db79969eac5c, method: GET
[2024-06-19 15:46:20.894] [micropagosdatabase] [handler] [info] [db79969eac5c] starting to get users info
[2024-06-19 15:46:20.895] [micropagosdatabase] [database] [trace] [db79969eac5c] starting to get the users information
[2024-06-19 15:46:20.895] [micropagosdatabase] [database] [trace] [db79969eac5c] this is the QUERY: SELECT u.id, u.username, u.password, u.lastlogin, d.name FROM user u JOIN domain d ON d.id = u.domain_id JOIN user_role AS ur ON ur.user_id = u.id JOIN role AS r ON r.id = ur.role_id WHERE r.name = 'webservice' AND r.system = 'raven'
[2024-06-19 15:46:21.193] [micropagosdatabase] [database] [info] [db79969eac5c] the query in the database tooks: 298.2345ms
[2024-06-19 15:46:21.195] [micropagosdatabase] [middleware] [info] [db79969eac5c] Request took 300.2735ms
[2024-06-19 15:48:20.665] [micropagosdatabase] [middleware] [info] [c5df344e7887] New petition received
[2024-06-19 15:48:20.665] [micropagosdatabase] [middleware] [trace] [c5df344e7887] url: /masks/c5df344e7887, method: GET
[2024-06-19 15:48:20.665] [micropagosdatabase] [handler] [info] [c5df344e7887] starting to get the maskpatterns
[2024-06-19 15:48:20.665] [micropagosdatabase] [database] [trace] [c5df344e7887] starting to get the mask patters
[2024-06-19 15:48:20.665] [micropagosdatabase] [database] [trace] [c5df344e7887] this is the QUERY: SELECT ID, SHORTNUMBER, MASKPATTERN, MINLENGTH, MAXLENGTH, EXCLUDEPATTERN, DIRECTION, APPLICATION_ID FROM MASK; 
[2024-06-19 15:48:20.888] [micropagosdatabase] [database] [info] [c5df344e7887] the query in the database tooks: 223.0038ms
[2024-06-19 15:48:20.889] [micropagosdatabase] [middleware] [info] [c5df344e7887] Request took 224.0801ms
[2024-06-19 15:48:20.893] [micropagosdatabase] [middleware] [info] [0674189923fb] New petition received
[2024-06-19 15:48:20.893] [micropagosdatabase] [middleware] [trace] [0674189923fb] url: /usersInfo/0674189923fb, method: GET
[2024-06-19 15:48:20.893] [micropagosdatabase] [handler] [info] [0674189923fb] starting to get users info
[2024-06-19 15:48:20.893] [micropagosdatabase] [database] [trace] [0674189923fb] starting to get the users information
[2024-06-19 15:48:20.893] [micropagosdatabase] [database] [trace] [0674189923fb] this is the QUERY: SELECT u.id, u.username, u.password, u.lastlogin, d.name FROM user u JOIN domain d ON d.id = u.domain_id JOIN user_role AS ur ON ur.user_id = u.id JOIN role AS r ON r.id = ur.role_id WHERE r.name = 'webservice' AND r.system = 'raven'
[2024-06-19 15:48:21.185] [micropagosdatabase] [database] [info] [0674189923fb] the query in the database tooks: 292.2991ms
[2024-06-19 15:48:21.186] [micropagosdatabase] [middleware] [info] [0674189923fb] Request took 292.97ms
[2024-06-19 15:50:20.670] [micropagosdatabase] [middleware] [info] [85b104167497] New petition received
[2024-06-19 15:50:20.670] [micropagosdatabase] [middleware] [trace] [85b104167497] url: /masks/85b104167497, method: GET
[2024-06-19 15:50:20.670] [micropagosdatabase] [handler] [info] [85b104167497] starting to get the maskpatterns
[2024-06-19 15:50:20.670] [micropagosdatabase] [database] [trace] [85b104167497] starting to get the mask patters
[2024-06-19 15:50:20.670] [micropagosdatabase] [database] [trace] [85b104167497] this is the QUERY: SELECT ID, SHORTNUMBER, MASKPATTERN, MINLENGTH, MAXLENGTH, EXCLUDEPATTERN, DIRECTION, APPLICATION_ID FROM MASK; 
[2024-06-19 15:50:20.897] [micropagosdatabase] [database] [info] [85b104167497] the query in the database tooks: 226.9547ms
[2024-06-19 15:50:20.905] [micropagosdatabase] [middleware] [info] [85b104167497] Request took 235.4709ms
[2024-06-19 15:50:20.908] [micropagosdatabase] [middleware] [info] [5212859d7576] New petition received
[2024-06-19 15:50:20.909] [micropagosdatabase] [middleware] [trace] [5212859d7576] url: /usersInfo/5212859d7576, method: GET
[2024-06-19 15:50:20.909] [micropagosdatabase] [handler] [info] [5212859d7576] starting to get users info
[2024-06-19 15:50:20.909] [micropagosdatabase] [database] [trace] [5212859d7576] starting to get the users information
[2024-06-19 15:50:20.909] [micropagosdatabase] [database] [trace] [5212859d7576] this is the QUERY: SELECT u.id, u.username, u.password, u.lastlogin, d.name FROM user u JOIN domain d ON d.id = u.domain_id JOIN user_role AS ur ON ur.user_id = u.id JOIN role AS r ON r.id = ur.role_id WHERE r.name = 'webservice' AND r.system = 'raven'
[2024-06-19 15:50:21.207] [micropagosdatabase] [database] [info] [5212859d7576] the query in the database tooks: 297.5241ms
[2024-06-19 15:50:21.207] [micropagosdatabase] [middleware] [info] [5212859d7576] Request took 298.0498ms
[2024-06-19 15:52:20.670] [micropagosdatabase] [middleware] [info] [b57a216fc666] New petition received
[2024-06-19 15:52:20.670] [micropagosdatabase] [middleware] [trace] [b57a216fc666] url: /masks/b57a216fc666, method: GET
[2024-06-19 15:52:20.670] [micropagosdatabase] [handler] [info] [b57a216fc666] starting to get the maskpatterns
[2024-06-19 15:52:20.670] [micropagosdatabase] [database] [trace] [b57a216fc666] starting to get the mask patters
[2024-06-19 15:52:20.671] [micropagosdatabase] [database] [trace] [b57a216fc666] this is the QUERY: SELECT ID, SHORTNUMBER, MASKPATTERN, MINLENGTH, MAXLENGTH, EXCLUDEPATTERN, DIRECTION, APPLICATION_ID FROM MASK; 
[2024-06-19 15:52:20.896] [micropagosdatabase] [database] [info] [b57a216fc666] the query in the database tooks: 224.9628ms
[2024-06-19 15:52:20.896] [micropagosdatabase] [middleware] [info] [b57a216fc666] Request took 226.4327ms
[2024-06-19 15:52:20.899] [micropagosdatabase] [middleware] [info] [15f425c45825] New petition received
[2024-06-19 15:52:20.899] [micropagosdatabase] [middleware] [trace] [15f425c45825] url: /usersInfo/15f425c45825, method: GET
[2024-06-19 15:52:20.899] [micropagosdatabase] [handler] [info] [15f425c45825] starting to get users info
[2024-06-19 15:52:20.899] [micropagosdatabase] [database] [trace] [15f425c45825] starting to get the users information
[2024-06-19 15:52:20.899] [micropagosdatabase] [database] [trace] [15f425c45825] this is the QUERY: SELECT u.id, u.username, u.password, u.lastlogin, d.name FROM user u JOIN domain d ON d.id = u.domain_id JOIN user_role AS ur ON ur.user_id = u.id JOIN role AS r ON r.id = ur.role_id WHERE r.name = 'webservice' AND r.system = 'raven'
[2024-06-19 15:52:21.207] [micropagosdatabase] [database] [info] [15f425c45825] the query in the database tooks: 307.2191ms
[2024-06-19 15:52:21.207] [micropagosdatabase] [middleware] [info] [15f425c45825] Request took 308.2772ms
[2024-06-19 15:54:20.664] [micropagosdatabase] [middleware] [info] [27fc1ea39a22] New petition received
[2024-06-19 15:54:20.664] [micropagosdatabase] [middleware] [trace] [27fc1ea39a22] url: /masks/27fc1ea39a22, method: GET
[2024-06-19 15:54:20.664] [micropagosdatabase] [handler] [info] [27fc1ea39a22] starting to get the maskpatterns
[2024-06-19 15:54:20.664] [micropagosdatabase] [database] [trace] [27fc1ea39a22] starting to get the mask patters
[2024-06-19 15:54:20.664] [micropagosdatabase] [database] [trace] [27fc1ea39a22] this is the QUERY: SELECT ID, SHORTNUMBER, MASKPATTERN, MINLENGTH, MAXLENGTH, EXCLUDEPATTERN, DIRECTION, APPLICATION_ID FROM MASK; 
[2024-06-19 15:54:20.884] [micropagosdatabase] [database] [info] [27fc1ea39a22] the query in the database tooks: 220.163ms
[2024-06-19 15:54:20.885] [micropagosdatabase] [middleware] [info] [27fc1ea39a22] Request took 221.2245ms
[2024-06-19 15:54:20.888] [micropagosdatabase] [middleware] [info] [45cecf721307] New petition received
[2024-06-19 15:54:20.888] [micropagosdatabase] [middleware] [trace] [45cecf721307] url: /usersInfo/45cecf721307, method: GET
[2024-06-19 15:54:20.888] [micropagosdatabase] [handler] [info] [45cecf721307] starting to get users info
[2024-06-19 15:54:20.888] [micropagosdatabase] [database] [trace] [45cecf721307] starting to get the users information
[2024-06-19 15:54:20.888] [micropagosdatabase] [database] [trace] [45cecf721307] this is the QUERY: SELECT u.id, u.username, u.password, u.lastlogin, d.name FROM user u JOIN domain d ON d.id = u.domain_id JOIN user_role AS ur ON ur.user_id = u.id JOIN role AS r ON r.id = ur.role_id WHERE r.name = 'webservice' AND r.system = 'raven'
[2024-06-19 15:54:21.181] [micropagosdatabase] [database] [info] [45cecf721307] the query in the database tooks: 293.0029ms
[2024-06-19 15:54:21.181] [micropagosdatabase] [middleware] [info] [45cecf721307] Request took 293.8092ms
[2024-06-19 15:56:20.658] [micropagosdatabase] [middleware] [info] [f995137868a2] New petition received
[2024-06-19 15:56:20.658] [micropagosdatabase] [middleware] [trace] [f995137868a2] url: /masks/f995137868a2, method: GET
[2024-06-19 15:56:20.659] [micropagosdatabase] [handler] [info] [f995137868a2] starting to get the maskpatterns
[2024-06-19 15:56:20.659] [micropagosdatabase] [database] [trace] [f995137868a2] starting to get the mask patters
[2024-06-19 15:56:20.659] [micropagosdatabase] [database] [trace] [f995137868a2] this is the QUERY: SELECT ID, SHORTNUMBER, MASKPATTERN, MINLENGTH, MAXLENGTH, EXCLUDEPATTERN, DIRECTION, APPLICATION_ID FROM MASK; 
[2024-06-19 15:56:20.880] [micropagosdatabase] [database] [info] [f995137868a2] the query in the database tooks: 220.7306ms
[2024-06-19 15:56:20.880] [micropagosdatabase] [middleware] [info] [f995137868a2] Request took 221.607ms
[2024-06-19 15:56:20.883] [micropagosdatabase] [middleware] [info] [45f82cb8059b] New petition received
[2024-06-19 15:56:20.883] [micropagosdatabase] [middleware] [trace] [45f82cb8059b] url: /usersInfo/45f82cb8059b, method: GET
[2024-06-19 15:56:20.883] [micropagosdatabase] [handler] [info] [45f82cb8059b] starting to get users info
[2024-06-19 15:56:20.884] [micropagosdatabase] [database] [trace] [45f82cb8059b] starting to get the users information
[2024-06-19 15:56:20.884] [micropagosdatabase] [database] [trace] [45f82cb8059b] this is the QUERY: SELECT u.id, u.username, u.password, u.lastlogin, d.name FROM user u JOIN domain d ON d.id = u.domain_id JOIN user_role AS ur ON ur.user_id = u.id JOIN role AS r ON r.id = ur.role_id WHERE r.name = 'webservice' AND r.system = 'raven'
[2024-06-19 15:56:21.182] [micropagosdatabase] [database] [info] [45f82cb8059b] the query in the database tooks: 298.3048ms
[2024-06-19 15:56:21.182] [micropagosdatabase] [middleware] [info] [45f82cb8059b] Request took 298.9848ms
[2024-06-19 15:58:20.663] [micropagosdatabase] [middleware] [info] [6420fec4b6ba] New petition received
[2024-06-19 15:58:20.663] [micropagosdatabase] [middleware] [trace] [6420fec4b6ba] url: /masks/6420fec4b6ba, method: GET
[2024-06-19 15:58:20.663] [micropagosdatabase] [handler] [info] [6420fec4b6ba] starting to get the maskpatterns
[2024-06-19 15:58:20.663] [micropagosdatabase] [database] [trace] [6420fec4b6ba] starting to get the mask patters
[2024-06-19 15:58:20.663] [micropagosdatabase] [database] [trace] [6420fec4b6ba] this is the QUERY: SELECT ID, SHORTNUMBER, MASKPATTERN, MINLENGTH, MAXLENGTH, EXCLUDEPATTERN, DIRECTION, APPLICATION_ID FROM MASK; 
[2024-06-19 15:58:20.896] [micropagosdatabase] [database] [info] [6420fec4b6ba] the query in the database tooks: 232.4697ms
[2024-06-19 15:58:20.896] [micropagosdatabase] [middleware] [info] [6420fec4b6ba] Request took 233.5728ms
[2024-06-19 15:58:20.900] [micropagosdatabase] [middleware] [info] [67d8813076db] New petition received
[2024-06-19 15:58:20.900] [micropagosdatabase] [middleware] [trace] [67d8813076db] url: /usersInfo/67d8813076db, method: GET
[2024-06-19 15:58:20.900] [micropagosdatabase] [handler] [info] [67d8813076db] starting to get users info
[2024-06-19 15:58:20.900] [micropagosdatabase] [database] [trace] [67d8813076db] starting to get the users information
[2024-06-19 15:58:20.900] [micropagosdatabase] [database] [trace] [67d8813076db] this is the QUERY: SELECT u.id, u.username, u.password, u.lastlogin, d.name FROM user u JOIN domain d ON d.id = u.domain_id JOIN user_role AS ur ON ur.user_id = u.id JOIN role AS r ON r.id = ur.role_id WHERE r.name = 'webservice' AND r.system = 'raven'
[2024-06-19 15:58:21.182] [micropagosdatabase] [database] [info] [67d8813076db] the query in the database tooks: 281.7838ms
[2024-06-19 15:58:21.182] [micropagosdatabase] [middleware] [info] [67d8813076db] Request took 282.7576ms
