[2024-06-19 18:00:08.934] [micropagosdatabase] [middleware] [info] [0a262c9f550d] New petition received
[2024-06-19 18:00:08.934] [micropagosdatabase] [middleware] [trace] [0a262c9f550d] url: /masks/0a262c9f550d, method: GET
[2024-06-19 18:00:08.934] [micropagosdatabase] [handler] [info] [0a262c9f550d] starting to get the maskpatterns
[2024-06-19 18:00:08.934] [micropagosdatabase] [database] [trace] [0a262c9f550d] starting to get the mask patters
[2024-06-19 18:00:08.934] [micropagosdatabase] [database] [trace] [0a262c9f550d] this is the QUERY: SELECT ID, SHORTNUMBER, MASKPATTERN, MINLENGTH, MAXLENGTH, EXCLUDEPATTERN, DIRECTION, APPLICATION_ID FROM MASK; 
[2024-06-19 18:00:09.159] [micropagosdatabase] [database] [info] [0a262c9f550d] the query in the database tooks: 225.0217ms
[2024-06-19 18:00:09.160] [micropagosdatabase] [middleware] [info] [0a262c9f550d] Request took 226.0047ms
[2024-06-19 18:00:09.163] [micropagosdatabase] [middleware] [info] [fb34fafff9aa] New petition received
[2024-06-19 18:00:09.163] [micropagosdatabase] [middleware] [trace] [fb34fafff9aa] url: /usersInfo/fb34fafff9aa, method: GET
[2024-06-19 18:00:09.163] [micropagosdatabase] [handler] [info] [fb34fafff9aa] starting to get users info
[2024-06-19 18:00:09.163] [micropagosdatabase] [database] [trace] [fb34fafff9aa] starting to get the users information
[2024-06-19 18:00:09.163] [micropagosdatabase] [database] [trace] [fb34fafff9aa] this is the QUERY: SELECT u.id, u.username, u.password, u.lastlogin, d.name FROM user u JOIN domain d ON d.id = u.domain_id JOIN user_role AS ur ON ur.user_id = u.id JOIN role AS r ON r.id = ur.role_id WHERE r.name = 'webservice' AND r.system = 'raven'
[2024-06-19 18:00:09.461] [micropagosdatabase] [database] [info] [fb34fafff9aa] the query in the database tooks: 298.2309ms
[2024-06-19 18:00:09.462] [micropagosdatabase] [middleware] [info] [fb34fafff9aa] Request took 299.0918ms
[2024-06-19 18:02:08.938] [micropagosdatabase] [middleware] [info] [22654c46c212] New petition received
[2024-06-19 18:02:08.938] [micropagosdatabase] [middleware] [trace] [22654c46c212] url: /masks/22654c46c212, method: GET
[2024-06-19 18:02:08.939] [micropagosdatabase] [handler] [info] [22654c46c212] starting to get the maskpatterns
[2024-06-19 18:02:08.939] [micropagosdatabase] [database] [trace] [22654c46c212] starting to get the mask patters
[2024-06-19 18:02:08.939] [micropagosdatabase] [database] [trace] [22654c46c212] this is the QUERY: SELECT ID, SHORTNUMBER, MASKPATTERN, MINLENGTH, MAXLENGTH, EXCLUDEPATTERN, DIRECTION, APPLICATION_ID FROM MASK; 
[2024-06-19 18:02:09.151] [micropagosdatabase] [database] [info] [22654c46c212] the query in the database tooks: 212.3928ms
[2024-06-19 18:02:09.152] [micropagosdatabase] [middleware] [info] [22654c46c212] Request took 213.3952ms
[2024-06-19 18:02:09.153] [micropagosdatabase] [middleware] [info] [79e5ffc3f0e3] New petition received
[2024-06-19 18:02:09.154] [micropagosdatabase] [middleware] [trace] [79e5ffc3f0e3] url: /usersInfo/79e5ffc3f0e3, method: GET
[2024-06-19 18:02:09.154] [micropagosdatabase] [handler] [info] [79e5ffc3f0e3] starting to get users info
[2024-06-19 18:02:09.154] [micropagosdatabase] [database] [trace] [79e5ffc3f0e3] starting to get the users information
[2024-06-19 18:02:09.154] [micropagosdatabase] [database] [trace] [79e5ffc3f0e3] this is the QUERY: SELECT u.id, u.username, u.password, u.lastlogin, d.name FROM user u JOIN domain d ON d.id = u.domain_id JOIN user_role AS ur ON ur.user_id = u.id JOIN role AS r ON r.id = ur.role_id WHERE r.name = 'webservice' AND r.system = 'raven'
[2024-06-19 18:02:09.439] [micropagosdatabase] [database] [info] [79e5ffc3f0e3] the query in the database tooks: 284.2614ms
[2024-06-19 18:02:09.439] [micropagosdatabase] [middleware] [info] [79e5ffc3f0e3] Request took 285.3855ms
[2024-06-19 18:04:08.930] [micropagosdatabase] [middleware] [info] [63c5ae7feceb] New petition received
[2024-06-19 18:04:08.931] [micropagosdatabase] [middleware] [trace] [63c5ae7feceb] url: /masks/63c5ae7feceb, method: GET
[2024-06-19 18:04:08.931] [micropagosdatabase] [handler] [info] [63c5ae7feceb] starting to get the maskpatterns
[2024-06-19 18:04:08.931] [micropagosdatabase] [database] [trace] [63c5ae7feceb] starting to get the mask patters
[2024-06-19 18:04:08.931] [micropagosdatabase] [database] [trace] [63c5ae7feceb] this is the QUERY: SELECT ID, SHORTNUMBER, MASKPATTERN, MINLENGTH, MAXLENGTH, EXCLUDEPATTERN, DIRECTION, APPLICATION_ID FROM MASK; 
[2024-06-19 18:04:09.149] [micropagosdatabase] [database] [info] [63c5ae7feceb] the query in the database tooks: 218.0581ms
[2024-06-19 18:04:09.149] [micropagosdatabase] [middleware] [info] [63c5ae7feceb] Request took 218.7761ms
[2024-06-19 18:04:09.151] [micropagosdatabase] [middleware] [info] [ecb116d6f5f1] New petition received
[2024-06-19 18:04:09.151] [micropagosdatabase] [middleware] [trace] [ecb116d6f5f1] url: /usersInfo/ecb116d6f5f1, method: GET
[2024-06-19 18:04:09.151] [micropagosdatabase] [handler] [info] [ecb116d6f5f1] starting to get users info
[2024-06-19 18:04:09.151] [micropagosdatabase] [database] [trace] [ecb116d6f5f1] starting to get the users information
[2024-06-19 18:04:09.151] [micropagosdatabase] [database] [trace] [ecb116d6f5f1] this is the QUERY: SELECT u.id, u.username, u.password, u.lastlogin, d.name FROM user u JOIN domain d ON d.id = u.domain_id JOIN user_role AS ur ON ur.user_id = u.id JOIN role AS r ON r.id = ur.role_id WHERE r.name = 'webservice' AND r.system = 'raven'
[2024-06-19 18:04:09.438] [micropagosdatabase] [database] [info] [ecb116d6f5f1] the query in the database tooks: 287.1877ms
[2024-06-19 18:04:09.439] [micropagosdatabase] [middleware] [info] [ecb116d6f5f1] Request took 288.5272ms
[2024-06-19 18:06:08.939] [micropagosdatabase] [middleware] [info] [ea5e43201310] New petition received
[2024-06-19 18:06:08.939] [micropagosdatabase] [middleware] [trace] [ea5e43201310] url: /masks/ea5e43201310, method: GET
[2024-06-19 18:06:08.940] [micropagosdatabase] [handler] [info] [ea5e43201310] starting to get the maskpatterns
[2024-06-19 18:06:08.940] [micropagosdatabase] [database] [trace] [ea5e43201310] starting to get the mask patters
[2024-06-19 18:06:08.940] [micropagosdatabase] [database] [trace] [ea5e43201310] this is the QUERY: SELECT ID, SHORTNUMBER, MASKPATTERN, MINLENGTH, MAXLENGTH, EXCLUDEPATTERN, DIRECTION, APPLICATION_ID FROM MASK; 
[2024-06-19 18:06:09.170] [micropagosdatabase] [database] [info] [ea5e43201310] the query in the database tooks: 230.6634ms
[2024-06-19 18:06:09.170] [micropagosdatabase] [middleware] [info] [ea5e43201310] Request took 231.3778ms
[2024-06-19 18:06:09.172] [micropagosdatabase] [middleware] [info] [bf9a188a32fb] New petition received
[2024-06-19 18:06:09.172] [micropagosdatabase] [middleware] [trace] [bf9a188a32fb] url: /usersInfo/bf9a188a32fb, method: GET
[2024-06-19 18:06:09.172] [micropagosdatabase] [handler] [info] [bf9a188a32fb] starting to get users info
[2024-06-19 18:06:09.172] [micropagosdatabase] [database] [trace] [bf9a188a32fb] starting to get the users information
[2024-06-19 18:06:09.172] [micropagosdatabase] [database] [trace] [bf9a188a32fb] this is the QUERY: SELECT u.id, u.username, u.password, u.lastlogin, d.name FROM user u JOIN domain d ON d.id = u.domain_id JOIN user_role AS ur ON ur.user_id = u.id JOIN role AS r ON r.id = ur.role_id WHERE r.name = 'webservice' AND r.system = 'raven'
[2024-06-19 18:06:09.470] [micropagosdatabase] [database] [info] [bf9a188a32fb] the query in the database tooks: 297.9596ms
[2024-06-19 18:06:09.470] [micropagosdatabase] [middleware] [info] [bf9a188a32fb] Request took 298.4985ms
[2024-06-19 18:08:08.936] [micropagosdatabase] [middleware] [info] [235d9e2ac3a8] New petition received
[2024-06-19 18:08:08.936] [micropagosdatabase] [middleware] [trace] [235d9e2ac3a8] url: /masks/235d9e2ac3a8, method: GET
[2024-06-19 18:08:08.937] [micropagosdatabase] [handler] [info] [235d9e2ac3a8] starting to get the maskpatterns
[2024-06-19 18:08:08.937] [micropagosdatabase] [database] [trace] [235d9e2ac3a8] starting to get the mask patters
[2024-06-19 18:08:08.937] [micropagosdatabase] [database] [trace] [235d9e2ac3a8] this is the QUERY: SELECT ID, SHORTNUMBER, MASKPATTERN, MINLENGTH, MAXLENGTH, EXCLUDEPATTERN, DIRECTION, APPLICATION_ID FROM MASK; 
[2024-06-19 18:08:09.164] [micropagosdatabase] [database] [info] [235d9e2ac3a8] the query in the database tooks: 227.7206ms
[2024-06-19 18:08:09.164] [micropagosdatabase] [middleware] [info] [235d9e2ac3a8] Request took 228.2342ms
[2024-06-19 18:08:09.166] [micropagosdatabase] [middleware] [info] [502bd7b5747d] New petition received
[2024-06-19 18:08:09.167] [micropagosdatabase] [middleware] [trace] [502bd7b5747d] url: /usersInfo/502bd7b5747d, method: GET
[2024-06-19 18:08:09.167] [micropagosdatabase] [handler] [info] [502bd7b5747d] starting to get users info
[2024-06-19 18:08:09.167] [micropagosdatabase] [database] [trace] [502bd7b5747d] starting to get the users information
[2024-06-19 18:08:09.167] [micropagosdatabase] [database] [trace] [502bd7b5747d] this is the QUERY: SELECT u.id, u.username, u.password, u.lastlogin, d.name FROM user u JOIN domain d ON d.id = u.domain_id JOIN user_role AS ur ON ur.user_id = u.id JOIN role AS r ON r.id = ur.role_id WHERE r.name = 'webservice' AND r.system = 'raven'
[2024-06-19 18:08:09.407] [micropagosdatabase] [database] [info] [502bd7b5747d] the query in the database tooks: 240.0603ms
[2024-06-19 18:08:09.407] [micropagosdatabase] [middleware] [info] [502bd7b5747d] Request took 241.0136ms
[2024-06-19 18:10:08.936] [micropagosdatabase] [middleware] [info] [42b259841d68] New petition received
[2024-06-19 18:10:08.936] [micropagosdatabase] [middleware] [trace] [42b259841d68] url: /masks/42b259841d68, method: GET
[2024-06-19 18:10:08.937] [micropagosdatabase] [handler] [info] [42b259841d68] starting to get the maskpatterns
[2024-06-19 18:10:08.937] [micropagosdatabase] [database] [trace] [42b259841d68] starting to get the mask patters
[2024-06-19 18:10:08.937] [micropagosdatabase] [database] [trace] [42b259841d68] this is the QUERY: SELECT ID, SHORTNUMBER, MASKPATTERN, MINLENGTH, MAXLENGTH, EXCLUDEPATTERN, DIRECTION, APPLICATION_ID FROM MASK; 
[2024-06-19 18:10:09.167] [micropagosdatabase] [database] [info] [42b259841d68] the query in the database tooks: 229.1058ms
[2024-06-19 18:10:09.167] [micropagosdatabase] [middleware] [info] [42b259841d68] Request took 230.1548ms
[2024-06-19 18:10:09.169] [micropagosdatabase] [middleware] [info] [faee3b5c157f] New petition received
[2024-06-19 18:10:09.169] [micropagosdatabase] [middleware] [trace] [faee3b5c157f] url: /usersInfo/faee3b5c157f, method: GET
[2024-06-19 18:10:09.170] [micropagosdatabase] [handler] [info] [faee3b5c157f] starting to get users info
[2024-06-19 18:10:09.170] [micropagosdatabase] [database] [trace] [faee3b5c157f] starting to get the users information
[2024-06-19 18:10:09.170] [micropagosdatabase] [database] [trace] [faee3b5c157f] this is the QUERY: SELECT u.id, u.username, u.password, u.lastlogin, d.name FROM user u JOIN domain d ON d.id = u.domain_id JOIN user_role AS ur ON ur.user_id = u.id JOIN role AS r ON r.id = ur.role_id WHERE r.name = 'webservice' AND r.system = 'raven'
[2024-06-19 18:10:09.458] [micropagosdatabase] [database] [info] [faee3b5c157f] the query in the database tooks: 288.0942ms
[2024-06-19 18:10:09.459] [micropagosdatabase] [middleware] [info] [faee3b5c157f] Request took 289.5814ms
[2024-06-19 18:12:08.935] [micropagosdatabase] [middleware] [info] [aed5fc359bf2] New petition received
[2024-06-19 18:12:08.936] [micropagosdatabase] [middleware] [trace] [aed5fc359bf2] url: /masks/aed5fc359bf2, method: GET
[2024-06-19 18:12:08.936] [micropagosdatabase] [handler] [info] [aed5fc359bf2] starting to get the maskpatterns
[2024-06-19 18:12:08.936] [micropagosdatabase] [database] [trace] [aed5fc359bf2] starting to get the mask patters
[2024-06-19 18:12:08.936] [micropagosdatabase] [database] [trace] [aed5fc359bf2] this is the QUERY: SELECT ID, SHORTNUMBER, MASKPATTERN, MINLENGTH, MAXLENGTH, EXCLUDEPATTERN, DIRECTION, APPLICATION_ID FROM MASK; 
[2024-06-19 18:12:09.163] [micropagosdatabase] [database] [info] [aed5fc359bf2] the query in the database tooks: 227.1128ms
[2024-06-19 18:12:09.163] [micropagosdatabase] [middleware] [info] [aed5fc359bf2] Request took 227.6412ms
[2024-06-19 18:12:09.166] [micropagosdatabase] [middleware] [info] [233d617242e9] New petition received
[2024-06-19 18:12:09.166] [micropagosdatabase] [middleware] [trace] [233d617242e9] url: /usersInfo/233d617242e9, method: GET
[2024-06-19 18:12:09.166] [micropagosdatabase] [handler] [info] [233d617242e9] starting to get users info
[2024-06-19 18:12:09.166] [micropagosdatabase] [database] [trace] [233d617242e9] starting to get the users information
[2024-06-19 18:12:09.166] [micropagosdatabase] [database] [trace] [233d617242e9] this is the QUERY: SELECT u.id, u.username, u.password, u.lastlogin, d.name FROM user u JOIN domain d ON d.id = u.domain_id JOIN user_role AS ur ON ur.user_id = u.id JOIN role AS r ON r.id = ur.role_id WHERE r.name = 'webservice' AND r.system = 'raven'
[2024-06-19 18:12:09.403] [micropagosdatabase] [database] [info] [233d617242e9] the query in the database tooks: 236.8585ms
[2024-06-19 18:12:09.403] [micropagosdatabase] [middleware] [info] [233d617242e9] Request took 237.5526ms
[2024-06-19 18:14:08.942] [micropagosdatabase] [middleware] [info] [d6b1d87c932a] New petition received
[2024-06-19 18:14:08.942] [micropagosdatabase] [middleware] [trace] [d6b1d87c932a] url: /masks/d6b1d87c932a, method: GET
[2024-06-19 18:14:08.942] [micropagosdatabase] [handler] [info] [d6b1d87c932a] starting to get the maskpatterns
[2024-06-19 18:14:08.943] [micropagosdatabase] [database] [trace] [d6b1d87c932a] starting to get the mask patters
[2024-06-19 18:14:08.943] [micropagosdatabase] [database] [trace] [d6b1d87c932a] this is the QUERY: SELECT ID, SHORTNUMBER, MASKPATTERN, MINLENGTH, MAXLENGTH, EXCLUDEPATTERN, DIRECTION, APPLICATION_ID FROM MASK; 
[2024-06-19 18:14:09.181] [micropagosdatabase] [database] [info] [d6b1d87c932a] the query in the database tooks: 238.326ms
[2024-06-19 18:14:09.181] [micropagosdatabase] [middleware] [info] [d6b1d87c932a] Request took 239.1591ms
[2024-06-19 18:14:09.183] [micropagosdatabase] [middleware] [info] [1513f1b01c6e] New petition received
[2024-06-19 18:14:09.183] [micropagosdatabase] [middleware] [trace] [1513f1b01c6e] url: /usersInfo/1513f1b01c6e, method: GET
[2024-06-19 18:14:09.183] [micropagosdatabase] [handler] [info] [1513f1b01c6e] starting to get users info
[2024-06-19 18:14:09.183] [micropagosdatabase] [database] [trace] [1513f1b01c6e] starting to get the users information
[2024-06-19 18:14:09.183] [micropagosdatabase] [database] [trace] [1513f1b01c6e] this is the QUERY: SELECT u.id, u.username, u.password, u.lastlogin, d.name FROM user u JOIN domain d ON d.id = u.domain_id JOIN user_role AS ur ON ur.user_id = u.id JOIN role AS r ON r.id = ur.role_id WHERE r.name = 'webservice' AND r.system = 'raven'
[2024-06-19 18:14:09.473] [micropagosdatabase] [database] [info] [1513f1b01c6e] the query in the database tooks: 289.746ms
[2024-06-19 18:14:09.474] [micropagosdatabase] [middleware] [info] [1513f1b01c6e] Request took 290.731ms
[2024-06-19 18:16:08.937] [micropagosdatabase] [middleware] [info] [582ee9317bd4] New petition received
[2024-06-19 18:16:08.937] [micropagosdatabase] [middleware] [trace] [582ee9317bd4] url: /masks/582ee9317bd4, method: GET
[2024-06-19 18:16:08.937] [micropagosdatabase] [handler] [info] [582ee9317bd4] starting to get the maskpatterns
[2024-06-19 18:16:08.937] [micropagosdatabase] [database] [trace] [582ee9317bd4] starting to get the mask patters
[2024-06-19 18:16:08.937] [micropagosdatabase] [database] [trace] [582ee9317bd4] this is the QUERY: SELECT ID, SHORTNUMBER, MASKPATTERN, MINLENGTH, MAXLENGTH, EXCLUDEPATTERN, DIRECTION, APPLICATION_ID FROM MASK; 
[2024-06-19 18:16:09.225] [micropagosdatabase] [database] [info] [582ee9317bd4] the query in the database tooks: 287.7189ms
[2024-06-19 18:16:09.226] [micropagosdatabase] [middleware] [info] [582ee9317bd4] Request took 288.7174ms
[2024-06-19 18:16:09.227] [micropagosdatabase] [middleware] [info] [dda0f40d4f6e] New petition received
[2024-06-19 18:16:09.227] [micropagosdatabase] [middleware] [trace] [dda0f40d4f6e] url: /usersInfo/dda0f40d4f6e, method: GET
[2024-06-19 18:16:09.227] [micropagosdatabase] [handler] [info] [dda0f40d4f6e] starting to get users info
[2024-06-19 18:16:09.227] [micropagosdatabase] [database] [trace] [dda0f40d4f6e] starting to get the users information
[2024-06-19 18:16:09.228] [micropagosdatabase] [database] [trace] [dda0f40d4f6e] this is the QUERY: SELECT u.id, u.username, u.password, u.lastlogin, d.name FROM user u JOIN domain d ON d.id = u.domain_id JOIN user_role AS ur ON ur.user_id = u.id JOIN role AS r ON r.id = ur.role_id WHERE r.name = 'webservice' AND r.system = 'raven'
[2024-06-19 18:16:09.513] [micropagosdatabase] [database] [info] [dda0f40d4f6e] the query in the database tooks: 284.9044ms
[2024-06-19 18:16:09.513] [micropagosdatabase] [middleware] [info] [dda0f40d4f6e] Request took 285.5624ms
[2024-06-19 18:18:08.941] [micropagosdatabase] [middleware] [info] [fcca1a97676d] New petition received
[2024-06-19 18:18:08.941] [micropagosdatabase] [middleware] [trace] [fcca1a97676d] url: /masks/fcca1a97676d, method: GET
[2024-06-19 18:18:08.941] [micropagosdatabase] [handler] [info] [fcca1a97676d] starting to get the maskpatterns
[2024-06-19 18:18:08.941] [micropagosdatabase] [database] [trace] [fcca1a97676d] starting to get the mask patters
[2024-06-19 18:18:08.942] [micropagosdatabase] [database] [trace] [fcca1a97676d] this is the QUERY: SELECT ID, SHORTNUMBER, MASKPATTERN, MINLENGTH, MAXLENGTH, EXCLUDEPATTERN, DIRECTION, APPLICATION_ID FROM MASK; 
[2024-06-19 18:18:09.160] [micropagosdatabase] [database] [info] [fcca1a97676d] the query in the database tooks: 217.5434ms
[2024-06-19 18:18:09.160] [micropagosdatabase] [middleware] [info] [fcca1a97676d] Request took 218.084ms
[2024-06-19 18:18:09.162] [micropagosdatabase] [middleware] [info] [d0dd796e04ac] New petition received
[2024-06-19 18:18:09.163] [micropagosdatabase] [middleware] [trace] [d0dd796e04ac] url: /usersInfo/d0dd796e04ac, method: GET
[2024-06-19 18:18:09.163] [micropagosdatabase] [handler] [info] [d0dd796e04ac] starting to get users info
[2024-06-19 18:18:09.163] [micropagosdatabase] [database] [trace] [d0dd796e04ac] starting to get the users information
[2024-06-19 18:18:09.163] [micropagosdatabase] [database] [trace] [d0dd796e04ac] this is the QUERY: SELECT u.id, u.username, u.password, u.lastlogin, d.name FROM user u JOIN domain d ON d.id = u.domain_id JOIN user_role AS ur ON ur.user_id = u.id JOIN role AS r ON r.id = ur.role_id WHERE r.name = 'webservice' AND r.system = 'raven'
[2024-06-19 18:18:09.406] [micropagosdatabase] [database] [info] [d0dd796e04ac] the query in the database tooks: 243.3771ms
[2024-06-19 18:18:09.407] [micropagosdatabase] [middleware] [info] [d0dd796e04ac] Request took 244.4596ms
[2024-06-19 18:20:08.947] [micropagosdatabase] [middleware] [info] [eb421a0a7b6b] New petition received
[2024-06-19 18:20:08.947] [micropagosdatabase] [middleware] [trace] [eb421a0a7b6b] url: /masks/eb421a0a7b6b, method: GET
[2024-06-19 18:20:08.947] [micropagosdatabase] [handler] [info] [eb421a0a7b6b] starting to get the maskpatterns
[2024-06-19 18:20:08.947] [micropagosdatabase] [database] [trace] [eb421a0a7b6b] starting to get the mask patters
[2024-06-19 18:20:08.947] [micropagosdatabase] [database] [trace] [eb421a0a7b6b] this is the QUERY: SELECT ID, SHORTNUMBER, MASKPATTERN, MINLENGTH, MAXLENGTH, EXCLUDEPATTERN, DIRECTION, APPLICATION_ID FROM MASK; 
[2024-06-19 18:20:09.164] [micropagosdatabase] [database] [info] [eb421a0a7b6b] the query in the database tooks: 216.3066ms
[2024-06-19 18:20:09.165] [micropagosdatabase] [middleware] [info] [eb421a0a7b6b] Request took 217.9426ms
[2024-06-19 18:20:09.166] [micropagosdatabase] [middleware] [info] [25f579b13301] New petition received
[2024-06-19 18:20:09.166] [micropagosdatabase] [middleware] [trace] [25f579b13301] url: /usersInfo/25f579b13301, method: GET
[2024-06-19 18:20:09.167] [micropagosdatabase] [handler] [info] [25f579b13301] starting to get users info
[2024-06-19 18:20:09.167] [micropagosdatabase] [database] [trace] [25f579b13301] starting to get the users information
[2024-06-19 18:20:09.167] [micropagosdatabase] [database] [trace] [25f579b13301] this is the QUERY: SELECT u.id, u.username, u.password, u.lastlogin, d.name FROM user u JOIN domain d ON d.id = u.domain_id JOIN user_role AS ur ON ur.user_id = u.id JOIN role AS r ON r.id = ur.role_id WHERE r.name = 'webservice' AND r.system = 'raven'
[2024-06-19 18:20:09.462] [micropagosdatabase] [database] [info] [25f579b13301] the query in the database tooks: 294.8607ms
[2024-06-19 18:20:09.463] [micropagosdatabase] [middleware] [info] [25f579b13301] Request took 296.2389ms
[2024-06-19 18:22:08.930] [micropagosdatabase] [middleware] [info] [d6386661eda1] New petition received
[2024-06-19 18:22:08.931] [micropagosdatabase] [middleware] [trace] [d6386661eda1] url: /masks/d6386661eda1, method: GET
[2024-06-19 18:22:08.931] [micropagosdatabase] [handler] [info] [d6386661eda1] starting to get the maskpatterns
[2024-06-19 18:22:08.931] [micropagosdatabase] [database] [trace] [d6386661eda1] starting to get the mask patters
[2024-06-19 18:22:08.931] [micropagosdatabase] [database] [trace] [d6386661eda1] this is the QUERY: SELECT ID, SHORTNUMBER, MASKPATTERN, MINLENGTH, MAXLENGTH, EXCLUDEPATTERN, DIRECTION, APPLICATION_ID FROM MASK; 
[2024-06-19 18:22:09.156] [micropagosdatabase] [database] [info] [d6386661eda1] the query in the database tooks: 224.7746ms
[2024-06-19 18:22:09.156] [micropagosdatabase] [middleware] [info] [d6386661eda1] Request took 225.9577ms
[2024-06-19 18:22:09.158] [micropagosdatabase] [middleware] [info] [17938992d594] New petition received
[2024-06-19 18:22:09.159] [micropagosdatabase] [middleware] [trace] [17938992d594] url: /usersInfo/17938992d594, method: GET
[2024-06-19 18:22:09.159] [micropagosdatabase] [handler] [info] [17938992d594] starting to get users info
[2024-06-19 18:22:09.159] [micropagosdatabase] [database] [trace] [17938992d594] starting to get the users information
[2024-06-19 18:22:09.159] [micropagosdatabase] [database] [trace] [17938992d594] this is the QUERY: SELECT u.id, u.username, u.password, u.lastlogin, d.name FROM user u JOIN domain d ON d.id = u.domain_id JOIN user_role AS ur ON ur.user_id = u.id JOIN role AS r ON r.id = ur.role_id WHERE r.name = 'webservice' AND r.system = 'raven'
[2024-06-19 18:22:09.447] [micropagosdatabase] [database] [info] [17938992d594] the query in the database tooks: 288.2157ms
[2024-06-19 18:22:09.448] [micropagosdatabase] [middleware] [info] [17938992d594] Request took 289.7486ms
[2024-06-19 18:24:08.941] [micropagosdatabase] [middleware] [info] [79525de5f73f] New petition received
[2024-06-19 18:24:08.941] [micropagosdatabase] [middleware] [trace] [79525de5f73f] url: /masks/79525de5f73f, method: GET
[2024-06-19 18:24:08.941] [micropagosdatabase] [handler] [info] [79525de5f73f] starting to get the maskpatterns
[2024-06-19 18:24:08.941] [micropagosdatabase] [database] [trace] [79525de5f73f] starting to get the mask patters
[2024-06-19 18:24:08.941] [micropagosdatabase] [database] [trace] [79525de5f73f] this is the QUERY: SELECT ID, SHORTNUMBER, MASKPATTERN, MINLENGTH, MAXLENGTH, EXCLUDEPATTERN, DIRECTION, APPLICATION_ID FROM MASK; 
[2024-06-19 18:24:09.172] [micropagosdatabase] [database] [info] [79525de5f73f] the query in the database tooks: 231.2916ms
[2024-06-19 18:24:09.173] [micropagosdatabase] [middleware] [info] [79525de5f73f] Request took 232.1027ms
[2024-06-19 18:24:09.175] [micropagosdatabase] [middleware] [info] [27b8e2defed1] New petition received
[2024-06-19 18:24:09.175] [micropagosdatabase] [middleware] [trace] [27b8e2defed1] url: /usersInfo/27b8e2defed1, method: GET
[2024-06-19 18:24:09.175] [micropagosdatabase] [handler] [info] [27b8e2defed1] starting to get users info
[2024-06-19 18:24:09.175] [micropagosdatabase] [database] [trace] [27b8e2defed1] starting to get the users information
[2024-06-19 18:24:09.175] [micropagosdatabase] [database] [trace] [27b8e2defed1] this is the QUERY: SELECT u.id, u.username, u.password, u.lastlogin, d.name FROM user u JOIN domain d ON d.id = u.domain_id JOIN user_role AS ur ON ur.user_id = u.id JOIN role AS r ON r.id = ur.role_id WHERE r.name = 'webservice' AND r.system = 'raven'
[2024-06-19 18:24:09.474] [micropagosdatabase] [database] [info] [27b8e2defed1] the query in the database tooks: 298.6011ms
[2024-06-19 18:24:09.475] [micropagosdatabase] [middleware] [info] [27b8e2defed1] Request took 299.956ms
[2024-06-19 18:26:08.929] [micropagosdatabase] [middleware] [info] [609ce527a56c] New petition received
[2024-06-19 18:26:08.929] [micropagosdatabase] [middleware] [trace] [609ce527a56c] url: /masks/609ce527a56c, method: GET
[2024-06-19 18:26:08.930] [micropagosdatabase] [handler] [info] [609ce527a56c] starting to get the maskpatterns
[2024-06-19 18:26:08.930] [micropagosdatabase] [database] [trace] [609ce527a56c] starting to get the mask patters
[2024-06-19 18:26:08.930] [micropagosdatabase] [database] [trace] [609ce527a56c] this is the QUERY: SELECT ID, SHORTNUMBER, MASKPATTERN, MINLENGTH, MAXLENGTH, EXCLUDEPATTERN, DIRECTION, APPLICATION_ID FROM MASK; 
[2024-06-19 18:26:09.158] [micropagosdatabase] [database] [info] [609ce527a56c] the query in the database tooks: 228.3279ms
[2024-06-19 18:26:09.158] [micropagosdatabase] [middleware] [info] [609ce527a56c] Request took 229.0376ms
[2024-06-19 18:26:09.160] [micropagosdatabase] [middleware] [info] [df7f738d3c7f] New petition received
[2024-06-19 18:26:09.160] [micropagosdatabase] [middleware] [trace] [df7f738d3c7f] url: /usersInfo/df7f738d3c7f, method: GET
[2024-06-19 18:26:09.160] [micropagosdatabase] [handler] [info] [df7f738d3c7f] starting to get users info
[2024-06-19 18:26:09.160] [micropagosdatabase] [database] [trace] [df7f738d3c7f] starting to get the users information
[2024-06-19 18:26:09.160] [micropagosdatabase] [database] [trace] [df7f738d3c7f] this is the QUERY: SELECT u.id, u.username, u.password, u.lastlogin, d.name FROM user u JOIN domain d ON d.id = u.domain_id JOIN user_role AS ur ON ur.user_id = u.id JOIN role AS r ON r.id = ur.role_id WHERE r.name = 'webservice' AND r.system = 'raven'
[2024-06-19 18:26:09.446] [micropagosdatabase] [database] [info] [df7f738d3c7f] the query in the database tooks: 285.9861ms
[2024-06-19 18:26:09.447] [micropagosdatabase] [middleware] [info] [df7f738d3c7f] Request took 287.5169ms
[2024-06-19 18:28:08.938] [micropagosdatabase] [middleware] [info] [accd0d5e999c] New petition received
[2024-06-19 18:28:08.938] [micropagosdatabase] [middleware] [trace] [accd0d5e999c] url: /masks/accd0d5e999c, method: GET
[2024-06-19 18:28:08.938] [micropagosdatabase] [handler] [info] [accd0d5e999c] starting to get the maskpatterns
[2024-06-19 18:28:08.938] [micropagosdatabase] [database] [trace] [accd0d5e999c] starting to get the mask patters
[2024-06-19 18:28:08.939] [micropagosdatabase] [database] [trace] [accd0d5e999c] this is the QUERY: SELECT ID, SHORTNUMBER, MASKPATTERN, MINLENGTH, MAXLENGTH, EXCLUDEPATTERN, DIRECTION, APPLICATION_ID FROM MASK; 
[2024-06-19 18:28:09.156] [micropagosdatabase] [database] [info] [accd0d5e999c] the query in the database tooks: 216.6903ms
[2024-06-19 18:28:09.156] [micropagosdatabase] [middleware] [info] [accd0d5e999c] Request took 218.4413ms
[2024-06-19 18:28:09.158] [micropagosdatabase] [middleware] [info] [712d9a0381d1] New petition received
[2024-06-19 18:28:09.158] [micropagosdatabase] [middleware] [trace] [712d9a0381d1] url: /usersInfo/712d9a0381d1, method: GET
[2024-06-19 18:28:09.158] [micropagosdatabase] [handler] [info] [712d9a0381d1] starting to get users info
[2024-06-19 18:28:09.158] [micropagosdatabase] [database] [trace] [712d9a0381d1] starting to get the users information
[2024-06-19 18:28:09.158] [micropagosdatabase] [database] [trace] [712d9a0381d1] this is the QUERY: SELECT u.id, u.username, u.password, u.lastlogin, d.name FROM user u JOIN domain d ON d.id = u.domain_id JOIN user_role AS ur ON ur.user_id = u.id JOIN role AS r ON r.id = ur.role_id WHERE r.name = 'webservice' AND r.system = 'raven'
[2024-06-19 18:28:09.382] [micropagosdatabase] [database] [info] [712d9a0381d1] the query in the database tooks: 223.9217ms
[2024-06-19 18:28:09.382] [micropagosdatabase] [middleware] [info] [712d9a0381d1] Request took 224.6261ms
[2024-06-19 18:30:08.944] [micropagosdatabase] [middleware] [info] [64835c91d17b] New petition received
[2024-06-19 18:30:08.945] [micropagosdatabase] [middleware] [trace] [64835c91d17b] url: /masks/64835c91d17b, method: GET
[2024-06-19 18:30:08.945] [micropagosdatabase] [handler] [info] [64835c91d17b] starting to get the maskpatterns
[2024-06-19 18:30:08.945] [micropagosdatabase] [database] [trace] [64835c91d17b] starting to get the mask patters
[2024-06-19 18:30:08.945] [micropagosdatabase] [database] [trace] [64835c91d17b] this is the QUERY: SELECT ID, SHORTNUMBER, MASKPATTERN, MINLENGTH, MAXLENGTH, EXCLUDEPATTERN, DIRECTION, APPLICATION_ID FROM MASK; 
[2024-06-19 18:30:09.194] [micropagosdatabase] [database] [info] [64835c91d17b] the query in the database tooks: 248.7454ms
[2024-06-19 18:30:09.195] [micropagosdatabase] [middleware] [info] [64835c91d17b] Request took 250.5749ms
[2024-06-19 18:30:09.196] [micropagosdatabase] [middleware] [info] [ae30bdff7b0a] New petition received
[2024-06-19 18:30:09.196] [micropagosdatabase] [middleware] [trace] [ae30bdff7b0a] url: /usersInfo/ae30bdff7b0a, method: GET
[2024-06-19 18:30:09.196] [micropagosdatabase] [handler] [info] [ae30bdff7b0a] starting to get users info
[2024-06-19 18:30:09.196] [micropagosdatabase] [database] [trace] [ae30bdff7b0a] starting to get the users information
[2024-06-19 18:30:09.196] [micropagosdatabase] [database] [trace] [ae30bdff7b0a] this is the QUERY: SELECT u.id, u.username, u.password, u.lastlogin, d.name FROM user u JOIN domain d ON d.id = u.domain_id JOIN user_role AS ur ON ur.user_id = u.id JOIN role AS r ON r.id = ur.role_id WHERE r.name = 'webservice' AND r.system = 'raven'
[2024-06-19 18:30:09.497] [micropagosdatabase] [database] [info] [ae30bdff7b0a] the query in the database tooks: 300.9557ms
[2024-06-19 18:30:09.498] [micropagosdatabase] [middleware] [info] [ae30bdff7b0a] Request took 301.4773ms
[2024-06-19 18:32:08.938] [micropagosdatabase] [middleware] [info] [c671b47d066f] New petition received
[2024-06-19 18:32:08.939] [micropagosdatabase] [middleware] [trace] [c671b47d066f] url: /masks/c671b47d066f, method: GET
[2024-06-19 18:32:08.939] [micropagosdatabase] [handler] [info] [c671b47d066f] starting to get the maskpatterns
[2024-06-19 18:32:08.939] [micropagosdatabase] [database] [trace] [c671b47d066f] starting to get the mask patters
[2024-06-19 18:32:08.939] [micropagosdatabase] [database] [trace] [c671b47d066f] this is the QUERY: SELECT ID, SHORTNUMBER, MASKPATTERN, MINLENGTH, MAXLENGTH, EXCLUDEPATTERN, DIRECTION, APPLICATION_ID FROM MASK; 
[2024-06-19 18:32:09.221] [micropagosdatabase] [database] [info] [c671b47d066f] the query in the database tooks: 282.5186ms
[2024-06-19 18:32:09.221] [micropagosdatabase] [middleware] [info] [c671b47d066f] Request took 283.0477ms
[2024-06-19 18:32:09.223] [micropagosdatabase] [middleware] [info] [e6310fd0a413] New petition received
[2024-06-19 18:32:09.223] [micropagosdatabase] [middleware] [trace] [e6310fd0a413] url: /usersInfo/e6310fd0a413, method: GET
[2024-06-19 18:32:09.223] [micropagosdatabase] [handler] [info] [e6310fd0a413] starting to get users info
[2024-06-19 18:32:09.223] [micropagosdatabase] [database] [trace] [e6310fd0a413] starting to get the users information
[2024-06-19 18:32:09.230] [micropagosdatabase] [database] [trace] [e6310fd0a413] this is the QUERY: SELECT u.id, u.username, u.password, u.lastlogin, d.name FROM user u JOIN domain d ON d.id = u.domain_id JOIN user_role AS ur ON ur.user_id = u.id JOIN role AS r ON r.id = ur.role_id WHERE r.name = 'webservice' AND r.system = 'raven'
[2024-06-19 18:32:09.518] [micropagosdatabase] [database] [info] [e6310fd0a413] the query in the database tooks: 288.201ms
[2024-06-19 18:32:09.518] [micropagosdatabase] [middleware] [info] [e6310fd0a413] Request took 295.0631ms
[2024-06-19 18:34:08.943] [micropagosdatabase] [middleware] [info] [d12c2e6cda1a] New petition received
[2024-06-19 18:34:08.944] [micropagosdatabase] [middleware] [trace] [d12c2e6cda1a] url: /masks/d12c2e6cda1a, method: GET
[2024-06-19 18:34:08.944] [micropagosdatabase] [handler] [info] [d12c2e6cda1a] starting to get the maskpatterns
[2024-06-19 18:34:08.944] [micropagosdatabase] [database] [trace] [d12c2e6cda1a] starting to get the mask patters
[2024-06-19 18:34:08.944] [micropagosdatabase] [database] [trace] [d12c2e6cda1a] this is the QUERY: SELECT ID, SHORTNUMBER, MASKPATTERN, MINLENGTH, MAXLENGTH, EXCLUDEPATTERN, DIRECTION, APPLICATION_ID FROM MASK; 
[2024-06-19 18:34:09.159] [micropagosdatabase] [database] [info] [d12c2e6cda1a] the query in the database tooks: 215.1595ms
[2024-06-19 18:34:09.159] [micropagosdatabase] [middleware] [info] [d12c2e6cda1a] Request took 215.9187ms
[2024-06-19 18:34:09.161] [micropagosdatabase] [middleware] [info] [fe20fe0b19d2] New petition received
[2024-06-19 18:34:09.161] [micropagosdatabase] [middleware] [trace] [fe20fe0b19d2] url: /usersInfo/fe20fe0b19d2, method: GET
[2024-06-19 18:34:09.161] [micropagosdatabase] [handler] [info] [fe20fe0b19d2] starting to get users info
[2024-06-19 18:34:09.161] [micropagosdatabase] [database] [trace] [fe20fe0b19d2] starting to get the users information
[2024-06-19 18:34:09.162] [micropagosdatabase] [database] [trace] [fe20fe0b19d2] this is the QUERY: SELECT u.id, u.username, u.password, u.lastlogin, d.name FROM user u JOIN domain d ON d.id = u.domain_id JOIN user_role AS ur ON ur.user_id = u.id JOIN role AS r ON r.id = ur.role_id WHERE r.name = 'webservice' AND r.system = 'raven'
[2024-06-19 18:34:09.445] [micropagosdatabase] [database] [info] [fe20fe0b19d2] the query in the database tooks: 283.5848ms
[2024-06-19 18:34:09.446] [micropagosdatabase] [middleware] [info] [fe20fe0b19d2] Request took 284.7787ms
[2024-06-19 18:36:08.929] [micropagosdatabase] [middleware] [info] [21f4914846d7] New petition received
[2024-06-19 18:36:08.930] [micropagosdatabase] [middleware] [trace] [21f4914846d7] url: /masks/21f4914846d7, method: GET
[2024-06-19 18:36:08.931] [micropagosdatabase] [handler] [info] [21f4914846d7] starting to get the maskpatterns
[2024-06-19 18:36:08.931] [micropagosdatabase] [database] [trace] [21f4914846d7] starting to get the mask patters
[2024-06-19 18:36:08.931] [micropagosdatabase] [database] [trace] [21f4914846d7] this is the QUERY: SELECT ID, SHORTNUMBER, MASKPATTERN, MINLENGTH, MAXLENGTH, EXCLUDEPATTERN, DIRECTION, APPLICATION_ID FROM MASK; 
[2024-06-19 18:36:09.246] [micropagosdatabase] [database] [info] [21f4914846d7] the query in the database tooks: 314.8152ms
[2024-06-19 18:36:09.246] [micropagosdatabase] [middleware] [info] [21f4914846d7] Request took 317.0646ms
[2024-06-19 18:36:09.248] [micropagosdatabase] [middleware] [info] [f321c0c8b40f] New petition received
[2024-06-19 18:36:09.248] [micropagosdatabase] [middleware] [trace] [f321c0c8b40f] url: /usersInfo/f321c0c8b40f, method: GET
[2024-06-19 18:36:09.248] [micropagosdatabase] [handler] [info] [f321c0c8b40f] starting to get users info
[2024-06-19 18:36:09.248] [micropagosdatabase] [database] [trace] [f321c0c8b40f] starting to get the users information
[2024-06-19 18:36:09.248] [micropagosdatabase] [database] [trace] [f321c0c8b40f] this is the QUERY: SELECT u.id, u.username, u.password, u.lastlogin, d.name FROM user u JOIN domain d ON d.id = u.domain_id JOIN user_role AS ur ON ur.user_id = u.id JOIN role AS r ON r.id = ur.role_id WHERE r.name = 'webservice' AND r.system = 'raven'
[2024-06-19 18:36:09.551] [micropagosdatabase] [database] [info] [f321c0c8b40f] the query in the database tooks: 302.2709ms
[2024-06-19 18:36:09.551] [micropagosdatabase] [middleware] [info] [f321c0c8b40f] Request took 303.1606ms
[2024-06-19 18:38:08.947] [micropagosdatabase] [middleware] [info] [50e6fec496c1] New petition received
[2024-06-19 18:38:08.947] [micropagosdatabase] [middleware] [trace] [50e6fec496c1] url: /masks/50e6fec496c1, method: GET
[2024-06-19 18:38:08.947] [micropagosdatabase] [handler] [info] [50e6fec496c1] starting to get the maskpatterns
[2024-06-19 18:38:08.947] [micropagosdatabase] [database] [trace] [50e6fec496c1] starting to get the mask patters
[2024-06-19 18:38:08.948] [micropagosdatabase] [database] [trace] [50e6fec496c1] this is the QUERY: SELECT ID, SHORTNUMBER, MASKPATTERN, MINLENGTH, MAXLENGTH, EXCLUDEPATTERN, DIRECTION, APPLICATION_ID FROM MASK; 
[2024-06-19 18:38:09.168] [micropagosdatabase] [database] [info] [50e6fec496c1] the query in the database tooks: 219.8202ms
[2024-06-19 18:38:09.169] [micropagosdatabase] [middleware] [info] [50e6fec496c1] Request took 221.821ms
[2024-06-19 18:38:09.170] [micropagosdatabase] [middleware] [info] [0271b080e865] New petition received
[2024-06-19 18:38:09.171] [micropagosdatabase] [middleware] [trace] [0271b080e865] url: /usersInfo/0271b080e865, method: GET
[2024-06-19 18:38:09.171] [micropagosdatabase] [handler] [info] [0271b080e865] starting to get users info
[2024-06-19 18:38:09.171] [micropagosdatabase] [database] [trace] [0271b080e865] starting to get the users information
[2024-06-19 18:38:09.171] [micropagosdatabase] [database] [trace] [0271b080e865] this is the QUERY: SELECT u.id, u.username, u.password, u.lastlogin, d.name FROM user u JOIN domain d ON d.id = u.domain_id JOIN user_role AS ur ON ur.user_id = u.id JOIN role AS r ON r.id = ur.role_id WHERE r.name = 'webservice' AND r.system = 'raven'
[2024-06-19 18:38:09.465] [micropagosdatabase] [database] [info] [0271b080e865] the query in the database tooks: 294.0403ms
[2024-06-19 18:38:09.466] [micropagosdatabase] [middleware] [info] [0271b080e865] Request took 295.5133ms
[2024-06-19 18:40:08.937] [micropagosdatabase] [middleware] [info] [19d4609dd70a] New petition received
[2024-06-19 18:40:08.937] [micropagosdatabase] [middleware] [trace] [19d4609dd70a] url: /masks/19d4609dd70a, method: GET
[2024-06-19 18:40:08.937] [micropagosdatabase] [handler] [info] [19d4609dd70a] starting to get the maskpatterns
[2024-06-19 18:40:08.937] [micropagosdatabase] [database] [trace] [19d4609dd70a] starting to get the mask patters
[2024-06-19 18:40:08.937] [micropagosdatabase] [database] [trace] [19d4609dd70a] this is the QUERY: SELECT ID, SHORTNUMBER, MASKPATTERN, MINLENGTH, MAXLENGTH, EXCLUDEPATTERN, DIRECTION, APPLICATION_ID FROM MASK; 
[2024-06-19 18:40:09.156] [micropagosdatabase] [database] [info] [19d4609dd70a] the query in the database tooks: 218.7504ms
[2024-06-19 18:40:09.156] [micropagosdatabase] [middleware] [info] [19d4609dd70a] Request took 219.4241ms
[2024-06-19 18:40:09.158] [micropagosdatabase] [middleware] [info] [59a49eac5073] New petition received
[2024-06-19 18:40:09.158] [micropagosdatabase] [middleware] [trace] [59a49eac5073] url: /usersInfo/59a49eac5073, method: GET
[2024-06-19 18:40:09.158] [micropagosdatabase] [handler] [info] [59a49eac5073] starting to get users info
[2024-06-19 18:40:09.158] [micropagosdatabase] [database] [trace] [59a49eac5073] starting to get the users information
[2024-06-19 18:40:09.159] [micropagosdatabase] [database] [trace] [59a49eac5073] this is the QUERY: SELECT u.id, u.username, u.password, u.lastlogin, d.name FROM user u JOIN domain d ON d.id = u.domain_id JOIN user_role AS ur ON ur.user_id = u.id JOIN role AS r ON r.id = ur.role_id WHERE r.name = 'webservice' AND r.system = 'raven'
[2024-06-19 18:40:09.442] [micropagosdatabase] [database] [info] [59a49eac5073] the query in the database tooks: 283.6915ms
[2024-06-19 18:40:09.443] [micropagosdatabase] [middleware] [info] [59a49eac5073] Request took 284.2898ms
[2024-06-19 18:42:08.931] [micropagosdatabase] [middleware] [info] [23ef01052e44] New petition received
[2024-06-19 18:42:08.931] [micropagosdatabase] [middleware] [trace] [23ef01052e44] url: /masks/23ef01052e44, method: GET
[2024-06-19 18:42:08.931] [micropagosdatabase] [handler] [info] [23ef01052e44] starting to get the maskpatterns
[2024-06-19 18:42:08.931] [micropagosdatabase] [database] [trace] [23ef01052e44] starting to get the mask patters
[2024-06-19 18:42:08.931] [micropagosdatabase] [database] [trace] [23ef01052e44] this is the QUERY: SELECT ID, SHORTNUMBER, MASKPATTERN, MINLENGTH, MAXLENGTH, EXCLUDEPATTERN, DIRECTION, APPLICATION_ID FROM MASK; 
[2024-06-19 18:42:09.160] [micropagosdatabase] [database] [info] [23ef01052e44] the query in the database tooks: 228.8115ms
[2024-06-19 18:42:09.160] [micropagosdatabase] [middleware] [info] [23ef01052e44] Request took 229.3392ms
[2024-06-19 18:42:09.162] [micropagosdatabase] [middleware] [info] [f2a8fd8b5bca] New petition received
[2024-06-19 18:42:09.162] [micropagosdatabase] [middleware] [trace] [f2a8fd8b5bca] url: /usersInfo/f2a8fd8b5bca, method: GET
[2024-06-19 18:42:09.162] [micropagosdatabase] [handler] [info] [f2a8fd8b5bca] starting to get users info
[2024-06-19 18:42:09.162] [micropagosdatabase] [database] [trace] [f2a8fd8b5bca] starting to get the users information
[2024-06-19 18:42:09.163] [micropagosdatabase] [database] [trace] [f2a8fd8b5bca] this is the QUERY: SELECT u.id, u.username, u.password, u.lastlogin, d.name FROM user u JOIN domain d ON d.id = u.domain_id JOIN user_role AS ur ON ur.user_id = u.id JOIN role AS r ON r.id = ur.role_id WHERE r.name = 'webservice' AND r.system = 'raven'
[2024-06-19 18:42:09.457] [micropagosdatabase] [database] [info] [f2a8fd8b5bca] the query in the database tooks: 294.4296ms
[2024-06-19 18:42:09.458] [micropagosdatabase] [middleware] [info] [f2a8fd8b5bca] Request took 295.235ms
[2024-06-19 18:44:08.944] [micropagosdatabase] [middleware] [info] [1e266ce79f80] New petition received
[2024-06-19 18:44:08.944] [micropagosdatabase] [middleware] [trace] [1e266ce79f80] url: /masks/1e266ce79f80, method: GET
[2024-06-19 18:44:08.944] [micropagosdatabase] [handler] [info] [1e266ce79f80] starting to get the maskpatterns
[2024-06-19 18:44:08.944] [micropagosdatabase] [database] [trace] [1e266ce79f80] starting to get the mask patters
[2024-06-19 18:44:08.944] [micropagosdatabase] [database] [trace] [1e266ce79f80] this is the QUERY: SELECT ID, SHORTNUMBER, MASKPATTERN, MINLENGTH, MAXLENGTH, EXCLUDEPATTERN, DIRECTION, APPLICATION_ID FROM MASK; 
[2024-06-19 18:44:09.162] [micropagosdatabase] [database] [info] [1e266ce79f80] the query in the database tooks: 217.4853ms
[2024-06-19 18:44:09.162] [micropagosdatabase] [middleware] [info] [1e266ce79f80] Request took 218.3995ms
[2024-06-19 18:44:09.164] [micropagosdatabase] [middleware] [info] [d198820f8df8] New petition received
[2024-06-19 18:44:09.164] [micropagosdatabase] [middleware] [trace] [d198820f8df8] url: /usersInfo/d198820f8df8, method: GET
[2024-06-19 18:44:09.164] [micropagosdatabase] [handler] [info] [d198820f8df8] starting to get users info
[2024-06-19 18:44:09.164] [micropagosdatabase] [database] [trace] [d198820f8df8] starting to get the users information
[2024-06-19 18:44:09.165] [micropagosdatabase] [database] [trace] [d198820f8df8] this is the QUERY: SELECT u.id, u.username, u.password, u.lastlogin, d.name FROM user u JOIN domain d ON d.id = u.domain_id JOIN user_role AS ur ON ur.user_id = u.id JOIN role AS r ON r.id = ur.role_id WHERE r.name = 'webservice' AND r.system = 'raven'
[2024-06-19 18:44:09.449] [micropagosdatabase] [database] [info] [d198820f8df8] the query in the database tooks: 283.8153ms
[2024-06-19 18:44:09.449] [micropagosdatabase] [middleware] [info] [d198820f8df8] Request took 284.8052ms
[2024-06-19 18:46:08.947] [micropagosdatabase] [middleware] [info] [a04fbc0f2161] New petition received
[2024-06-19 18:46:08.948] [micropagosdatabase] [middleware] [trace] [a04fbc0f2161] url: /masks/a04fbc0f2161, method: GET
[2024-06-19 18:46:08.948] [micropagosdatabase] [handler] [info] [a04fbc0f2161] starting to get the maskpatterns
[2024-06-19 18:46:08.948] [micropagosdatabase] [database] [trace] [a04fbc0f2161] starting to get the mask patters
[2024-06-19 18:46:08.949] [micropagosdatabase] [database] [trace] [a04fbc0f2161] this is the QUERY: SELECT ID, SHORTNUMBER, MASKPATTERN, MINLENGTH, MAXLENGTH, EXCLUDEPATTERN, DIRECTION, APPLICATION_ID FROM MASK; 
[2024-06-19 18:46:09.257] [micropagosdatabase] [database] [info] [a04fbc0f2161] the query in the database tooks: 308.445ms
[2024-06-19 18:46:09.257] [micropagosdatabase] [middleware] [info] [a04fbc0f2161] Request took 310.0206ms
[2024-06-19 18:46:09.260] [micropagosdatabase] [middleware] [info] [6db61978118c] New petition received
[2024-06-19 18:46:09.260] [micropagosdatabase] [middleware] [trace] [6db61978118c] url: /usersInfo/6db61978118c, method: GET
[2024-06-19 18:46:09.260] [micropagosdatabase] [handler] [info] [6db61978118c] starting to get users info
[2024-06-19 18:46:09.260] [micropagosdatabase] [database] [trace] [6db61978118c] starting to get the users information
[2024-06-19 18:46:09.260] [micropagosdatabase] [database] [trace] [6db61978118c] this is the QUERY: SELECT u.id, u.username, u.password, u.lastlogin, d.name FROM user u JOIN domain d ON d.id = u.domain_id JOIN user_role AS ur ON ur.user_id = u.id JOIN role AS r ON r.id = ur.role_id WHERE r.name = 'webservice' AND r.system = 'raven'
[2024-06-19 18:46:09.551] [micropagosdatabase] [database] [info] [6db61978118c] the query in the database tooks: 290.3437ms
[2024-06-19 18:46:09.551] [micropagosdatabase] [middleware] [info] [6db61978118c] Request took 291.0078ms
[2024-06-19 18:48:08.931] [micropagosdatabase] [middleware] [info] [e53d0eb24373] New petition received
[2024-06-19 18:48:08.932] [micropagosdatabase] [middleware] [trace] [e53d0eb24373] url: /masks/e53d0eb24373, method: GET
[2024-06-19 18:48:08.932] [micropagosdatabase] [handler] [info] [e53d0eb24373] starting to get the maskpatterns
[2024-06-19 18:48:08.932] [micropagosdatabase] [database] [trace] [e53d0eb24373] starting to get the mask patters
[2024-06-19 18:48:08.932] [micropagosdatabase] [database] [trace] [e53d0eb24373] this is the QUERY: SELECT ID, SHORTNUMBER, MASKPATTERN, MINLENGTH, MAXLENGTH, EXCLUDEPATTERN, DIRECTION, APPLICATION_ID FROM MASK; 
[2024-06-19 18:48:09.159] [micropagosdatabase] [database] [info] [e53d0eb24373] the query in the database tooks: 226.4874ms
[2024-06-19 18:48:09.160] [micropagosdatabase] [middleware] [info] [e53d0eb24373] Request took 228.3851ms
[2024-06-19 18:48:09.162] [micropagosdatabase] [middleware] [info] [d54a6251197f] New petition received
[2024-06-19 18:48:09.162] [micropagosdatabase] [middleware] [trace] [d54a6251197f] url: /usersInfo/d54a6251197f, method: GET
[2024-06-19 18:48:09.162] [micropagosdatabase] [handler] [info] [d54a6251197f] starting to get users info
[2024-06-19 18:48:09.162] [micropagosdatabase] [database] [trace] [d54a6251197f] starting to get the users information
[2024-06-19 18:48:09.162] [micropagosdatabase] [database] [trace] [d54a6251197f] this is the QUERY: SELECT u.id, u.username, u.password, u.lastlogin, d.name FROM user u JOIN domain d ON d.id = u.domain_id JOIN user_role AS ur ON ur.user_id = u.id JOIN role AS r ON r.id = ur.role_id WHERE r.name = 'webservice' AND r.system = 'raven'
[2024-06-19 18:48:09.393] [micropagosdatabase] [database] [info] [d54a6251197f] the query in the database tooks: 230.1061ms
[2024-06-19 18:48:09.393] [micropagosdatabase] [middleware] [info] [d54a6251197f] Request took 230.7865ms
[2024-06-19 18:50:08.937] [micropagosdatabase] [middleware] [info] [9107ef2860bf] New petition received
[2024-06-19 18:50:08.937] [micropagosdatabase] [middleware] [trace] [9107ef2860bf] url: /masks/9107ef2860bf, method: GET
[2024-06-19 18:50:08.937] [micropagosdatabase] [handler] [info] [9107ef2860bf] starting to get the maskpatterns
[2024-06-19 18:50:08.937] [micropagosdatabase] [database] [trace] [9107ef2860bf] starting to get the mask patters
[2024-06-19 18:50:08.937] [micropagosdatabase] [database] [trace] [9107ef2860bf] this is the QUERY: SELECT ID, SHORTNUMBER, MASKPATTERN, MINLENGTH, MAXLENGTH, EXCLUDEPATTERN, DIRECTION, APPLICATION_ID FROM MASK; 
[2024-06-19 18:50:09.170] [micropagosdatabase] [database] [info] [9107ef2860bf] the query in the database tooks: 232.6764ms
[2024-06-19 18:50:09.171] [micropagosdatabase] [middleware] [info] [9107ef2860bf] Request took 234.1822ms
[2024-06-19 18:50:09.180] [micropagosdatabase] [middleware] [info] [84a8414c73f3] New petition received
[2024-06-19 18:50:09.180] [micropagosdatabase] [middleware] [trace] [84a8414c73f3] url: /usersInfo/84a8414c73f3, method: GET
[2024-06-19 18:50:09.180] [micropagosdatabase] [handler] [info] [84a8414c73f3] starting to get users info
[2024-06-19 18:50:09.181] [micropagosdatabase] [database] [trace] [84a8414c73f3] starting to get the users information
[2024-06-19 18:50:09.181] [micropagosdatabase] [database] [trace] [84a8414c73f3] this is the QUERY: SELECT u.id, u.username, u.password, u.lastlogin, d.name FROM user u JOIN domain d ON d.id = u.domain_id JOIN user_role AS ur ON ur.user_id = u.id JOIN role AS r ON r.id = ur.role_id WHERE r.name = 'webservice' AND r.system = 'raven'
[2024-06-19 18:50:09.477] [micropagosdatabase] [database] [info] [84a8414c73f3] the query in the database tooks: 296.4409ms
[2024-06-19 18:50:09.477] [micropagosdatabase] [middleware] [info] [84a8414c73f3] Request took 297.083ms
[2024-06-19 18:52:08.942] [micropagosdatabase] [middleware] [info] [2450010da8fe] New petition received
[2024-06-19 18:52:08.942] [micropagosdatabase] [middleware] [trace] [2450010da8fe] url: /masks/2450010da8fe, method: GET
[2024-06-19 18:52:08.942] [micropagosdatabase] [handler] [info] [2450010da8fe] starting to get the maskpatterns
[2024-06-19 18:52:08.942] [micropagosdatabase] [database] [trace] [2450010da8fe] starting to get the mask patters
[2024-06-19 18:52:08.942] [micropagosdatabase] [database] [trace] [2450010da8fe] this is the QUERY: SELECT ID, SHORTNUMBER, MASKPATTERN, MINLENGTH, MAXLENGTH, EXCLUDEPATTERN, DIRECTION, APPLICATION_ID FROM MASK; 
[2024-06-19 18:52:09.165] [micropagosdatabase] [database] [info] [2450010da8fe] the query in the database tooks: 222.5634ms
[2024-06-19 18:52:09.166] [micropagosdatabase] [middleware] [info] [2450010da8fe] Request took 223.6441ms
[2024-06-19 18:52:09.168] [micropagosdatabase] [middleware] [info] [01912c9d6fc4] New petition received
[2024-06-19 18:52:09.168] [micropagosdatabase] [middleware] [trace] [01912c9d6fc4] url: /usersInfo/01912c9d6fc4, method: GET
[2024-06-19 18:52:09.168] [micropagosdatabase] [handler] [info] [01912c9d6fc4] starting to get users info
[2024-06-19 18:52:09.168] [micropagosdatabase] [database] [trace] [01912c9d6fc4] starting to get the users information
[2024-06-19 18:52:09.168] [micropagosdatabase] [database] [trace] [01912c9d6fc4] this is the QUERY: SELECT u.id, u.username, u.password, u.lastlogin, d.name FROM user u JOIN domain d ON d.id = u.domain_id JOIN user_role AS ur ON ur.user_id = u.id JOIN role AS r ON r.id = ur.role_id WHERE r.name = 'webservice' AND r.system = 'raven'
[2024-06-19 18:52:09.383] [micropagosdatabase] [database] [info] [01912c9d6fc4] the query in the database tooks: 214.6849ms
[2024-06-19 18:52:09.383] [micropagosdatabase] [middleware] [info] [01912c9d6fc4] Request took 215.4711ms
[2024-06-19 18:54:08.936] [micropagosdatabase] [middleware] [info] [1dcb82424d21] New petition received
[2024-06-19 18:54:08.936] [micropagosdatabase] [middleware] [trace] [1dcb82424d21] url: /masks/1dcb82424d21, method: GET
[2024-06-19 18:54:08.937] [micropagosdatabase] [handler] [info] [1dcb82424d21] starting to get the maskpatterns
[2024-06-19 18:54:08.937] [micropagosdatabase] [database] [trace] [1dcb82424d21] starting to get the mask patters
[2024-06-19 18:54:08.937] [micropagosdatabase] [database] [trace] [1dcb82424d21] this is the QUERY: SELECT ID, SHORTNUMBER, MASKPATTERN, MINLENGTH, MAXLENGTH, EXCLUDEPATTERN, DIRECTION, APPLICATION_ID FROM MASK; 
[2024-06-19 18:54:09.163] [micropagosdatabase] [database] [info] [1dcb82424d21] the query in the database tooks: 225.5197ms
[2024-06-19 18:54:09.163] [micropagosdatabase] [middleware] [info] [1dcb82424d21] Request took 226.489ms
[2024-06-19 18:54:09.165] [micropagosdatabase] [middleware] [info] [2837f53a2c2a] New petition received
[2024-06-19 18:54:09.165] [micropagosdatabase] [middleware] [trace] [2837f53a2c2a] url: /usersInfo/2837f53a2c2a, method: GET
[2024-06-19 18:54:09.165] [micropagosdatabase] [handler] [info] [2837f53a2c2a] starting to get users info
[2024-06-19 18:54:09.165] [micropagosdatabase] [database] [trace] [2837f53a2c2a] starting to get the users information
[2024-06-19 18:54:09.165] [micropagosdatabase] [database] [trace] [2837f53a2c2a] this is the QUERY: SELECT u.id, u.username, u.password, u.lastlogin, d.name FROM user u JOIN domain d ON d.id = u.domain_id JOIN user_role AS ur ON ur.user_id = u.id JOIN role AS r ON r.id = ur.role_id WHERE r.name = 'webservice' AND r.system = 'raven'
[2024-06-19 18:54:09.458] [micropagosdatabase] [database] [info] [2837f53a2c2a] the query in the database tooks: 292.5407ms
[2024-06-19 18:54:09.459] [micropagosdatabase] [middleware] [info] [2837f53a2c2a] Request took 294.055ms
[2024-06-19 18:56:08.939] [micropagosdatabase] [middleware] [info] [4e060492261b] New petition received
[2024-06-19 18:56:08.939] [micropagosdatabase] [middleware] [trace] [4e060492261b] url: /masks/4e060492261b, method: GET
[2024-06-19 18:56:08.939] [micropagosdatabase] [handler] [info] [4e060492261b] starting to get the maskpatterns
[2024-06-19 18:56:08.939] [micropagosdatabase] [database] [trace] [4e060492261b] starting to get the mask patters
[2024-06-19 18:56:08.939] [micropagosdatabase] [database] [trace] [4e060492261b] this is the QUERY: SELECT ID, SHORTNUMBER, MASKPATTERN, MINLENGTH, MAXLENGTH, EXCLUDEPATTERN, DIRECTION, APPLICATION_ID FROM MASK; 
[2024-06-19 18:56:09.144] [micropagosdatabase] [database] [info] [4e060492261b] the query in the database tooks: 205.364ms
[2024-06-19 18:56:09.145] [micropagosdatabase] [middleware] [info] [4e060492261b] Request took 206.286ms
[2024-06-19 18:56:09.146] [micropagosdatabase] [middleware] [info] [981e3d986358] New petition received
[2024-06-19 18:56:09.146] [micropagosdatabase] [middleware] [trace] [981e3d986358] url: /usersInfo/981e3d986358, method: GET
[2024-06-19 18:56:09.146] [micropagosdatabase] [handler] [info] [981e3d986358] starting to get users info
[2024-06-19 18:56:09.147] [micropagosdatabase] [database] [trace] [981e3d986358] starting to get the users information
[2024-06-19 18:56:09.147] [micropagosdatabase] [database] [trace] [981e3d986358] this is the QUERY: SELECT u.id, u.username, u.password, u.lastlogin, d.name FROM user u JOIN domain d ON d.id = u.domain_id JOIN user_role AS ur ON ur.user_id = u.id JOIN role AS r ON r.id = ur.role_id WHERE r.name = 'webservice' AND r.system = 'raven'
[2024-06-19 18:56:09.411] [micropagosdatabase] [database] [info] [981e3d986358] the query in the database tooks: 263.6435ms
[2024-06-19 18:56:09.411] [micropagosdatabase] [middleware] [info] [981e3d986358] Request took 264.3493ms
[2024-06-19 18:58:08.938] [micropagosdatabase] [middleware] [info] [4bf6ba32a76a] New petition received
[2024-06-19 18:58:08.938] [micropagosdatabase] [middleware] [trace] [4bf6ba32a76a] url: /masks/4bf6ba32a76a, method: GET
[2024-06-19 18:58:08.938] [micropagosdatabase] [handler] [info] [4bf6ba32a76a] starting to get the maskpatterns
[2024-06-19 18:58:08.938] [micropagosdatabase] [database] [trace] [4bf6ba32a76a] starting to get the mask patters
[2024-06-19 18:58:08.939] [micropagosdatabase] [database] [trace] [4bf6ba32a76a] this is the QUERY: SELECT ID, SHORTNUMBER, MASKPATTERN, MINLENGTH, MAXLENGTH, EXCLUDEPATTERN, DIRECTION, APPLICATION_ID FROM MASK; 
[2024-06-19 18:58:09.143] [micropagosdatabase] [database] [info] [4bf6ba32a76a] the query in the database tooks: 204.1285ms
[2024-06-19 18:58:09.143] [micropagosdatabase] [middleware] [info] [4bf6ba32a76a] Request took 205.016ms
[2024-06-19 18:58:09.145] [micropagosdatabase] [middleware] [info] [b56e0d4df7ed] New petition received
[2024-06-19 18:58:09.145] [micropagosdatabase] [middleware] [trace] [b56e0d4df7ed] url: /usersInfo/b56e0d4df7ed, method: GET
[2024-06-19 18:58:09.146] [micropagosdatabase] [handler] [info] [b56e0d4df7ed] starting to get users info
[2024-06-19 18:58:09.146] [micropagosdatabase] [database] [trace] [b56e0d4df7ed] starting to get the users information
[2024-06-19 18:58:09.146] [micropagosdatabase] [database] [trace] [b56e0d4df7ed] this is the QUERY: SELECT u.id, u.username, u.password, u.lastlogin, d.name FROM user u JOIN domain d ON d.id = u.domain_id JOIN user_role AS ur ON ur.user_id = u.id JOIN role AS r ON r.id = ur.role_id WHERE r.name = 'webservice' AND r.system = 'raven'
[2024-06-19 18:58:09.405] [micropagosdatabase] [database] [info] [b56e0d4df7ed] the query in the database tooks: 259.8766ms
[2024-06-19 18:58:09.406] [micropagosdatabase] [middleware] [info] [b56e0d4df7ed] Request took 261.2755ms
