[2024-06-19 19:00:08.932] [micropagosdatabase] [middleware] [info] [d09dddc675c2] New petition received
[2024-06-19 19:00:08.933] [micropagosdatabase] [middleware] [trace] [d09dddc675c2] url: /masks/d09dddc675c2, method: GET
[2024-06-19 19:00:08.933] [micropagosdatabase] [handler] [info] [d09dddc675c2] starting to get the maskpatterns
[2024-06-19 19:00:08.933] [micropagosdatabase] [database] [trace] [d09dddc675c2] starting to get the mask patters
[2024-06-19 19:00:08.933] [micropagosdatabase] [database] [trace] [d09dddc675c2] this is the QUERY: SELECT ID, SHORTNUMBER, MASKPATTERN, MINLENGTH, MAXLENGTH, EXCLUDEPATTERN, DIRECTION, APPLICATION_ID FROM MASK; 
[2024-06-19 19:00:09.160] [micropagosdatabase] [database] [info] [d09dddc675c2] the query in the database tooks: 227.3286ms
[2024-06-19 19:00:09.161] [micropagosdatabase] [middleware] [info] [d09dddc675c2] Request took 228.8571ms
[2024-06-19 19:00:09.163] [micropagosdatabase] [middleware] [info] [e8d363d64a93] New petition received
[2024-06-19 19:00:09.163] [micropagosdatabase] [middleware] [trace] [e8d363d64a93] url: /usersInfo/e8d363d64a93, method: GET
[2024-06-19 19:00:09.163] [micropagosdatabase] [handler] [info] [e8d363d64a93] starting to get users info
[2024-06-19 19:00:09.163] [micropagosdatabase] [database] [trace] [e8d363d64a93] starting to get the users information
[2024-06-19 19:00:09.164] [micropagosdatabase] [database] [trace] [e8d363d64a93] this is the QUERY: SELECT u.id, u.username, u.password, u.lastlogin, d.name FROM user u JOIN domain d ON d.id = u.domain_id JOIN user_role AS ur ON ur.user_id = u.id JOIN role AS r ON r.id = ur.role_id WHERE r.name = 'webservice' AND r.system = 'raven'
[2024-06-19 19:00:09.444] [micropagosdatabase] [database] [info] [e8d363d64a93] the query in the database tooks: 280.778ms
[2024-06-19 19:00:09.444] [micropagosdatabase] [middleware] [info] [e8d363d64a93] Request took 281.491ms
[2024-06-19 19:02:08.937] [micropagosdatabase] [middleware] [info] [0c5251e4f539] New petition received
[2024-06-19 19:02:08.938] [micropagosdatabase] [middleware] [trace] [0c5251e4f539] url: /masks/0c5251e4f539, method: GET
[2024-06-19 19:02:08.938] [micropagosdatabase] [handler] [info] [0c5251e4f539] starting to get the maskpatterns
[2024-06-19 19:02:08.938] [micropagosdatabase] [database] [trace] [0c5251e4f539] starting to get the mask patters
[2024-06-19 19:02:08.938] [micropagosdatabase] [database] [trace] [0c5251e4f539] this is the QUERY: SELECT ID, SHORTNUMBER, MASKPATTERN, MINLENGTH, MAXLENGTH, EXCLUDEPATTERN, DIRECTION, APPLICATION_ID FROM MASK; 
[2024-06-19 19:02:09.143] [micropagosdatabase] [database] [info] [0c5251e4f539] the query in the database tooks: 204.7594ms
[2024-06-19 19:02:09.143] [micropagosdatabase] [middleware] [info] [0c5251e4f539] Request took 205.9348ms
[2024-06-19 19:02:09.145] [micropagosdatabase] [middleware] [info] [bbbe16aa793a] New petition received
[2024-06-19 19:02:09.145] [micropagosdatabase] [middleware] [trace] [bbbe16aa793a] url: /usersInfo/bbbe16aa793a, method: GET
[2024-06-19 19:02:09.145] [micropagosdatabase] [handler] [info] [bbbe16aa793a] starting to get users info
[2024-06-19 19:02:09.145] [micropagosdatabase] [database] [trace] [bbbe16aa793a] starting to get the users information
[2024-06-19 19:02:09.145] [micropagosdatabase] [database] [trace] [bbbe16aa793a] this is the QUERY: SELECT u.id, u.username, u.password, u.lastlogin, d.name FROM user u JOIN domain d ON d.id = u.domain_id JOIN user_role AS ur ON ur.user_id = u.id JOIN role AS r ON r.id = ur.role_id WHERE r.name = 'webservice' AND r.system = 'raven'
[2024-06-19 19:02:09.421] [micropagosdatabase] [database] [info] [bbbe16aa793a] the query in the database tooks: 275.2097ms
[2024-06-19 19:02:09.421] [micropagosdatabase] [middleware] [info] [bbbe16aa793a] Request took 276.2781ms
[2024-06-19 19:04:08.941] [micropagosdatabase] [middleware] [info] [fca1c9628170] New petition received
[2024-06-19 19:04:08.941] [micropagosdatabase] [middleware] [trace] [fca1c9628170] url: /masks/fca1c9628170, method: GET
[2024-06-19 19:04:08.941] [micropagosdatabase] [handler] [info] [fca1c9628170] starting to get the maskpatterns
[2024-06-19 19:04:08.942] [micropagosdatabase] [database] [trace] [fca1c9628170] starting to get the mask patters
[2024-06-19 19:04:08.942] [micropagosdatabase] [database] [trace] [fca1c9628170] this is the QUERY: SELECT ID, SHORTNUMBER, MASKPATTERN, MINLENGTH, MAXLENGTH, EXCLUDEPATTERN, DIRECTION, APPLICATION_ID FROM MASK; 
[2024-06-19 19:04:09.147] [micropagosdatabase] [database] [info] [fca1c9628170] the query in the database tooks: 205.47ms
[2024-06-19 19:04:09.148] [micropagosdatabase] [middleware] [info] [fca1c9628170] Request took 206.7153ms
[2024-06-19 19:04:09.151] [micropagosdatabase] [middleware] [info] [d0d5f0419feb] New petition received
[2024-06-19 19:04:09.151] [micropagosdatabase] [middleware] [trace] [d0d5f0419feb] url: /usersInfo/d0d5f0419feb, method: GET
[2024-06-19 19:04:09.151] [micropagosdatabase] [handler] [info] [d0d5f0419feb] starting to get users info
[2024-06-19 19:04:09.151] [micropagosdatabase] [database] [trace] [d0d5f0419feb] starting to get the users information
[2024-06-19 19:04:09.152] [micropagosdatabase] [database] [trace] [d0d5f0419feb] this is the QUERY: SELECT u.id, u.username, u.password, u.lastlogin, d.name FROM user u JOIN domain d ON d.id = u.domain_id JOIN user_role AS ur ON ur.user_id = u.id JOIN role AS r ON r.id = ur.role_id WHERE r.name = 'webservice' AND r.system = 'raven'
[2024-06-19 19:04:09.413] [micropagosdatabase] [database] [info] [d0d5f0419feb] the query in the database tooks: 260.6461ms
[2024-06-19 19:04:09.414] [micropagosdatabase] [middleware] [info] [d0d5f0419feb] Request took 262.5675ms
[2024-06-19 19:06:08.930] [micropagosdatabase] [middleware] [info] [aaeddb0ff808] New petition received
[2024-06-19 19:06:08.931] [micropagosdatabase] [middleware] [trace] [aaeddb0ff808] url: /masks/aaeddb0ff808, method: GET
[2024-06-19 19:06:08.931] [micropagosdatabase] [handler] [info] [aaeddb0ff808] starting to get the maskpatterns
[2024-06-19 19:06:08.931] [micropagosdatabase] [database] [trace] [aaeddb0ff808] starting to get the mask patters
[2024-06-19 19:06:08.931] [micropagosdatabase] [database] [trace] [aaeddb0ff808] this is the QUERY: SELECT ID, SHORTNUMBER, MASKPATTERN, MINLENGTH, MAXLENGTH, EXCLUDEPATTERN, DIRECTION, APPLICATION_ID FROM MASK; 
[2024-06-19 19:06:09.203] [micropagosdatabase] [database] [info] [aaeddb0ff808] the query in the database tooks: 271.8808ms
[2024-06-19 19:06:09.204] [micropagosdatabase] [middleware] [info] [aaeddb0ff808] Request took 273.2899ms
[2024-06-19 19:06:09.205] [micropagosdatabase] [middleware] [info] [9ab31b62dacf] New petition received
[2024-06-19 19:06:09.205] [micropagosdatabase] [middleware] [trace] [9ab31b62dacf] url: /usersInfo/9ab31b62dacf, method: GET
[2024-06-19 19:06:09.205] [micropagosdatabase] [handler] [info] [9ab31b62dacf] starting to get users info
[2024-06-19 19:06:09.205] [micropagosdatabase] [database] [trace] [9ab31b62dacf] starting to get the users information
[2024-06-19 19:06:09.206] [micropagosdatabase] [database] [trace] [9ab31b62dacf] this is the QUERY: SELECT u.id, u.username, u.password, u.lastlogin, d.name FROM user u JOIN domain d ON d.id = u.domain_id JOIN user_role AS ur ON ur.user_id = u.id JOIN role AS r ON r.id = ur.role_id WHERE r.name = 'webservice' AND r.system = 'raven'
[2024-06-19 19:06:09.428] [micropagosdatabase] [database] [info] [9ab31b62dacf] the query in the database tooks: 222.38ms
[2024-06-19 19:06:09.428] [micropagosdatabase] [middleware] [info] [9ab31b62dacf] Request took 222.975ms
[2024-06-19 19:08:08.937] [micropagosdatabase] [middleware] [info] [d2cbfa5e69b8] New petition received
[2024-06-19 19:08:08.938] [micropagosdatabase] [middleware] [trace] [d2cbfa5e69b8] url: /masks/d2cbfa5e69b8, method: GET
[2024-06-19 19:08:08.938] [micropagosdatabase] [handler] [info] [d2cbfa5e69b8] starting to get the maskpatterns
[2024-06-19 19:08:08.938] [micropagosdatabase] [database] [trace] [d2cbfa5e69b8] starting to get the mask patters
[2024-06-19 19:08:08.938] [micropagosdatabase] [database] [trace] [d2cbfa5e69b8] this is the QUERY: SELECT ID, SHORTNUMBER, MASKPATTERN, MINLENGTH, MAXLENGTH, EXCLUDEPATTERN, DIRECTION, APPLICATION_ID FROM MASK; 
[2024-06-19 19:08:09.155] [micropagosdatabase] [database] [info] [d2cbfa5e69b8] the query in the database tooks: 217.8664ms
[2024-06-19 19:08:09.157] [micropagosdatabase] [middleware] [info] [d2cbfa5e69b8] Request took 219.7909ms
[2024-06-19 19:08:09.158] [micropagosdatabase] [middleware] [info] [ee70788b98e8] New petition received
[2024-06-19 19:08:09.159] [micropagosdatabase] [middleware] [trace] [ee70788b98e8] url: /usersInfo/ee70788b98e8, method: GET
[2024-06-19 19:08:09.159] [micropagosdatabase] [handler] [info] [ee70788b98e8] starting to get users info
[2024-06-19 19:08:09.159] [micropagosdatabase] [database] [trace] [ee70788b98e8] starting to get the users information
[2024-06-19 19:08:09.159] [micropagosdatabase] [database] [trace] [ee70788b98e8] this is the QUERY: SELECT u.id, u.username, u.password, u.lastlogin, d.name FROM user u JOIN domain d ON d.id = u.domain_id JOIN user_role AS ur ON ur.user_id = u.id JOIN role AS r ON r.id = ur.role_id WHERE r.name = 'webservice' AND r.system = 'raven'
[2024-06-19 19:08:09.381] [micropagosdatabase] [database] [info] [ee70788b98e8] the query in the database tooks: 222.3213ms
[2024-06-19 19:08:09.382] [micropagosdatabase] [middleware] [info] [ee70788b98e8] Request took 223.2108ms
[2024-06-19 19:10:08.938] [micropagosdatabase] [middleware] [info] [aa4305e900e0] New petition received
[2024-06-19 19:10:08.939] [micropagosdatabase] [middleware] [trace] [aa4305e900e0] url: /masks/aa4305e900e0, method: GET
[2024-06-19 19:10:08.939] [micropagosdatabase] [handler] [info] [aa4305e900e0] starting to get the maskpatterns
[2024-06-19 19:10:08.939] [micropagosdatabase] [database] [trace] [aa4305e900e0] starting to get the mask patters
[2024-06-19 19:10:08.939] [micropagosdatabase] [database] [trace] [aa4305e900e0] this is the QUERY: SELECT ID, SHORTNUMBER, MASKPATTERN, MINLENGTH, MAXLENGTH, EXCLUDEPATTERN, DIRECTION, APPLICATION_ID FROM MASK; 
[2024-06-19 19:10:09.144] [micropagosdatabase] [database] [info] [aa4305e900e0] the query in the database tooks: 205.4694ms
[2024-06-19 19:10:09.145] [micropagosdatabase] [middleware] [info] [aa4305e900e0] Request took 206.3136ms
[2024-06-19 19:10:09.146] [micropagosdatabase] [middleware] [info] [be01d2e29816] New petition received
[2024-06-19 19:10:09.147] [micropagosdatabase] [middleware] [trace] [be01d2e29816] url: /usersInfo/be01d2e29816, method: GET
[2024-06-19 19:10:09.147] [micropagosdatabase] [handler] [info] [be01d2e29816] starting to get users info
[2024-06-19 19:10:09.147] [micropagosdatabase] [database] [trace] [be01d2e29816] starting to get the users information
[2024-06-19 19:10:09.147] [micropagosdatabase] [database] [trace] [be01d2e29816] this is the QUERY: SELECT u.id, u.username, u.password, u.lastlogin, d.name FROM user u JOIN domain d ON d.id = u.domain_id JOIN user_role AS ur ON ur.user_id = u.id JOIN role AS r ON r.id = ur.role_id WHERE r.name = 'webservice' AND r.system = 'raven'
[2024-06-19 19:10:09.406] [micropagosdatabase] [database] [info] [be01d2e29816] the query in the database tooks: 258.9439ms
[2024-06-19 19:10:09.407] [micropagosdatabase] [middleware] [info] [be01d2e29816] Request took 260.4129ms
[2024-06-19 19:12:08.943] [micropagosdatabase] [middleware] [info] [618eebe358e5] New petition received
[2024-06-19 19:12:08.943] [micropagosdatabase] [middleware] [trace] [618eebe358e5] url: /masks/618eebe358e5, method: GET
[2024-06-19 19:12:08.943] [micropagosdatabase] [handler] [info] [618eebe358e5] starting to get the maskpatterns
[2024-06-19 19:12:08.944] [micropagosdatabase] [database] [trace] [618eebe358e5] starting to get the mask patters
[2024-06-19 19:12:08.944] [micropagosdatabase] [database] [trace] [618eebe358e5] this is the QUERY: SELECT ID, SHORTNUMBER, MASKPATTERN, MINLENGTH, MAXLENGTH, EXCLUDEPATTERN, DIRECTION, APPLICATION_ID FROM MASK; 
[2024-06-19 19:12:09.160] [micropagosdatabase] [database] [info] [618eebe358e5] the query in the database tooks: 216.3989ms
[2024-06-19 19:12:09.160] [micropagosdatabase] [middleware] [info] [618eebe358e5] Request took 217.4748ms
[2024-06-19 19:12:09.162] [micropagosdatabase] [middleware] [info] [71043d430caa] New petition received
[2024-06-19 19:12:09.163] [micropagosdatabase] [middleware] [trace] [71043d430caa] url: /usersInfo/71043d430caa, method: GET
[2024-06-19 19:12:09.163] [micropagosdatabase] [handler] [info] [71043d430caa] starting to get users info
[2024-06-19 19:12:09.163] [micropagosdatabase] [database] [trace] [71043d430caa] starting to get the users information
[2024-06-19 19:12:09.163] [micropagosdatabase] [database] [trace] [71043d430caa] this is the QUERY: SELECT u.id, u.username, u.password, u.lastlogin, d.name FROM user u JOIN domain d ON d.id = u.domain_id JOIN user_role AS ur ON ur.user_id = u.id JOIN role AS r ON r.id = ur.role_id WHERE r.name = 'webservice' AND r.system = 'raven'
[2024-06-19 19:12:09.438] [micropagosdatabase] [database] [info] [71043d430caa] the query in the database tooks: 275.2017ms
[2024-06-19 19:12:09.438] [micropagosdatabase] [middleware] [info] [71043d430caa] Request took 275.7344ms
[2024-06-19 19:14:08.932] [micropagosdatabase] [middleware] [info] [fdb66606d119] New petition received
[2024-06-19 19:14:08.932] [micropagosdatabase] [middleware] [trace] [fdb66606d119] url: /masks/fdb66606d119, method: GET
[2024-06-19 19:14:08.932] [micropagosdatabase] [handler] [info] [fdb66606d119] starting to get the maskpatterns
[2024-06-19 19:14:08.934] [micropagosdatabase] [database] [trace] [fdb66606d119] starting to get the mask patters
[2024-06-19 19:14:08.934] [micropagosdatabase] [database] [trace] [fdb66606d119] this is the QUERY: SELECT ID, SHORTNUMBER, MASKPATTERN, MINLENGTH, MAXLENGTH, EXCLUDEPATTERN, DIRECTION, APPLICATION_ID FROM MASK; 
[2024-06-19 19:14:09.146] [micropagosdatabase] [database] [info] [fdb66606d119] the query in the database tooks: 211.8009ms
[2024-06-19 19:14:09.146] [micropagosdatabase] [middleware] [info] [fdb66606d119] Request took 214.4033ms
[2024-06-19 19:14:09.148] [micropagosdatabase] [middleware] [info] [602c3c432618] New petition received
[2024-06-19 19:14:09.148] [micropagosdatabase] [middleware] [trace] [602c3c432618] url: /usersInfo/602c3c432618, method: GET
[2024-06-19 19:14:09.148] [micropagosdatabase] [handler] [info] [602c3c432618] starting to get users info
[2024-06-19 19:14:09.148] [micropagosdatabase] [database] [trace] [602c3c432618] starting to get the users information
[2024-06-19 19:14:09.148] [micropagosdatabase] [database] [trace] [602c3c432618] this is the QUERY: SELECT u.id, u.username, u.password, u.lastlogin, d.name FROM user u JOIN domain d ON d.id = u.domain_id JOIN user_role AS ur ON ur.user_id = u.id JOIN role AS r ON r.id = ur.role_id WHERE r.name = 'webservice' AND r.system = 'raven'
[2024-06-19 19:14:09.421] [micropagosdatabase] [database] [info] [602c3c432618] the query in the database tooks: 273.2496ms
[2024-06-19 19:14:09.422] [micropagosdatabase] [middleware] [info] [602c3c432618] Request took 274.1337ms
[2024-06-19 19:16:08.945] [micropagosdatabase] [middleware] [info] [2a264543cf82] New petition received
[2024-06-19 19:16:08.945] [micropagosdatabase] [middleware] [trace] [2a264543cf82] url: /masks/2a264543cf82, method: GET
[2024-06-19 19:16:08.946] [micropagosdatabase] [handler] [info] [2a264543cf82] starting to get the maskpatterns
[2024-06-19 19:16:08.946] [micropagosdatabase] [database] [trace] [2a264543cf82] starting to get the mask patters
[2024-06-19 19:16:08.946] [micropagosdatabase] [database] [trace] [2a264543cf82] this is the QUERY: SELECT ID, SHORTNUMBER, MASKPATTERN, MINLENGTH, MAXLENGTH, EXCLUDEPATTERN, DIRECTION, APPLICATION_ID FROM MASK; 
[2024-06-19 19:16:09.146] [micropagosdatabase] [database] [info] [2a264543cf82] the query in the database tooks: 200.2601ms
[2024-06-19 19:16:09.146] [micropagosdatabase] [middleware] [info] [2a264543cf82] Request took 200.7857ms
[2024-06-19 19:16:09.148] [micropagosdatabase] [middleware] [info] [acef6d005cc5] New petition received
[2024-06-19 19:16:09.148] [micropagosdatabase] [middleware] [trace] [acef6d005cc5] url: /usersInfo/acef6d005cc5, method: GET
[2024-06-19 19:16:09.148] [micropagosdatabase] [handler] [info] [acef6d005cc5] starting to get users info
[2024-06-19 19:16:09.148] [micropagosdatabase] [database] [trace] [acef6d005cc5] starting to get the users information
[2024-06-19 19:16:09.148] [micropagosdatabase] [database] [trace] [acef6d005cc5] this is the QUERY: SELECT u.id, u.username, u.password, u.lastlogin, d.name FROM user u JOIN domain d ON d.id = u.domain_id JOIN user_role AS ur ON ur.user_id = u.id JOIN role AS r ON r.id = ur.role_id WHERE r.name = 'webservice' AND r.system = 'raven'
[2024-06-19 19:16:09.417] [micropagosdatabase] [database] [info] [acef6d005cc5] the query in the database tooks: 269.1941ms
[2024-06-19 19:16:09.418] [micropagosdatabase] [middleware] [info] [acef6d005cc5] Request took 270.1376ms
[2024-06-19 19:18:08.936] [micropagosdatabase] [middleware] [info] [3554b06a2419] New petition received
[2024-06-19 19:18:08.936] [micropagosdatabase] [middleware] [trace] [3554b06a2419] url: /masks/3554b06a2419, method: GET
[2024-06-19 19:18:08.936] [micropagosdatabase] [handler] [info] [3554b06a2419] starting to get the maskpatterns
[2024-06-19 19:18:08.936] [micropagosdatabase] [database] [trace] [3554b06a2419] starting to get the mask patters
[2024-06-19 19:18:08.936] [micropagosdatabase] [database] [trace] [3554b06a2419] this is the QUERY: SELECT ID, SHORTNUMBER, MASKPATTERN, MINLENGTH, MAXLENGTH, EXCLUDEPATTERN, DIRECTION, APPLICATION_ID FROM MASK; 
[2024-06-19 19:18:09.149] [micropagosdatabase] [database] [info] [3554b06a2419] the query in the database tooks: 212.9892ms
[2024-06-19 19:18:09.149] [micropagosdatabase] [middleware] [info] [3554b06a2419] Request took 213.0505ms
[2024-06-19 19:18:09.151] [micropagosdatabase] [middleware] [info] [ccccefda7823] New petition received
[2024-06-19 19:18:09.151] [micropagosdatabase] [middleware] [trace] [ccccefda7823] url: /usersInfo/ccccefda7823, method: GET
[2024-06-19 19:18:09.151] [micropagosdatabase] [handler] [info] [ccccefda7823] starting to get users info
[2024-06-19 19:18:09.151] [micropagosdatabase] [database] [trace] [ccccefda7823] starting to get the users information
[2024-06-19 19:18:09.151] [micropagosdatabase] [database] [trace] [ccccefda7823] this is the QUERY: SELECT u.id, u.username, u.password, u.lastlogin, d.name FROM user u JOIN domain d ON d.id = u.domain_id JOIN user_role AS ur ON ur.user_id = u.id JOIN role AS r ON r.id = ur.role_id WHERE r.name = 'webservice' AND r.system = 'raven'
[2024-06-19 19:18:09.418] [micropagosdatabase] [database] [info] [ccccefda7823] the query in the database tooks: 267.1984ms
[2024-06-19 19:18:09.419] [micropagosdatabase] [middleware] [info] [ccccefda7823] Request took 268.1128ms
[2024-06-19 19:20:08.937] [micropagosdatabase] [middleware] [info] [2fa7b5a8801f] New petition received
[2024-06-19 19:20:08.937] [micropagosdatabase] [middleware] [trace] [2fa7b5a8801f] url: /masks/2fa7b5a8801f, method: GET
[2024-06-19 19:20:08.937] [micropagosdatabase] [handler] [info] [2fa7b5a8801f] starting to get the maskpatterns
[2024-06-19 19:20:08.937] [micropagosdatabase] [database] [trace] [2fa7b5a8801f] starting to get the mask patters
[2024-06-19 19:20:08.937] [micropagosdatabase] [database] [trace] [2fa7b5a8801f] this is the QUERY: SELECT ID, SHORTNUMBER, MASKPATTERN, MINLENGTH, MAXLENGTH, EXCLUDEPATTERN, DIRECTION, APPLICATION_ID FROM MASK; 
[2024-06-19 19:20:09.151] [micropagosdatabase] [database] [info] [2fa7b5a8801f] the query in the database tooks: 213.7016ms
[2024-06-19 19:20:09.151] [micropagosdatabase] [middleware] [info] [2fa7b5a8801f] Request took 214.229ms
[2024-06-19 19:20:09.153] [micropagosdatabase] [middleware] [info] [c7bb21ab259c] New petition received
[2024-06-19 19:20:09.153] [micropagosdatabase] [middleware] [trace] [c7bb21ab259c] url: /usersInfo/c7bb21ab259c, method: GET
[2024-06-19 19:20:09.153] [micropagosdatabase] [handler] [info] [c7bb21ab259c] starting to get users info
[2024-06-19 19:20:09.153] [micropagosdatabase] [database] [trace] [c7bb21ab259c] starting to get the users information
[2024-06-19 19:20:09.153] [micropagosdatabase] [database] [trace] [c7bb21ab259c] this is the QUERY: SELECT u.id, u.username, u.password, u.lastlogin, d.name FROM user u JOIN domain d ON d.id = u.domain_id JOIN user_role AS ur ON ur.user_id = u.id JOIN role AS r ON r.id = ur.role_id WHERE r.name = 'webservice' AND r.system = 'raven'
[2024-06-19 19:20:09.420] [micropagosdatabase] [database] [info] [c7bb21ab259c] the query in the database tooks: 267.0867ms
[2024-06-19 19:20:09.421] [micropagosdatabase] [middleware] [info] [c7bb21ab259c] Request took 268.1474ms
[2024-06-19 19:22:08.931] [micropagosdatabase] [middleware] [info] [7231574f1b79] New petition received
[2024-06-19 19:22:08.932] [micropagosdatabase] [middleware] [trace] [7231574f1b79] url: /masks/7231574f1b79, method: GET
[2024-06-19 19:22:08.932] [micropagosdatabase] [handler] [info] [7231574f1b79] starting to get the maskpatterns
[2024-06-19 19:22:08.932] [micropagosdatabase] [database] [trace] [7231574f1b79] starting to get the mask patters
[2024-06-19 19:22:08.932] [micropagosdatabase] [database] [trace] [7231574f1b79] this is the QUERY: SELECT ID, SHORTNUMBER, MASKPATTERN, MINLENGTH, MAXLENGTH, EXCLUDEPATTERN, DIRECTION, APPLICATION_ID FROM MASK; 
[2024-06-19 19:22:09.141] [micropagosdatabase] [database] [info] [7231574f1b79] the query in the database tooks: 209.084ms
[2024-06-19 19:22:09.141] [micropagosdatabase] [middleware] [info] [7231574f1b79] Request took 210.0409ms
[2024-06-19 19:22:09.144] [micropagosdatabase] [middleware] [info] [bed5cbb0d4e3] New petition received
[2024-06-19 19:22:09.144] [micropagosdatabase] [middleware] [trace] [bed5cbb0d4e3] url: /usersInfo/bed5cbb0d4e3, method: GET
[2024-06-19 19:22:09.144] [micropagosdatabase] [handler] [info] [bed5cbb0d4e3] starting to get users info
[2024-06-19 19:22:09.144] [micropagosdatabase] [database] [trace] [bed5cbb0d4e3] starting to get the users information
[2024-06-19 19:22:09.145] [micropagosdatabase] [database] [trace] [bed5cbb0d4e3] this is the QUERY: SELECT u.id, u.username, u.password, u.lastlogin, d.name FROM user u JOIN domain d ON d.id = u.domain_id JOIN user_role AS ur ON ur.user_id = u.id JOIN role AS r ON r.id = ur.role_id WHERE r.name = 'webservice' AND r.system = 'raven'
[2024-06-19 19:22:09.419] [micropagosdatabase] [database] [info] [bed5cbb0d4e3] the query in the database tooks: 274.3122ms
[2024-06-19 19:22:09.420] [micropagosdatabase] [middleware] [info] [bed5cbb0d4e3] Request took 275.6116ms
[2024-06-19 19:24:08.934] [micropagosdatabase] [middleware] [info] [fa14f5b4e604] New petition received
[2024-06-19 19:24:08.934] [micropagosdatabase] [middleware] [trace] [fa14f5b4e604] url: /masks/fa14f5b4e604, method: GET
[2024-06-19 19:24:08.934] [micropagosdatabase] [handler] [info] [fa14f5b4e604] starting to get the maskpatterns
[2024-06-19 19:24:08.934] [micropagosdatabase] [database] [trace] [fa14f5b4e604] starting to get the mask patters
[2024-06-19 19:24:08.934] [micropagosdatabase] [database] [trace] [fa14f5b4e604] this is the QUERY: SELECT ID, SHORTNUMBER, MASKPATTERN, MINLENGTH, MAXLENGTH, EXCLUDEPATTERN, DIRECTION, APPLICATION_ID FROM MASK; 
[2024-06-19 19:24:09.151] [micropagosdatabase] [database] [info] [fa14f5b4e604] the query in the database tooks: 216.9951ms
[2024-06-19 19:24:09.152] [micropagosdatabase] [middleware] [info] [fa14f5b4e604] Request took 218.5543ms
[2024-06-19 19:24:09.154] [micropagosdatabase] [middleware] [info] [4c42169b2bd1] New petition received
[2024-06-19 19:24:09.155] [micropagosdatabase] [middleware] [trace] [4c42169b2bd1] url: /usersInfo/4c42169b2bd1, method: GET
[2024-06-19 19:24:09.155] [micropagosdatabase] [handler] [info] [4c42169b2bd1] starting to get users info
[2024-06-19 19:24:09.155] [micropagosdatabase] [database] [trace] [4c42169b2bd1] starting to get the users information
[2024-06-19 19:24:09.155] [micropagosdatabase] [database] [trace] [4c42169b2bd1] this is the QUERY: SELECT u.id, u.username, u.password, u.lastlogin, d.name FROM user u JOIN domain d ON d.id = u.domain_id JOIN user_role AS ur ON ur.user_id = u.id JOIN role AS r ON r.id = ur.role_id WHERE r.name = 'webservice' AND r.system = 'raven'
[2024-06-19 19:24:09.426] [micropagosdatabase] [database] [info] [4c42169b2bd1] the query in the database tooks: 271.3126ms
[2024-06-19 19:24:09.426] [micropagosdatabase] [middleware] [info] [4c42169b2bd1] Request took 272.2956ms
[2024-06-19 19:26:08.939] [micropagosdatabase] [middleware] [info] [28abdb1e1297] New petition received
[2024-06-19 19:26:08.939] [micropagosdatabase] [middleware] [trace] [28abdb1e1297] url: /masks/28abdb1e1297, method: GET
[2024-06-19 19:26:08.939] [micropagosdatabase] [handler] [info] [28abdb1e1297] starting to get the maskpatterns
[2024-06-19 19:26:08.940] [micropagosdatabase] [database] [trace] [28abdb1e1297] starting to get the mask patters
[2024-06-19 19:26:08.940] [micropagosdatabase] [database] [trace] [28abdb1e1297] this is the QUERY: SELECT ID, SHORTNUMBER, MASKPATTERN, MINLENGTH, MAXLENGTH, EXCLUDEPATTERN, DIRECTION, APPLICATION_ID FROM MASK; 
[2024-06-19 19:26:09.153] [micropagosdatabase] [database] [info] [28abdb1e1297] the query in the database tooks: 212.5734ms
[2024-06-19 19:26:09.153] [micropagosdatabase] [middleware] [info] [28abdb1e1297] Request took 213.4545ms
[2024-06-19 19:26:09.155] [micropagosdatabase] [middleware] [info] [b6819e7dc65e] New petition received
[2024-06-19 19:26:09.155] [micropagosdatabase] [middleware] [trace] [b6819e7dc65e] url: /usersInfo/b6819e7dc65e, method: GET
[2024-06-19 19:26:09.156] [micropagosdatabase] [handler] [info] [b6819e7dc65e] starting to get users info
[2024-06-19 19:26:09.156] [micropagosdatabase] [database] [trace] [b6819e7dc65e] starting to get the users information
[2024-06-19 19:26:09.156] [micropagosdatabase] [database] [trace] [b6819e7dc65e] this is the QUERY: SELECT u.id, u.username, u.password, u.lastlogin, d.name FROM user u JOIN domain d ON d.id = u.domain_id JOIN user_role AS ur ON ur.user_id = u.id JOIN role AS r ON r.id = ur.role_id WHERE r.name = 'webservice' AND r.system = 'raven'
[2024-06-19 19:26:09.377] [micropagosdatabase] [database] [info] [b6819e7dc65e] the query in the database tooks: 221.7719ms
[2024-06-19 19:26:09.378] [micropagosdatabase] [middleware] [info] [b6819e7dc65e] Request took 223.2515ms
[2024-06-19 19:28:08.936] [micropagosdatabase] [middleware] [info] [742f1b9b34a1] New petition received
[2024-06-19 19:28:08.936] [micropagosdatabase] [middleware] [trace] [742f1b9b34a1] url: /masks/742f1b9b34a1, method: GET
[2024-06-19 19:28:08.936] [micropagosdatabase] [handler] [info] [742f1b9b34a1] starting to get the maskpatterns
[2024-06-19 19:28:08.937] [micropagosdatabase] [database] [trace] [742f1b9b34a1] starting to get the mask patters
[2024-06-19 19:28:08.937] [micropagosdatabase] [database] [trace] [742f1b9b34a1] this is the QUERY: SELECT ID, SHORTNUMBER, MASKPATTERN, MINLENGTH, MAXLENGTH, EXCLUDEPATTERN, DIRECTION, APPLICATION_ID FROM MASK; 
[2024-06-19 19:28:09.147] [micropagosdatabase] [database] [info] [742f1b9b34a1] the query in the database tooks: 209.7356ms
[2024-06-19 19:28:09.148] [micropagosdatabase] [middleware] [info] [742f1b9b34a1] Request took 211.2651ms
[2024-06-19 19:28:09.149] [micropagosdatabase] [middleware] [info] [e2fd086c8f8d] New petition received
[2024-06-19 19:28:09.149] [micropagosdatabase] [middleware] [trace] [e2fd086c8f8d] url: /usersInfo/e2fd086c8f8d, method: GET
[2024-06-19 19:28:09.150] [micropagosdatabase] [handler] [info] [e2fd086c8f8d] starting to get users info
[2024-06-19 19:28:09.150] [micropagosdatabase] [database] [trace] [e2fd086c8f8d] starting to get the users information
[2024-06-19 19:28:09.150] [micropagosdatabase] [database] [trace] [e2fd086c8f8d] this is the QUERY: SELECT u.id, u.username, u.password, u.lastlogin, d.name FROM user u JOIN domain d ON d.id = u.domain_id JOIN user_role AS ur ON ur.user_id = u.id JOIN role AS r ON r.id = ur.role_id WHERE r.name = 'webservice' AND r.system = 'raven'
[2024-06-19 19:28:09.435] [micropagosdatabase] [database] [info] [e2fd086c8f8d] the query in the database tooks: 284.9993ms
[2024-06-19 19:28:09.436] [micropagosdatabase] [middleware] [info] [e2fd086c8f8d] Request took 286.7919ms
[2024-06-19 19:30:08.939] [micropagosdatabase] [middleware] [info] [234abfb4a2fb] New petition received
[2024-06-19 19:30:08.940] [micropagosdatabase] [middleware] [trace] [234abfb4a2fb] url: /masks/234abfb4a2fb, method: GET
[2024-06-19 19:30:08.940] [micropagosdatabase] [handler] [info] [234abfb4a2fb] starting to get the maskpatterns
[2024-06-19 19:30:08.940] [micropagosdatabase] [database] [trace] [234abfb4a2fb] starting to get the mask patters
[2024-06-19 19:30:08.940] [micropagosdatabase] [database] [trace] [234abfb4a2fb] this is the QUERY: SELECT ID, SHORTNUMBER, MASKPATTERN, MINLENGTH, MAXLENGTH, EXCLUDEPATTERN, DIRECTION, APPLICATION_ID FROM MASK; 
[2024-06-19 19:30:09.152] [micropagosdatabase] [database] [info] [234abfb4a2fb] the query in the database tooks: 212.2541ms
[2024-06-19 19:30:09.153] [micropagosdatabase] [middleware] [info] [234abfb4a2fb] Request took 213.323ms
[2024-06-19 19:30:09.154] [micropagosdatabase] [middleware] [info] [bb9cc703b615] New petition received
[2024-06-19 19:30:09.155] [micropagosdatabase] [middleware] [trace] [bb9cc703b615] url: /usersInfo/bb9cc703b615, method: GET
[2024-06-19 19:30:09.155] [micropagosdatabase] [handler] [info] [bb9cc703b615] starting to get users info
[2024-06-19 19:30:09.155] [micropagosdatabase] [database] [trace] [bb9cc703b615] starting to get the users information
[2024-06-19 19:30:09.155] [micropagosdatabase] [database] [trace] [bb9cc703b615] this is the QUERY: SELECT u.id, u.username, u.password, u.lastlogin, d.name FROM user u JOIN domain d ON d.id = u.domain_id JOIN user_role AS ur ON ur.user_id = u.id JOIN role AS r ON r.id = ur.role_id WHERE r.name = 'webservice' AND r.system = 'raven'
[2024-06-19 19:30:09.420] [micropagosdatabase] [database] [info] [bb9cc703b615] the query in the database tooks: 265.1915ms
[2024-06-19 19:30:09.421] [micropagosdatabase] [middleware] [info] [bb9cc703b615] Request took 266.265ms
[2024-06-19 19:32:08.937] [micropagosdatabase] [middleware] [info] [e1bae4bfa805] New petition received
[2024-06-19 19:32:08.937] [micropagosdatabase] [middleware] [trace] [e1bae4bfa805] url: /masks/e1bae4bfa805, method: GET
[2024-06-19 19:32:08.937] [micropagosdatabase] [handler] [info] [e1bae4bfa805] starting to get the maskpatterns
[2024-06-19 19:32:08.938] [micropagosdatabase] [database] [trace] [e1bae4bfa805] starting to get the mask patters
[2024-06-19 19:32:08.938] [micropagosdatabase] [database] [trace] [e1bae4bfa805] this is the QUERY: SELECT ID, SHORTNUMBER, MASKPATTERN, MINLENGTH, MAXLENGTH, EXCLUDEPATTERN, DIRECTION, APPLICATION_ID FROM MASK; 
[2024-06-19 19:32:09.148] [micropagosdatabase] [database] [info] [e1bae4bfa805] the query in the database tooks: 209.7047ms
[2024-06-19 19:32:09.148] [micropagosdatabase] [middleware] [info] [e1bae4bfa805] Request took 210.6881ms
[2024-06-19 19:32:09.150] [micropagosdatabase] [middleware] [info] [cbc8adb1b8df] New petition received
[2024-06-19 19:32:09.150] [micropagosdatabase] [middleware] [trace] [cbc8adb1b8df] url: /usersInfo/cbc8adb1b8df, method: GET
[2024-06-19 19:32:09.150] [micropagosdatabase] [handler] [info] [cbc8adb1b8df] starting to get users info
[2024-06-19 19:32:09.150] [micropagosdatabase] [database] [trace] [cbc8adb1b8df] starting to get the users information
[2024-06-19 19:32:09.150] [micropagosdatabase] [database] [trace] [cbc8adb1b8df] this is the QUERY: SELECT u.id, u.username, u.password, u.lastlogin, d.name FROM user u JOIN domain d ON d.id = u.domain_id JOIN user_role AS ur ON ur.user_id = u.id JOIN role AS r ON r.id = ur.role_id WHERE r.name = 'webservice' AND r.system = 'raven'
[2024-06-19 19:32:09.422] [micropagosdatabase] [database] [info] [cbc8adb1b8df] the query in the database tooks: 272.0932ms
[2024-06-19 19:32:09.423] [micropagosdatabase] [middleware] [info] [cbc8adb1b8df] Request took 273.2127ms
[2024-06-19 19:34:08.939] [micropagosdatabase] [middleware] [info] [012789a92cdc] New petition received
[2024-06-19 19:34:08.940] [micropagosdatabase] [middleware] [trace] [012789a92cdc] url: /masks/012789a92cdc, method: GET
[2024-06-19 19:34:08.940] [micropagosdatabase] [handler] [info] [012789a92cdc] starting to get the maskpatterns
[2024-06-19 19:34:08.940] [micropagosdatabase] [database] [trace] [012789a92cdc] starting to get the mask patters
[2024-06-19 19:34:08.940] [micropagosdatabase] [database] [trace] [012789a92cdc] this is the QUERY: SELECT ID, SHORTNUMBER, MASKPATTERN, MINLENGTH, MAXLENGTH, EXCLUDEPATTERN, DIRECTION, APPLICATION_ID FROM MASK; 
[2024-06-19 19:34:09.146] [micropagosdatabase] [database] [info] [012789a92cdc] the query in the database tooks: 206.0773ms
[2024-06-19 19:34:09.146] [micropagosdatabase] [middleware] [info] [012789a92cdc] Request took 207.3223ms
[2024-06-19 19:34:09.148] [micropagosdatabase] [middleware] [info] [bbb453c66704] New petition received
[2024-06-19 19:34:09.148] [micropagosdatabase] [middleware] [trace] [bbb453c66704] url: /usersInfo/bbb453c66704, method: GET
[2024-06-19 19:34:09.148] [micropagosdatabase] [handler] [info] [bbb453c66704] starting to get users info
[2024-06-19 19:34:09.148] [micropagosdatabase] [database] [trace] [bbb453c66704] starting to get the users information
[2024-06-19 19:34:09.149] [micropagosdatabase] [database] [trace] [bbb453c66704] this is the QUERY: SELECT u.id, u.username, u.password, u.lastlogin, d.name FROM user u JOIN domain d ON d.id = u.domain_id JOIN user_role AS ur ON ur.user_id = u.id JOIN role AS r ON r.id = ur.role_id WHERE r.name = 'webservice' AND r.system = 'raven'
[2024-06-19 19:34:09.411] [micropagosdatabase] [database] [info] [bbb453c66704] the query in the database tooks: 261.9137ms
[2024-06-19 19:34:09.411] [micropagosdatabase] [middleware] [info] [bbb453c66704] Request took 262.5482ms
[2024-06-19 19:36:08.934] [micropagosdatabase] [middleware] [info] [56250e6ab63f] New petition received
[2024-06-19 19:36:08.935] [micropagosdatabase] [middleware] [trace] [56250e6ab63f] url: /masks/56250e6ab63f, method: GET
[2024-06-19 19:36:08.935] [micropagosdatabase] [handler] [info] [56250e6ab63f] starting to get the maskpatterns
[2024-06-19 19:36:08.935] [micropagosdatabase] [database] [trace] [56250e6ab63f] starting to get the mask patters
[2024-06-19 19:36:08.935] [micropagosdatabase] [database] [trace] [56250e6ab63f] this is the QUERY: SELECT ID, SHORTNUMBER, MASKPATTERN, MINLENGTH, MAXLENGTH, EXCLUDEPATTERN, DIRECTION, APPLICATION_ID FROM MASK; 
[2024-06-19 19:36:09.154] [micropagosdatabase] [database] [info] [56250e6ab63f] the query in the database tooks: 218.8079ms
[2024-06-19 19:36:09.154] [micropagosdatabase] [middleware] [info] [56250e6ab63f] Request took 219.9543ms
[2024-06-19 19:36:09.156] [micropagosdatabase] [middleware] [info] [4b026d63df8f] New petition received
[2024-06-19 19:36:09.156] [micropagosdatabase] [middleware] [trace] [4b026d63df8f] url: /usersInfo/4b026d63df8f, method: GET
[2024-06-19 19:36:09.156] [micropagosdatabase] [handler] [info] [4b026d63df8f] starting to get users info
[2024-06-19 19:36:09.156] [micropagosdatabase] [database] [trace] [4b026d63df8f] starting to get the users information
[2024-06-19 19:36:09.156] [micropagosdatabase] [database] [trace] [4b026d63df8f] this is the QUERY: SELECT u.id, u.username, u.password, u.lastlogin, d.name FROM user u JOIN domain d ON d.id = u.domain_id JOIN user_role AS ur ON ur.user_id = u.id JOIN role AS r ON r.id = ur.role_id WHERE r.name = 'webservice' AND r.system = 'raven'
[2024-06-19 19:36:09.425] [micropagosdatabase] [database] [info] [4b026d63df8f] the query in the database tooks: 268.6478ms
[2024-06-19 19:36:09.426] [micropagosdatabase] [middleware] [info] [4b026d63df8f] Request took 270.0606ms
[2024-06-19 19:38:08.932] [micropagosdatabase] [middleware] [info] [ba89095d26ea] New petition received
[2024-06-19 19:38:08.933] [micropagosdatabase] [middleware] [trace] [ba89095d26ea] url: /masks/ba89095d26ea, method: GET
[2024-06-19 19:38:08.933] [micropagosdatabase] [handler] [info] [ba89095d26ea] starting to get the maskpatterns
[2024-06-19 19:38:08.933] [micropagosdatabase] [database] [trace] [ba89095d26ea] starting to get the mask patters
[2024-06-19 19:38:08.933] [micropagosdatabase] [database] [trace] [ba89095d26ea] this is the QUERY: SELECT ID, SHORTNUMBER, MASKPATTERN, MINLENGTH, MAXLENGTH, EXCLUDEPATTERN, DIRECTION, APPLICATION_ID FROM MASK; 
[2024-06-19 19:38:09.147] [micropagosdatabase] [database] [info] [ba89095d26ea] the query in the database tooks: 213.4958ms
[2024-06-19 19:38:09.147] [micropagosdatabase] [middleware] [info] [ba89095d26ea] Request took 214.8635ms
[2024-06-19 19:38:09.149] [micropagosdatabase] [middleware] [info] [1433458d40ee] New petition received
[2024-06-19 19:38:09.149] [micropagosdatabase] [middleware] [trace] [1433458d40ee] url: /usersInfo/1433458d40ee, method: GET
[2024-06-19 19:38:09.149] [micropagosdatabase] [handler] [info] [1433458d40ee] starting to get users info
[2024-06-19 19:38:09.149] [micropagosdatabase] [database] [trace] [1433458d40ee] starting to get the users information
[2024-06-19 19:38:09.149] [micropagosdatabase] [database] [trace] [1433458d40ee] this is the QUERY: SELECT u.id, u.username, u.password, u.lastlogin, d.name FROM user u JOIN domain d ON d.id = u.domain_id JOIN user_role AS ur ON ur.user_id = u.id JOIN role AS r ON r.id = ur.role_id WHERE r.name = 'webservice' AND r.system = 'raven'
[2024-06-19 19:38:09.371] [micropagosdatabase] [database] [info] [1433458d40ee] the query in the database tooks: 221.8504ms
[2024-06-19 19:38:09.371] [micropagosdatabase] [middleware] [info] [1433458d40ee] Request took 222.7742ms
[2024-06-19 19:40:08.938] [micropagosdatabase] [middleware] [info] [957f5980edab] New petition received
[2024-06-19 19:40:08.938] [micropagosdatabase] [middleware] [trace] [957f5980edab] url: /masks/957f5980edab, method: GET
[2024-06-19 19:40:08.938] [micropagosdatabase] [handler] [info] [957f5980edab] starting to get the maskpatterns
[2024-06-19 19:40:08.938] [micropagosdatabase] [database] [trace] [957f5980edab] starting to get the mask patters
[2024-06-19 19:40:08.939] [micropagosdatabase] [database] [trace] [957f5980edab] this is the QUERY: SELECT ID, SHORTNUMBER, MASKPATTERN, MINLENGTH, MAXLENGTH, EXCLUDEPATTERN, DIRECTION, APPLICATION_ID FROM MASK; 
[2024-06-19 19:40:09.143] [micropagosdatabase] [database] [info] [957f5980edab] the query in the database tooks: 203.6094ms
[2024-06-19 19:40:09.143] [micropagosdatabase] [middleware] [info] [957f5980edab] Request took 204.2271ms
[2024-06-19 19:40:09.145] [micropagosdatabase] [middleware] [info] [ed6924ac8157] New petition received
[2024-06-19 19:40:09.145] [micropagosdatabase] [middleware] [trace] [ed6924ac8157] url: /usersInfo/ed6924ac8157, method: GET
[2024-06-19 19:40:09.145] [micropagosdatabase] [handler] [info] [ed6924ac8157] starting to get users info
[2024-06-19 19:40:09.145] [micropagosdatabase] [database] [trace] [ed6924ac8157] starting to get the users information
[2024-06-19 19:40:09.145] [micropagosdatabase] [database] [trace] [ed6924ac8157] this is the QUERY: SELECT u.id, u.username, u.password, u.lastlogin, d.name FROM user u JOIN domain d ON d.id = u.domain_id JOIN user_role AS ur ON ur.user_id = u.id JOIN role AS r ON r.id = ur.role_id WHERE r.name = 'webservice' AND r.system = 'raven'
[2024-06-19 19:40:09.409] [micropagosdatabase] [database] [info] [ed6924ac8157] the query in the database tooks: 264.1187ms
[2024-06-19 19:40:09.410] [micropagosdatabase] [middleware] [info] [ed6924ac8157] Request took 265.266ms
[2024-06-19 19:42:08.931] [micropagosdatabase] [middleware] [info] [43db534ee8fd] New petition received
[2024-06-19 19:42:08.931] [micropagosdatabase] [middleware] [trace] [43db534ee8fd] url: /masks/43db534ee8fd, method: GET
[2024-06-19 19:42:08.931] [micropagosdatabase] [handler] [info] [43db534ee8fd] starting to get the maskpatterns
[2024-06-19 19:42:08.931] [micropagosdatabase] [database] [trace] [43db534ee8fd] starting to get the mask patters
[2024-06-19 19:42:08.931] [micropagosdatabase] [database] [trace] [43db534ee8fd] this is the QUERY: SELECT ID, SHORTNUMBER, MASKPATTERN, MINLENGTH, MAXLENGTH, EXCLUDEPATTERN, DIRECTION, APPLICATION_ID FROM MASK; 
[2024-06-19 19:42:09.146] [micropagosdatabase] [database] [info] [43db534ee8fd] the query in the database tooks: 215.2581ms
[2024-06-19 19:42:09.147] [micropagosdatabase] [middleware] [info] [43db534ee8fd] Request took 216.4565ms
[2024-06-19 19:42:09.149] [micropagosdatabase] [middleware] [info] [5a110e3215ed] New petition received
[2024-06-19 19:42:09.149] [micropagosdatabase] [middleware] [trace] [5a110e3215ed] url: /usersInfo/5a110e3215ed, method: GET
[2024-06-19 19:42:09.149] [micropagosdatabase] [handler] [info] [5a110e3215ed] starting to get users info
[2024-06-19 19:42:09.149] [micropagosdatabase] [database] [trace] [5a110e3215ed] starting to get the users information
[2024-06-19 19:42:09.150] [micropagosdatabase] [database] [trace] [5a110e3215ed] this is the QUERY: SELECT u.id, u.username, u.password, u.lastlogin, d.name FROM user u JOIN domain d ON d.id = u.domain_id JOIN user_role AS ur ON ur.user_id = u.id JOIN role AS r ON r.id = ur.role_id WHERE r.name = 'webservice' AND r.system = 'raven'
[2024-06-19 19:42:09.355] [micropagosdatabase] [database] [info] [5a110e3215ed] the query in the database tooks: 205.0907ms
[2024-06-19 19:42:09.356] [micropagosdatabase] [middleware] [info] [5a110e3215ed] Request took 206.4369ms
[2024-06-19 19:44:08.935] [micropagosdatabase] [middleware] [info] [24dc91c0d55c] New petition received
[2024-06-19 19:44:08.936] [micropagosdatabase] [middleware] [trace] [24dc91c0d55c] url: /masks/24dc91c0d55c, method: GET
[2024-06-19 19:44:08.936] [micropagosdatabase] [handler] [info] [24dc91c0d55c] starting to get the maskpatterns
[2024-06-19 19:44:08.936] [micropagosdatabase] [database] [trace] [24dc91c0d55c] starting to get the mask patters
[2024-06-19 19:44:08.936] [micropagosdatabase] [database] [trace] [24dc91c0d55c] this is the QUERY: SELECT ID, SHORTNUMBER, MASKPATTERN, MINLENGTH, MAXLENGTH, EXCLUDEPATTERN, DIRECTION, APPLICATION_ID FROM MASK; 
[2024-06-19 19:44:09.154] [micropagosdatabase] [database] [info] [24dc91c0d55c] the query in the database tooks: 218.1345ms
[2024-06-19 19:44:09.155] [micropagosdatabase] [middleware] [info] [24dc91c0d55c] Request took 219.13ms
[2024-06-19 19:44:09.156] [micropagosdatabase] [middleware] [info] [93db8819d9ee] New petition received
[2024-06-19 19:44:09.157] [micropagosdatabase] [middleware] [trace] [93db8819d9ee] url: /usersInfo/93db8819d9ee, method: GET
[2024-06-19 19:44:09.157] [micropagosdatabase] [handler] [info] [93db8819d9ee] starting to get users info
[2024-06-19 19:44:09.157] [micropagosdatabase] [database] [trace] [93db8819d9ee] starting to get the users information
[2024-06-19 19:44:09.157] [micropagosdatabase] [database] [trace] [93db8819d9ee] this is the QUERY: SELECT u.id, u.username, u.password, u.lastlogin, d.name FROM user u JOIN domain d ON d.id = u.domain_id JOIN user_role AS ur ON ur.user_id = u.id JOIN role AS r ON r.id = ur.role_id WHERE r.name = 'webservice' AND r.system = 'raven'
[2024-06-19 19:44:09.418] [micropagosdatabase] [database] [info] [93db8819d9ee] the query in the database tooks: 261.6613ms
[2024-06-19 19:44:09.420] [micropagosdatabase] [middleware] [info] [93db8819d9ee] Request took 263.4103ms
[2024-06-19 19:46:08.937] [micropagosdatabase] [middleware] [info] [301f16f7d94d] New petition received
[2024-06-19 19:46:08.937] [micropagosdatabase] [middleware] [trace] [301f16f7d94d] url: /masks/301f16f7d94d, method: GET
[2024-06-19 19:46:08.937] [micropagosdatabase] [handler] [info] [301f16f7d94d] starting to get the maskpatterns
[2024-06-19 19:46:08.937] [micropagosdatabase] [database] [trace] [301f16f7d94d] starting to get the mask patters
[2024-06-19 19:46:08.937] [micropagosdatabase] [database] [trace] [301f16f7d94d] this is the QUERY: SELECT ID, SHORTNUMBER, MASKPATTERN, MINLENGTH, MAXLENGTH, EXCLUDEPATTERN, DIRECTION, APPLICATION_ID FROM MASK; 
[2024-06-19 19:46:09.143] [micropagosdatabase] [database] [info] [301f16f7d94d] the query in the database tooks: 205.6465ms
[2024-06-19 19:46:09.143] [micropagosdatabase] [middleware] [info] [301f16f7d94d] Request took 206.9312ms
[2024-06-19 19:46:09.146] [micropagosdatabase] [middleware] [info] [e33dae9a59e8] New petition received
[2024-06-19 19:46:09.146] [micropagosdatabase] [middleware] [trace] [e33dae9a59e8] url: /usersInfo/e33dae9a59e8, method: GET
[2024-06-19 19:46:09.146] [micropagosdatabase] [handler] [info] [e33dae9a59e8] starting to get users info
[2024-06-19 19:46:09.146] [micropagosdatabase] [database] [trace] [e33dae9a59e8] starting to get the users information
[2024-06-19 19:46:09.146] [micropagosdatabase] [database] [trace] [e33dae9a59e8] this is the QUERY: SELECT u.id, u.username, u.password, u.lastlogin, d.name FROM user u JOIN domain d ON d.id = u.domain_id JOIN user_role AS ur ON ur.user_id = u.id JOIN role AS r ON r.id = ur.role_id WHERE r.name = 'webservice' AND r.system = 'raven'
[2024-06-19 19:46:09.404] [micropagosdatabase] [database] [info] [e33dae9a59e8] the query in the database tooks: 257.685ms
[2024-06-19 19:46:09.404] [micropagosdatabase] [middleware] [info] [e33dae9a59e8] Request took 258.5875ms
[2024-06-19 19:48:08.930] [micropagosdatabase] [middleware] [info] [e315fe6e1604] New petition received
[2024-06-19 19:48:08.930] [micropagosdatabase] [middleware] [trace] [e315fe6e1604] url: /masks/e315fe6e1604, method: GET
[2024-06-19 19:48:08.930] [micropagosdatabase] [handler] [info] [e315fe6e1604] starting to get the maskpatterns
[2024-06-19 19:48:08.930] [micropagosdatabase] [database] [trace] [e315fe6e1604] starting to get the mask patters
[2024-06-19 19:48:08.930] [micropagosdatabase] [database] [trace] [e315fe6e1604] this is the QUERY: SELECT ID, SHORTNUMBER, MASKPATTERN, MINLENGTH, MAXLENGTH, EXCLUDEPATTERN, DIRECTION, APPLICATION_ID FROM MASK; 
[2024-06-19 19:48:09.131] [micropagosdatabase] [database] [info] [e315fe6e1604] the query in the database tooks: 200.377ms
[2024-06-19 19:48:09.131] [micropagosdatabase] [middleware] [info] [e315fe6e1604] Request took 200.5796ms
[2024-06-19 19:48:09.133] [micropagosdatabase] [middleware] [info] [f46b81c53580] New petition received
[2024-06-19 19:48:09.133] [micropagosdatabase] [middleware] [trace] [f46b81c53580] url: /usersInfo/f46b81c53580, method: GET
[2024-06-19 19:48:09.133] [micropagosdatabase] [handler] [info] [f46b81c53580] starting to get users info
[2024-06-19 19:48:09.133] [micropagosdatabase] [database] [trace] [f46b81c53580] starting to get the users information
[2024-06-19 19:48:09.133] [micropagosdatabase] [database] [trace] [f46b81c53580] this is the QUERY: SELECT u.id, u.username, u.password, u.lastlogin, d.name FROM user u JOIN domain d ON d.id = u.domain_id JOIN user_role AS ur ON ur.user_id = u.id JOIN role AS r ON r.id = ur.role_id WHERE r.name = 'webservice' AND r.system = 'raven'
[2024-06-19 19:48:09.393] [micropagosdatabase] [database] [info] [f46b81c53580] the query in the database tooks: 259.8925ms
[2024-06-19 19:48:09.394] [micropagosdatabase] [middleware] [info] [f46b81c53580] Request took 260.9456ms
[2024-06-19 19:50:08.932] [micropagosdatabase] [middleware] [info] [94b70885a8b9] New petition received
[2024-06-19 19:50:08.933] [micropagosdatabase] [middleware] [trace] [94b70885a8b9] url: /masks/94b70885a8b9, method: GET
[2024-06-19 19:50:08.933] [micropagosdatabase] [handler] [info] [94b70885a8b9] starting to get the maskpatterns
[2024-06-19 19:50:08.933] [micropagosdatabase] [database] [trace] [94b70885a8b9] starting to get the mask patters
[2024-06-19 19:50:08.933] [micropagosdatabase] [database] [trace] [94b70885a8b9] this is the QUERY: SELECT ID, SHORTNUMBER, MASKPATTERN, MINLENGTH, MAXLENGTH, EXCLUDEPATTERN, DIRECTION, APPLICATION_ID FROM MASK; 
[2024-06-19 19:50:09.148] [micropagosdatabase] [database] [info] [94b70885a8b9] the query in the database tooks: 215.4947ms
[2024-06-19 19:50:09.149] [micropagosdatabase] [middleware] [info] [94b70885a8b9] Request took 216.7347ms
[2024-06-19 19:50:09.151] [micropagosdatabase] [middleware] [info] [9d403d93d150] New petition received
[2024-06-19 19:50:09.151] [micropagosdatabase] [middleware] [trace] [9d403d93d150] url: /usersInfo/9d403d93d150, method: GET
[2024-06-19 19:50:09.151] [micropagosdatabase] [handler] [info] [9d403d93d150] starting to get users info
[2024-06-19 19:50:09.151] [micropagosdatabase] [database] [trace] [9d403d93d150] starting to get the users information
[2024-06-19 19:50:09.151] [micropagosdatabase] [database] [trace] [9d403d93d150] this is the QUERY: SELECT u.id, u.username, u.password, u.lastlogin, d.name FROM user u JOIN domain d ON d.id = u.domain_id JOIN user_role AS ur ON ur.user_id = u.id JOIN role AS r ON r.id = ur.role_id WHERE r.name = 'webservice' AND r.system = 'raven'
[2024-06-19 19:50:09.417] [micropagosdatabase] [database] [info] [9d403d93d150] the query in the database tooks: 266.0473ms
[2024-06-19 19:50:09.418] [micropagosdatabase] [middleware] [info] [9d403d93d150] Request took 266.9712ms
[2024-06-19 19:52:08.933] [micropagosdatabase] [middleware] [info] [7b3a65aca84e] New petition received
[2024-06-19 19:52:08.934] [micropagosdatabase] [middleware] [trace] [7b3a65aca84e] url: /masks/7b3a65aca84e, method: GET
[2024-06-19 19:52:08.934] [micropagosdatabase] [handler] [info] [7b3a65aca84e] starting to get the maskpatterns
[2024-06-19 19:52:08.934] [micropagosdatabase] [database] [trace] [7b3a65aca84e] starting to get the mask patters
[2024-06-19 19:52:08.934] [micropagosdatabase] [database] [trace] [7b3a65aca84e] this is the QUERY: SELECT ID, SHORTNUMBER, MASKPATTERN, MINLENGTH, MAXLENGTH, EXCLUDEPATTERN, DIRECTION, APPLICATION_ID FROM MASK; 
[2024-06-19 19:52:09.140] [micropagosdatabase] [database] [info] [7b3a65aca84e] the query in the database tooks: 206.1786ms
[2024-06-19 19:52:09.141] [micropagosdatabase] [middleware] [info] [7b3a65aca84e] Request took 207.8987ms
[2024-06-19 19:52:09.142] [micropagosdatabase] [middleware] [info] [cb90659f66e8] New petition received
[2024-06-19 19:52:09.143] [micropagosdatabase] [middleware] [trace] [cb90659f66e8] url: /usersInfo/cb90659f66e8, method: GET
[2024-06-19 19:52:09.143] [micropagosdatabase] [handler] [info] [cb90659f66e8] starting to get users info
[2024-06-19 19:52:09.143] [micropagosdatabase] [database] [trace] [cb90659f66e8] starting to get the users information
[2024-06-19 19:52:09.143] [micropagosdatabase] [database] [trace] [cb90659f66e8] this is the QUERY: SELECT u.id, u.username, u.password, u.lastlogin, d.name FROM user u JOIN domain d ON d.id = u.domain_id JOIN user_role AS ur ON ur.user_id = u.id JOIN role AS r ON r.id = ur.role_id WHERE r.name = 'webservice' AND r.system = 'raven'
[2024-06-19 19:52:09.406] [micropagosdatabase] [database] [info] [cb90659f66e8] the query in the database tooks: 263.2315ms
[2024-06-19 19:52:09.407] [micropagosdatabase] [middleware] [info] [cb90659f66e8] Request took 264.4658ms
[2024-06-19 19:54:08.938] [micropagosdatabase] [middleware] [info] [b0f26a16a056] New petition received
[2024-06-19 19:54:08.938] [micropagosdatabase] [middleware] [trace] [b0f26a16a056] url: /masks/b0f26a16a056, method: GET
[2024-06-19 19:54:08.939] [micropagosdatabase] [handler] [info] [b0f26a16a056] starting to get the maskpatterns
[2024-06-19 19:54:08.939] [micropagosdatabase] [database] [trace] [b0f26a16a056] starting to get the mask patters
[2024-06-19 19:54:08.939] [micropagosdatabase] [database] [trace] [b0f26a16a056] this is the QUERY: SELECT ID, SHORTNUMBER, MASKPATTERN, MINLENGTH, MAXLENGTH, EXCLUDEPATTERN, DIRECTION, APPLICATION_ID FROM MASK; 
[2024-06-19 19:54:09.165] [micropagosdatabase] [database] [info] [b0f26a16a056] the query in the database tooks: 226.8936ms
[2024-06-19 19:54:09.166] [micropagosdatabase] [middleware] [info] [b0f26a16a056] Request took 227.5389ms
[2024-06-19 19:54:09.167] [micropagosdatabase] [middleware] [info] [491ca3dce82b] New petition received
[2024-06-19 19:54:09.167] [micropagosdatabase] [middleware] [trace] [491ca3dce82b] url: /usersInfo/491ca3dce82b, method: GET
[2024-06-19 19:54:09.168] [micropagosdatabase] [handler] [info] [491ca3dce82b] starting to get users info
[2024-06-19 19:54:09.168] [micropagosdatabase] [database] [trace] [491ca3dce82b] starting to get the users information
[2024-06-19 19:54:09.168] [micropagosdatabase] [database] [trace] [491ca3dce82b] this is the QUERY: SELECT u.id, u.username, u.password, u.lastlogin, d.name FROM user u JOIN domain d ON d.id = u.domain_id JOIN user_role AS ur ON ur.user_id = u.id JOIN role AS r ON r.id = ur.role_id WHERE r.name = 'webservice' AND r.system = 'raven'
[2024-06-19 19:54:09.441] [micropagosdatabase] [database] [info] [491ca3dce82b] the query in the database tooks: 273.1352ms
[2024-06-19 19:54:09.442] [micropagosdatabase] [middleware] [info] [491ca3dce82b] Request took 274.5424ms
[2024-06-19 19:56:08.936] [micropagosdatabase] [middleware] [info] [55110bc4a822] New petition received
[2024-06-19 19:56:08.936] [micropagosdatabase] [middleware] [trace] [55110bc4a822] url: /masks/55110bc4a822, method: GET
[2024-06-19 19:56:08.936] [micropagosdatabase] [handler] [info] [55110bc4a822] starting to get the maskpatterns
[2024-06-19 19:56:08.936] [micropagosdatabase] [database] [trace] [55110bc4a822] starting to get the mask patters
[2024-06-19 19:56:08.936] [micropagosdatabase] [database] [trace] [55110bc4a822] this is the QUERY: SELECT ID, SHORTNUMBER, MASKPATTERN, MINLENGTH, MAXLENGTH, EXCLUDEPATTERN, DIRECTION, APPLICATION_ID FROM MASK; 
[2024-06-19 19:56:09.154] [micropagosdatabase] [database] [info] [55110bc4a822] the query in the database tooks: 218.2011ms
[2024-06-19 19:56:09.155] [micropagosdatabase] [middleware] [info] [55110bc4a822] Request took 219.6779ms
[2024-06-19 19:56:09.157] [micropagosdatabase] [middleware] [info] [aacdcd629f2d] New petition received
[2024-06-19 19:56:09.157] [micropagosdatabase] [middleware] [trace] [aacdcd629f2d] url: /usersInfo/aacdcd629f2d, method: GET
[2024-06-19 19:56:09.159] [micropagosdatabase] [handler] [info] [aacdcd629f2d] starting to get users info
[2024-06-19 19:56:09.159] [micropagosdatabase] [database] [trace] [aacdcd629f2d] starting to get the users information
[2024-06-19 19:56:09.159] [micropagosdatabase] [database] [trace] [aacdcd629f2d] this is the QUERY: SELECT u.id, u.username, u.password, u.lastlogin, d.name FROM user u JOIN domain d ON d.id = u.domain_id JOIN user_role AS ur ON ur.user_id = u.id JOIN role AS r ON r.id = ur.role_id WHERE r.name = 'webservice' AND r.system = 'raven'
[2024-06-19 19:56:09.438] [micropagosdatabase] [database] [info] [aacdcd629f2d] the query in the database tooks: 279.5482ms
[2024-06-19 19:56:09.438] [micropagosdatabase] [middleware] [info] [aacdcd629f2d] Request took 281.3999ms
[2024-06-19 19:58:08.942] [micropagosdatabase] [middleware] [info] [bc934a2dcb3f] New petition received
[2024-06-19 19:58:08.942] [micropagosdatabase] [middleware] [trace] [bc934a2dcb3f] url: /masks/bc934a2dcb3f, method: GET
[2024-06-19 19:58:08.942] [micropagosdatabase] [handler] [info] [bc934a2dcb3f] starting to get the maskpatterns
[2024-06-19 19:58:08.942] [micropagosdatabase] [database] [trace] [bc934a2dcb3f] starting to get the mask patters
[2024-06-19 19:58:08.942] [micropagosdatabase] [database] [trace] [bc934a2dcb3f] this is the QUERY: SELECT ID, SHORTNUMBER, MASKPATTERN, MINLENGTH, MAXLENGTH, EXCLUDEPATTERN, DIRECTION, APPLICATION_ID FROM MASK; 
[2024-06-19 19:58:09.144] [micropagosdatabase] [database] [info] [bc934a2dcb3f] the query in the database tooks: 202.097ms
[2024-06-19 19:58:09.145] [micropagosdatabase] [middleware] [info] [bc934a2dcb3f] Request took 202.7686ms
[2024-06-19 19:58:09.146] [micropagosdatabase] [middleware] [info] [6ff66028ca1a] New petition received
[2024-06-19 19:58:09.147] [micropagosdatabase] [middleware] [trace] [6ff66028ca1a] url: /usersInfo/6ff66028ca1a, method: GET
[2024-06-19 19:58:09.147] [micropagosdatabase] [handler] [info] [6ff66028ca1a] starting to get users info
[2024-06-19 19:58:09.147] [micropagosdatabase] [database] [trace] [6ff66028ca1a] starting to get the users information
[2024-06-19 19:58:09.147] [micropagosdatabase] [database] [trace] [6ff66028ca1a] this is the QUERY: SELECT u.id, u.username, u.password, u.lastlogin, d.name FROM user u JOIN domain d ON d.id = u.domain_id JOIN user_role AS ur ON ur.user_id = u.id JOIN role AS r ON r.id = ur.role_id WHERE r.name = 'webservice' AND r.system = 'raven'
[2024-06-19 19:58:09.410] [micropagosdatabase] [database] [info] [6ff66028ca1a] the query in the database tooks: 263.6347ms
[2024-06-19 19:58:09.410] [micropagosdatabase] [middleware] [info] [6ff66028ca1a] Request took 264.2827ms
