[2024-06-19 17:00:08.940] [micropagosdatabase] [middleware] [info] [3d41d608e48c] New petition received
[2024-06-19 17:00:08.941] [micropagosdatabase] [middleware] [trace] [3d41d608e48c] url: /masks/3d41d608e48c, method: GET
[2024-06-19 17:00:08.941] [micropagosdatabase] [handler] [info] [3d41d608e48c] starting to get the maskpatterns
[2024-06-19 17:00:08.941] [micropagosdatabase] [database] [trace] [3d41d608e48c] starting to get the mask patters
[2024-06-19 17:00:08.941] [micropagosdatabase] [database] [trace] [3d41d608e48c] this is the QUERY: SELECT ID, SHORTNUMBER, MASKPATTERN, MINLENGTH, MAXLENGTH, EXCLUDEPATTERN, DIRECTION, APPLICATION_ID FROM MASK; 
[2024-06-19 17:00:09.167] [micropagosdatabase] [database] [info] [3d41d608e48c] the query in the database tooks: 225.7686ms
[2024-06-19 17:00:09.168] [micropagosdatabase] [middleware] [info] [3d41d608e48c] Request took 227.2488ms
[2024-06-19 17:00:09.170] [micropagosdatabase] [middleware] [info] [6a8789a3bf52] New petition received
[2024-06-19 17:00:09.170] [micropagosdatabase] [middleware] [trace] [6a8789a3bf52] url: /usersInfo/6a8789a3bf52, method: GET
[2024-06-19 17:00:09.171] [micropagosdatabase] [handler] [info] [6a8789a3bf52] starting to get users info
[2024-06-19 17:00:09.171] [micropagosdatabase] [database] [trace] [6a8789a3bf52] starting to get the users information
[2024-06-19 17:00:09.171] [micropagosdatabase] [database] [trace] [6a8789a3bf52] this is the QUERY: SELECT u.id, u.username, u.password, u.lastlogin, d.name FROM user u JOIN domain d ON d.id = u.domain_id JOIN user_role AS ur ON ur.user_id = u.id JOIN role AS r ON r.id = ur.role_id WHERE r.name = 'webservice' AND r.system = 'raven'
[2024-06-19 17:00:09.487] [micropagosdatabase] [database] [info] [6a8789a3bf52] the query in the database tooks: 316.4789ms
[2024-06-19 17:00:09.488] [micropagosdatabase] [middleware] [info] [6a8789a3bf52] Request took 317.6447ms
[2024-06-19 17:02:08.943] [micropagosdatabase] [middleware] [info] [1226691186c7] New petition received
[2024-06-19 17:02:08.943] [micropagosdatabase] [middleware] [trace] [1226691186c7] url: /masks/1226691186c7, method: GET
[2024-06-19 17:02:08.943] [micropagosdatabase] [handler] [info] [1226691186c7] starting to get the maskpatterns
[2024-06-19 17:02:08.944] [micropagosdatabase] [database] [trace] [1226691186c7] starting to get the mask patters
[2024-06-19 17:02:08.944] [micropagosdatabase] [database] [trace] [1226691186c7] this is the QUERY: SELECT ID, SHORTNUMBER, MASKPATTERN, MINLENGTH, MAXLENGTH, EXCLUDEPATTERN, DIRECTION, APPLICATION_ID FROM MASK; 
[2024-06-19 17:02:09.164] [micropagosdatabase] [database] [info] [1226691186c7] the query in the database tooks: 220.58ms
[2024-06-19 17:02:09.165] [micropagosdatabase] [middleware] [info] [1226691186c7] Request took 222.0609ms
[2024-06-19 17:02:09.169] [micropagosdatabase] [middleware] [info] [ea6c87b164f6] New petition received
[2024-06-19 17:02:09.169] [micropagosdatabase] [middleware] [trace] [ea6c87b164f6] url: /usersInfo/ea6c87b164f6, method: GET
[2024-06-19 17:02:09.169] [micropagosdatabase] [handler] [info] [ea6c87b164f6] starting to get users info
[2024-06-19 17:02:09.169] [micropagosdatabase] [database] [trace] [ea6c87b164f6] starting to get the users information
[2024-06-19 17:02:09.169] [micropagosdatabase] [database] [trace] [ea6c87b164f6] this is the QUERY: SELECT u.id, u.username, u.password, u.lastlogin, d.name FROM user u JOIN domain d ON d.id = u.domain_id JOIN user_role AS ur ON ur.user_id = u.id JOIN role AS r ON r.id = ur.role_id WHERE r.name = 'webservice' AND r.system = 'raven'
[2024-06-19 17:02:09.465] [micropagosdatabase] [database] [info] [ea6c87b164f6] the query in the database tooks: 296.1426ms
[2024-06-19 17:02:09.465] [micropagosdatabase] [middleware] [info] [ea6c87b164f6] Request took 296.7693ms
[2024-06-19 17:04:08.932] [micropagosdatabase] [middleware] [info] [2aaab51ea287] New petition received
[2024-06-19 17:04:08.932] [micropagosdatabase] [middleware] [trace] [2aaab51ea287] url: /masks/2aaab51ea287, method: GET
[2024-06-19 17:04:08.932] [micropagosdatabase] [handler] [info] [2aaab51ea287] starting to get the maskpatterns
[2024-06-19 17:04:08.932] [micropagosdatabase] [database] [trace] [2aaab51ea287] starting to get the mask patters
[2024-06-19 17:04:08.932] [micropagosdatabase] [database] [trace] [2aaab51ea287] this is the QUERY: SELECT ID, SHORTNUMBER, MASKPATTERN, MINLENGTH, MAXLENGTH, EXCLUDEPATTERN, DIRECTION, APPLICATION_ID FROM MASK; 
[2024-06-19 17:04:09.149] [micropagosdatabase] [database] [info] [2aaab51ea287] the query in the database tooks: 216.3502ms
[2024-06-19 17:04:09.150] [micropagosdatabase] [middleware] [info] [2aaab51ea287] Request took 217.702ms
[2024-06-19 17:04:09.153] [micropagosdatabase] [middleware] [info] [facbf63a8673] New petition received
[2024-06-19 17:04:09.153] [micropagosdatabase] [middleware] [trace] [facbf63a8673] url: /usersInfo/facbf63a8673, method: GET
[2024-06-19 17:04:09.153] [micropagosdatabase] [handler] [info] [facbf63a8673] starting to get users info
[2024-06-19 17:04:09.153] [micropagosdatabase] [database] [trace] [facbf63a8673] starting to get the users information
[2024-06-19 17:04:09.153] [micropagosdatabase] [database] [trace] [facbf63a8673] this is the QUERY: SELECT u.id, u.username, u.password, u.lastlogin, d.name FROM user u JOIN domain d ON d.id = u.domain_id JOIN user_role AS ur ON ur.user_id = u.id JOIN role AS r ON r.id = ur.role_id WHERE r.name = 'webservice' AND r.system = 'raven'
[2024-06-19 17:04:09.436] [micropagosdatabase] [database] [info] [facbf63a8673] the query in the database tooks: 283.037ms
[2024-06-19 17:04:09.437] [micropagosdatabase] [middleware] [info] [facbf63a8673] Request took 284.5108ms
[2024-06-19 17:06:08.936] [micropagosdatabase] [middleware] [info] [988d18484cef] New petition received
[2024-06-19 17:06:08.936] [micropagosdatabase] [middleware] [trace] [988d18484cef] url: /masks/988d18484cef, method: GET
[2024-06-19 17:06:08.936] [micropagosdatabase] [handler] [info] [988d18484cef] starting to get the maskpatterns
[2024-06-19 17:06:08.936] [micropagosdatabase] [database] [trace] [988d18484cef] starting to get the mask patters
[2024-06-19 17:06:08.937] [micropagosdatabase] [database] [trace] [988d18484cef] this is the QUERY: SELECT ID, SHORTNUMBER, MASKPATTERN, MINLENGTH, MAXLENGTH, EXCLUDEPATTERN, DIRECTION, APPLICATION_ID FROM MASK; 
[2024-06-19 17:06:09.175] [micropagosdatabase] [database] [info] [988d18484cef] the query in the database tooks: 238.3549ms
[2024-06-19 17:06:09.176] [micropagosdatabase] [middleware] [info] [988d18484cef] Request took 239.9899ms
[2024-06-19 17:06:09.179] [micropagosdatabase] [middleware] [info] [f3331a1eba25] New petition received
[2024-06-19 17:06:09.179] [micropagosdatabase] [middleware] [trace] [f3331a1eba25] url: /usersInfo/f3331a1eba25, method: GET
[2024-06-19 17:06:09.179] [micropagosdatabase] [handler] [info] [f3331a1eba25] starting to get users info
[2024-06-19 17:06:09.179] [micropagosdatabase] [database] [trace] [f3331a1eba25] starting to get the users information
[2024-06-19 17:06:09.179] [micropagosdatabase] [database] [trace] [f3331a1eba25] this is the QUERY: SELECT u.id, u.username, u.password, u.lastlogin, d.name FROM user u JOIN domain d ON d.id = u.domain_id JOIN user_role AS ur ON ur.user_id = u.id JOIN role AS r ON r.id = ur.role_id WHERE r.name = 'webservice' AND r.system = 'raven'
[2024-06-19 17:06:09.480] [micropagosdatabase] [database] [info] [f3331a1eba25] the query in the database tooks: 300.5202ms
[2024-06-19 17:06:09.480] [micropagosdatabase] [middleware] [info] [f3331a1eba25] Request took 301.4096ms
[2024-06-19 17:08:08.940] [micropagosdatabase] [middleware] [info] [3405d878082d] New petition received
[2024-06-19 17:08:08.940] [micropagosdatabase] [middleware] [trace] [3405d878082d] url: /masks/3405d878082d, method: GET
[2024-06-19 17:08:08.941] [micropagosdatabase] [handler] [info] [3405d878082d] starting to get the maskpatterns
[2024-06-19 17:08:08.941] [micropagosdatabase] [database] [trace] [3405d878082d] starting to get the mask patters
[2024-06-19 17:08:08.941] [micropagosdatabase] [database] [trace] [3405d878082d] this is the QUERY: SELECT ID, SHORTNUMBER, MASKPATTERN, MINLENGTH, MAXLENGTH, EXCLUDEPATTERN, DIRECTION, APPLICATION_ID FROM MASK; 
[2024-06-19 17:08:09.232] [micropagosdatabase] [database] [info] [3405d878082d] the query in the database tooks: 290.6551ms
[2024-06-19 17:08:09.233] [micropagosdatabase] [middleware] [info] [3405d878082d] Request took 292.619ms
[2024-06-19 17:08:09.236] [micropagosdatabase] [middleware] [info] [7867d0f36bbb] New petition received
[2024-06-19 17:08:09.236] [micropagosdatabase] [middleware] [trace] [7867d0f36bbb] url: /usersInfo/7867d0f36bbb, method: GET
[2024-06-19 17:08:09.237] [micropagosdatabase] [handler] [info] [7867d0f36bbb] starting to get users info
[2024-06-19 17:08:09.237] [micropagosdatabase] [database] [trace] [7867d0f36bbb] starting to get the users information
[2024-06-19 17:08:09.237] [micropagosdatabase] [database] [trace] [7867d0f36bbb] this is the QUERY: SELECT u.id, u.username, u.password, u.lastlogin, d.name FROM user u JOIN domain d ON d.id = u.domain_id JOIN user_role AS ur ON ur.user_id = u.id JOIN role AS r ON r.id = ur.role_id WHERE r.name = 'webservice' AND r.system = 'raven'
[2024-06-19 17:08:09.541] [micropagosdatabase] [database] [info] [7867d0f36bbb] the query in the database tooks: 304.2539ms
[2024-06-19 17:08:09.542] [micropagosdatabase] [middleware] [info] [7867d0f36bbb] Request took 305.7875ms
[2024-06-19 17:10:08.944] [micropagosdatabase] [middleware] [info] [e0081de7f6c0] New petition received
[2024-06-19 17:10:08.945] [micropagosdatabase] [middleware] [trace] [e0081de7f6c0] url: /masks/e0081de7f6c0, method: GET
[2024-06-19 17:10:08.945] [micropagosdatabase] [handler] [info] [e0081de7f6c0] starting to get the maskpatterns
[2024-06-19 17:10:08.945] [micropagosdatabase] [database] [trace] [e0081de7f6c0] starting to get the mask patters
[2024-06-19 17:10:08.945] [micropagosdatabase] [database] [trace] [e0081de7f6c0] this is the QUERY: SELECT ID, SHORTNUMBER, MASKPATTERN, MINLENGTH, MAXLENGTH, EXCLUDEPATTERN, DIRECTION, APPLICATION_ID FROM MASK; 
[2024-06-19 17:10:09.160] [micropagosdatabase] [database] [info] [e0081de7f6c0] the query in the database tooks: 214.3923ms
[2024-06-19 17:10:09.160] [micropagosdatabase] [middleware] [info] [e0081de7f6c0] Request took 215.6361ms
[2024-06-19 17:10:09.162] [micropagosdatabase] [middleware] [info] [d721935e1ea7] New petition received
[2024-06-19 17:10:09.162] [micropagosdatabase] [middleware] [trace] [d721935e1ea7] url: /usersInfo/d721935e1ea7, method: GET
[2024-06-19 17:10:09.163] [micropagosdatabase] [handler] [info] [d721935e1ea7] starting to get users info
[2024-06-19 17:10:09.163] [micropagosdatabase] [database] [trace] [d721935e1ea7] starting to get the users information
[2024-06-19 17:10:09.164] [micropagosdatabase] [database] [trace] [d721935e1ea7] this is the QUERY: SELECT u.id, u.username, u.password, u.lastlogin, d.name FROM user u JOIN domain d ON d.id = u.domain_id JOIN user_role AS ur ON ur.user_id = u.id JOIN role AS r ON r.id = ur.role_id WHERE r.name = 'webservice' AND r.system = 'raven'
[2024-06-19 17:10:09.445] [micropagosdatabase] [database] [info] [d721935e1ea7] the query in the database tooks: 281.4956ms
[2024-06-19 17:10:09.445] [micropagosdatabase] [middleware] [info] [d721935e1ea7] Request took 282.9748ms
[2024-06-19 17:12:08.942] [micropagosdatabase] [middleware] [info] [c699d37cb7bb] New petition received
[2024-06-19 17:12:08.942] [micropagosdatabase] [middleware] [trace] [c699d37cb7bb] url: /masks/c699d37cb7bb, method: GET
[2024-06-19 17:12:08.943] [micropagosdatabase] [handler] [info] [c699d37cb7bb] starting to get the maskpatterns
[2024-06-19 17:12:08.943] [micropagosdatabase] [database] [trace] [c699d37cb7bb] starting to get the mask patters
[2024-06-19 17:12:08.943] [micropagosdatabase] [database] [trace] [c699d37cb7bb] this is the QUERY: SELECT ID, SHORTNUMBER, MASKPATTERN, MINLENGTH, MAXLENGTH, EXCLUDEPATTERN, DIRECTION, APPLICATION_ID FROM MASK; 
[2024-06-19 17:12:09.177] [micropagosdatabase] [database] [info] [c699d37cb7bb] the query in the database tooks: 234.5819ms
[2024-06-19 17:12:09.178] [micropagosdatabase] [middleware] [info] [c699d37cb7bb] Request took 235.3682ms
[2024-06-19 17:12:09.180] [micropagosdatabase] [middleware] [info] [f966a47aa12c] New petition received
[2024-06-19 17:12:09.180] [micropagosdatabase] [middleware] [trace] [f966a47aa12c] url: /usersInfo/f966a47aa12c, method: GET
[2024-06-19 17:12:09.180] [micropagosdatabase] [handler] [info] [f966a47aa12c] starting to get users info
[2024-06-19 17:12:09.180] [micropagosdatabase] [database] [trace] [f966a47aa12c] starting to get the users information
[2024-06-19 17:12:09.181] [micropagosdatabase] [database] [trace] [f966a47aa12c] this is the QUERY: SELECT u.id, u.username, u.password, u.lastlogin, d.name FROM user u JOIN domain d ON d.id = u.domain_id JOIN user_role AS ur ON ur.user_id = u.id JOIN role AS r ON r.id = ur.role_id WHERE r.name = 'webservice' AND r.system = 'raven'
[2024-06-19 17:12:09.477] [micropagosdatabase] [database] [info] [f966a47aa12c] the query in the database tooks: 295.6131ms
[2024-06-19 17:12:09.477] [micropagosdatabase] [middleware] [info] [f966a47aa12c] Request took 296.5598ms
[2024-06-19 17:14:08.936] [micropagosdatabase] [middleware] [info] [13dcb6a2101d] New petition received
[2024-06-19 17:14:08.936] [micropagosdatabase] [middleware] [trace] [13dcb6a2101d] url: /masks/13dcb6a2101d, method: GET
[2024-06-19 17:14:08.936] [micropagosdatabase] [handler] [info] [13dcb6a2101d] starting to get the maskpatterns
[2024-06-19 17:14:08.936] [micropagosdatabase] [database] [trace] [13dcb6a2101d] starting to get the mask patters
[2024-06-19 17:14:08.936] [micropagosdatabase] [database] [trace] [13dcb6a2101d] this is the QUERY: SELECT ID, SHORTNUMBER, MASKPATTERN, MINLENGTH, MAXLENGTH, EXCLUDEPATTERN, DIRECTION, APPLICATION_ID FROM MASK; 
[2024-06-19 17:14:09.159] [micropagosdatabase] [database] [info] [13dcb6a2101d] the query in the database tooks: 222.5842ms
[2024-06-19 17:14:09.159] [micropagosdatabase] [middleware] [info] [13dcb6a2101d] Request took 223.588ms
[2024-06-19 17:14:09.162] [micropagosdatabase] [middleware] [info] [b73b8e162193] New petition received
[2024-06-19 17:14:09.162] [micropagosdatabase] [middleware] [trace] [b73b8e162193] url: /usersInfo/b73b8e162193, method: GET
[2024-06-19 17:14:09.162] [micropagosdatabase] [handler] [info] [b73b8e162193] starting to get users info
[2024-06-19 17:14:09.162] [micropagosdatabase] [database] [trace] [b73b8e162193] starting to get the users information
[2024-06-19 17:14:09.162] [micropagosdatabase] [database] [trace] [b73b8e162193] this is the QUERY: SELECT u.id, u.username, u.password, u.lastlogin, d.name FROM user u JOIN domain d ON d.id = u.domain_id JOIN user_role AS ur ON ur.user_id = u.id JOIN role AS r ON r.id = ur.role_id WHERE r.name = 'webservice' AND r.system = 'raven'
[2024-06-19 17:14:09.456] [micropagosdatabase] [database] [info] [b73b8e162193] the query in the database tooks: 293.635ms
[2024-06-19 17:14:09.457] [micropagosdatabase] [middleware] [info] [b73b8e162193] Request took 294.6634ms
[2024-06-19 17:16:08.946] [micropagosdatabase] [middleware] [info] [b5562718cdb5] New petition received
[2024-06-19 17:16:08.947] [micropagosdatabase] [middleware] [trace] [b5562718cdb5] url: /masks/b5562718cdb5, method: GET
[2024-06-19 17:16:08.947] [micropagosdatabase] [handler] [info] [b5562718cdb5] starting to get the maskpatterns
[2024-06-19 17:16:08.947] [micropagosdatabase] [database] [trace] [b5562718cdb5] starting to get the mask patters
[2024-06-19 17:16:08.947] [micropagosdatabase] [database] [trace] [b5562718cdb5] this is the QUERY: SELECT ID, SHORTNUMBER, MASKPATTERN, MINLENGTH, MAXLENGTH, EXCLUDEPATTERN, DIRECTION, APPLICATION_ID FROM MASK; 
[2024-06-19 17:16:09.182] [micropagosdatabase] [database] [info] [b5562718cdb5] the query in the database tooks: 235.0932ms
[2024-06-19 17:16:09.183] [micropagosdatabase] [middleware] [info] [b5562718cdb5] Request took 236.614ms
[2024-06-19 17:16:09.186] [micropagosdatabase] [middleware] [info] [65f96474a189] New petition received
[2024-06-19 17:16:09.186] [micropagosdatabase] [middleware] [trace] [65f96474a189] url: /usersInfo/65f96474a189, method: GET
[2024-06-19 17:16:09.186] [micropagosdatabase] [handler] [info] [65f96474a189] starting to get users info
[2024-06-19 17:16:09.186] [micropagosdatabase] [database] [trace] [65f96474a189] starting to get the users information
[2024-06-19 17:16:09.186] [micropagosdatabase] [database] [trace] [65f96474a189] this is the QUERY: SELECT u.id, u.username, u.password, u.lastlogin, d.name FROM user u JOIN domain d ON d.id = u.domain_id JOIN user_role AS ur ON ur.user_id = u.id JOIN role AS r ON r.id = ur.role_id WHERE r.name = 'webservice' AND r.system = 'raven'
[2024-06-19 17:16:09.477] [micropagosdatabase] [database] [info] [65f96474a189] the query in the database tooks: 290.5394ms
[2024-06-19 17:16:09.477] [micropagosdatabase] [middleware] [info] [65f96474a189] Request took 291.4388ms
[2024-06-19 17:18:08.934] [micropagosdatabase] [middleware] [info] [8f3447774006] New petition received
[2024-06-19 17:18:08.934] [micropagosdatabase] [middleware] [trace] [8f3447774006] url: /masks/8f3447774006, method: GET
[2024-06-19 17:18:08.934] [micropagosdatabase] [handler] [info] [8f3447774006] starting to get the maskpatterns
[2024-06-19 17:18:08.934] [micropagosdatabase] [database] [trace] [8f3447774006] starting to get the mask patters
[2024-06-19 17:18:08.934] [micropagosdatabase] [database] [trace] [8f3447774006] this is the QUERY: SELECT ID, SHORTNUMBER, MASKPATTERN, MINLENGTH, MAXLENGTH, EXCLUDEPATTERN, DIRECTION, APPLICATION_ID FROM MASK; 
[2024-06-19 17:18:09.225] [micropagosdatabase] [database] [info] [8f3447774006] the query in the database tooks: 290.4361ms
[2024-06-19 17:18:09.225] [micropagosdatabase] [middleware] [info] [8f3447774006] Request took 291.4965ms
[2024-06-19 17:18:09.228] [micropagosdatabase] [middleware] [info] [600dda76abd8] New petition received
[2024-06-19 17:18:09.228] [micropagosdatabase] [middleware] [trace] [600dda76abd8] url: /usersInfo/600dda76abd8, method: GET
[2024-06-19 17:18:09.228] [micropagosdatabase] [handler] [info] [600dda76abd8] starting to get users info
[2024-06-19 17:18:09.228] [micropagosdatabase] [database] [trace] [600dda76abd8] starting to get the users information
[2024-06-19 17:18:09.228] [micropagosdatabase] [database] [trace] [600dda76abd8] this is the QUERY: SELECT u.id, u.username, u.password, u.lastlogin, d.name FROM user u JOIN domain d ON d.id = u.domain_id JOIN user_role AS ur ON ur.user_id = u.id JOIN role AS r ON r.id = ur.role_id WHERE r.name = 'webservice' AND r.system = 'raven'
[2024-06-19 17:18:09.520] [micropagosdatabase] [database] [info] [600dda76abd8] the query in the database tooks: 292.1169ms
[2024-06-19 17:18:09.521] [micropagosdatabase] [middleware] [info] [600dda76abd8] Request took 293.2879ms
[2024-06-19 17:20:08.938] [micropagosdatabase] [middleware] [info] [52eee1bc79f5] New petition received
[2024-06-19 17:20:08.939] [micropagosdatabase] [middleware] [trace] [52eee1bc79f5] url: /masks/52eee1bc79f5, method: GET
[2024-06-19 17:20:08.939] [micropagosdatabase] [handler] [info] [52eee1bc79f5] starting to get the maskpatterns
[2024-06-19 17:20:08.939] [micropagosdatabase] [database] [trace] [52eee1bc79f5] starting to get the mask patters
[2024-06-19 17:20:08.939] [micropagosdatabase] [database] [trace] [52eee1bc79f5] this is the QUERY: SELECT ID, SHORTNUMBER, MASKPATTERN, MINLENGTH, MAXLENGTH, EXCLUDEPATTERN, DIRECTION, APPLICATION_ID FROM MASK; 
[2024-06-19 17:20:09.251] [micropagosdatabase] [database] [info] [52eee1bc79f5] the query in the database tooks: 311.9594ms
[2024-06-19 17:20:09.251] [micropagosdatabase] [middleware] [info] [52eee1bc79f5] Request took 313.0369ms
[2024-06-19 17:20:09.254] [micropagosdatabase] [middleware] [info] [693030ca1790] New petition received
[2024-06-19 17:20:09.255] [micropagosdatabase] [middleware] [trace] [693030ca1790] url: /usersInfo/693030ca1790, method: GET
[2024-06-19 17:20:09.255] [micropagosdatabase] [handler] [info] [693030ca1790] starting to get users info
[2024-06-19 17:20:09.255] [micropagosdatabase] [database] [trace] [693030ca1790] starting to get the users information
[2024-06-19 17:20:09.255] [micropagosdatabase] [database] [trace] [693030ca1790] this is the QUERY: SELECT u.id, u.username, u.password, u.lastlogin, d.name FROM user u JOIN domain d ON d.id = u.domain_id JOIN user_role AS ur ON ur.user_id = u.id JOIN role AS r ON r.id = ur.role_id WHERE r.name = 'webservice' AND r.system = 'raven'
[2024-06-19 17:20:09.564] [micropagosdatabase] [database] [info] [693030ca1790] the query in the database tooks: 309.1053ms
[2024-06-19 17:20:09.564] [micropagosdatabase] [middleware] [info] [693030ca1790] Request took 309.7264ms
[2024-06-19 17:22:08.934] [micropagosdatabase] [middleware] [info] [83640be3965e] New petition received
[2024-06-19 17:22:08.935] [micropagosdatabase] [middleware] [trace] [83640be3965e] url: /masks/83640be3965e, method: GET
[2024-06-19 17:22:08.935] [micropagosdatabase] [handler] [info] [83640be3965e] starting to get the maskpatterns
[2024-06-19 17:22:08.935] [micropagosdatabase] [database] [trace] [83640be3965e] starting to get the mask patters
[2024-06-19 17:22:08.935] [micropagosdatabase] [database] [trace] [83640be3965e] this is the QUERY: SELECT ID, SHORTNUMBER, MASKPATTERN, MINLENGTH, MAXLENGTH, EXCLUDEPATTERN, DIRECTION, APPLICATION_ID FROM MASK; 
[2024-06-19 17:22:09.154] [micropagosdatabase] [database] [info] [83640be3965e] the query in the database tooks: 219.1688ms
[2024-06-19 17:22:09.154] [micropagosdatabase] [middleware] [info] [83640be3965e] Request took 219.9929ms
[2024-06-19 17:22:09.157] [micropagosdatabase] [middleware] [info] [332d1605a82a] New petition received
[2024-06-19 17:22:09.158] [micropagosdatabase] [middleware] [trace] [332d1605a82a] url: /usersInfo/332d1605a82a, method: GET
[2024-06-19 17:22:09.158] [micropagosdatabase] [handler] [info] [332d1605a82a] starting to get users info
[2024-06-19 17:22:09.158] [micropagosdatabase] [database] [trace] [332d1605a82a] starting to get the users information
[2024-06-19 17:22:09.158] [micropagosdatabase] [database] [trace] [332d1605a82a] this is the QUERY: SELECT u.id, u.username, u.password, u.lastlogin, d.name FROM user u JOIN domain d ON d.id = u.domain_id JOIN user_role AS ur ON ur.user_id = u.id JOIN role AS r ON r.id = ur.role_id WHERE r.name = 'webservice' AND r.system = 'raven'
[2024-06-19 17:22:09.385] [micropagosdatabase] [database] [info] [332d1605a82a] the query in the database tooks: 227.2775ms
[2024-06-19 17:22:09.386] [micropagosdatabase] [middleware] [info] [332d1605a82a] Request took 228.7889ms
[2024-06-19 17:24:08.936] [micropagosdatabase] [middleware] [info] [0fb9fdba9dcb] New petition received
[2024-06-19 17:24:08.936] [micropagosdatabase] [middleware] [trace] [0fb9fdba9dcb] url: /masks/0fb9fdba9dcb, method: GET
[2024-06-19 17:24:08.942] [micropagosdatabase] [handler] [info] [0fb9fdba9dcb] starting to get the maskpatterns
[2024-06-19 17:24:08.942] [micropagosdatabase] [database] [trace] [0fb9fdba9dcb] starting to get the mask patters
[2024-06-19 17:24:08.942] [micropagosdatabase] [database] [trace] [0fb9fdba9dcb] this is the QUERY: SELECT ID, SHORTNUMBER, MASKPATTERN, MINLENGTH, MAXLENGTH, EXCLUDEPATTERN, DIRECTION, APPLICATION_ID FROM MASK; 
[2024-06-19 17:24:09.156] [micropagosdatabase] [database] [info] [0fb9fdba9dcb] the query in the database tooks: 213.8189ms
[2024-06-19 17:24:09.157] [micropagosdatabase] [middleware] [info] [0fb9fdba9dcb] Request took 220.4851ms
[2024-06-19 17:24:09.159] [micropagosdatabase] [middleware] [info] [ed18d7949943] New petition received
[2024-06-19 17:24:09.159] [micropagosdatabase] [middleware] [trace] [ed18d7949943] url: /usersInfo/ed18d7949943, method: GET
[2024-06-19 17:24:09.159] [micropagosdatabase] [handler] [info] [ed18d7949943] starting to get users info
[2024-06-19 17:24:09.159] [micropagosdatabase] [database] [trace] [ed18d7949943] starting to get the users information
[2024-06-19 17:24:09.160] [micropagosdatabase] [database] [trace] [ed18d7949943] this is the QUERY: SELECT u.id, u.username, u.password, u.lastlogin, d.name FROM user u JOIN domain d ON d.id = u.domain_id JOIN user_role AS ur ON ur.user_id = u.id JOIN role AS r ON r.id = ur.role_id WHERE r.name = 'webservice' AND r.system = 'raven'
[2024-06-19 17:24:09.447] [micropagosdatabase] [database] [info] [ed18d7949943] the query in the database tooks: 287.2955ms
[2024-06-19 17:24:09.449] [micropagosdatabase] [middleware] [info] [ed18d7949943] Request took 289.3166ms
[2024-06-19 17:26:08.943] [micropagosdatabase] [middleware] [info] [b60e4c9d7cea] New petition received
[2024-06-19 17:26:08.943] [micropagosdatabase] [middleware] [trace] [b60e4c9d7cea] url: /masks/b60e4c9d7cea, method: GET
[2024-06-19 17:26:08.943] [micropagosdatabase] [handler] [info] [b60e4c9d7cea] starting to get the maskpatterns
[2024-06-19 17:26:08.943] [micropagosdatabase] [database] [trace] [b60e4c9d7cea] starting to get the mask patters
[2024-06-19 17:26:08.943] [micropagosdatabase] [database] [trace] [b60e4c9d7cea] this is the QUERY: SELECT ID, SHORTNUMBER, MASKPATTERN, MINLENGTH, MAXLENGTH, EXCLUDEPATTERN, DIRECTION, APPLICATION_ID FROM MASK; 
[2024-06-19 17:26:09.158] [micropagosdatabase] [database] [info] [b60e4c9d7cea] the query in the database tooks: 214.7125ms
[2024-06-19 17:26:09.159] [micropagosdatabase] [middleware] [info] [b60e4c9d7cea] Request took 215.1387ms
[2024-06-19 17:26:09.161] [micropagosdatabase] [middleware] [info] [89249614b3bc] New petition received
[2024-06-19 17:26:09.161] [micropagosdatabase] [middleware] [trace] [89249614b3bc] url: /usersInfo/89249614b3bc, method: GET
[2024-06-19 17:26:09.161] [micropagosdatabase] [handler] [info] [89249614b3bc] starting to get users info
[2024-06-19 17:26:09.161] [micropagosdatabase] [database] [trace] [89249614b3bc] starting to get the users information
[2024-06-19 17:26:09.162] [micropagosdatabase] [database] [trace] [89249614b3bc] this is the QUERY: SELECT u.id, u.username, u.password, u.lastlogin, d.name FROM user u JOIN domain d ON d.id = u.domain_id JOIN user_role AS ur ON ur.user_id = u.id JOIN role AS r ON r.id = ur.role_id WHERE r.name = 'webservice' AND r.system = 'raven'
[2024-06-19 17:26:09.458] [micropagosdatabase] [database] [info] [89249614b3bc] the query in the database tooks: 296.1301ms
[2024-06-19 17:26:09.459] [micropagosdatabase] [middleware] [info] [89249614b3bc] Request took 297.9827ms
[2024-06-19 17:28:08.942] [micropagosdatabase] [middleware] [info] [3a6b0076be71] New petition received
[2024-06-19 17:28:08.942] [micropagosdatabase] [middleware] [trace] [3a6b0076be71] url: /masks/3a6b0076be71, method: GET
[2024-06-19 17:28:08.942] [micropagosdatabase] [handler] [info] [3a6b0076be71] starting to get the maskpatterns
[2024-06-19 17:28:08.942] [micropagosdatabase] [database] [trace] [3a6b0076be71] starting to get the mask patters
[2024-06-19 17:28:08.942] [micropagosdatabase] [database] [trace] [3a6b0076be71] this is the QUERY: SELECT ID, SHORTNUMBER, MASKPATTERN, MINLENGTH, MAXLENGTH, EXCLUDEPATTERN, DIRECTION, APPLICATION_ID FROM MASK; 
[2024-06-19 17:28:09.163] [micropagosdatabase] [database] [info] [3a6b0076be71] the query in the database tooks: 220.9965ms
[2024-06-19 17:28:09.164] [micropagosdatabase] [middleware] [info] [3a6b0076be71] Request took 222.4898ms
[2024-06-19 17:28:09.167] [micropagosdatabase] [middleware] [info] [8c25cb6d1018] New petition received
[2024-06-19 17:28:09.167] [micropagosdatabase] [middleware] [trace] [8c25cb6d1018] url: /usersInfo/8c25cb6d1018, method: GET
[2024-06-19 17:28:09.167] [micropagosdatabase] [handler] [info] [8c25cb6d1018] starting to get users info
[2024-06-19 17:28:09.167] [micropagosdatabase] [database] [trace] [8c25cb6d1018] starting to get the users information
[2024-06-19 17:28:09.167] [micropagosdatabase] [database] [trace] [8c25cb6d1018] this is the QUERY: SELECT u.id, u.username, u.password, u.lastlogin, d.name FROM user u JOIN domain d ON d.id = u.domain_id JOIN user_role AS ur ON ur.user_id = u.id JOIN role AS r ON r.id = ur.role_id WHERE r.name = 'webservice' AND r.system = 'raven'
[2024-06-19 17:28:09.451] [micropagosdatabase] [database] [info] [8c25cb6d1018] the query in the database tooks: 283.968ms
[2024-06-19 17:28:09.452] [micropagosdatabase] [middleware] [info] [8c25cb6d1018] Request took 285.0958ms
[2024-06-19 17:30:08.931] [micropagosdatabase] [middleware] [info] [569184e11dce] New petition received
[2024-06-19 17:30:08.931] [micropagosdatabase] [middleware] [trace] [569184e11dce] url: /masks/569184e11dce, method: GET
[2024-06-19 17:30:08.931] [micropagosdatabase] [handler] [info] [569184e11dce] starting to get the maskpatterns
[2024-06-19 17:30:08.931] [micropagosdatabase] [database] [trace] [569184e11dce] starting to get the mask patters
[2024-06-19 17:30:08.931] [micropagosdatabase] [database] [trace] [569184e11dce] this is the QUERY: SELECT ID, SHORTNUMBER, MASKPATTERN, MINLENGTH, MAXLENGTH, EXCLUDEPATTERN, DIRECTION, APPLICATION_ID FROM MASK; 
[2024-06-19 17:30:09.159] [micropagosdatabase] [database] [info] [569184e11dce] the query in the database tooks: 227.9358ms
[2024-06-19 17:30:09.160] [micropagosdatabase] [middleware] [info] [569184e11dce] Request took 228.8091ms
[2024-06-19 17:30:09.163] [micropagosdatabase] [middleware] [info] [8991c34ead8e] New petition received
[2024-06-19 17:30:09.163] [micropagosdatabase] [middleware] [trace] [8991c34ead8e] url: /usersInfo/8991c34ead8e, method: GET
[2024-06-19 17:30:09.163] [micropagosdatabase] [handler] [info] [8991c34ead8e] starting to get users info
[2024-06-19 17:30:09.163] [micropagosdatabase] [database] [trace] [8991c34ead8e] starting to get the users information
[2024-06-19 17:30:09.163] [micropagosdatabase] [database] [trace] [8991c34ead8e] this is the QUERY: SELECT u.id, u.username, u.password, u.lastlogin, d.name FROM user u JOIN domain d ON d.id = u.domain_id JOIN user_role AS ur ON ur.user_id = u.id JOIN role AS r ON r.id = ur.role_id WHERE r.name = 'webservice' AND r.system = 'raven'
[2024-06-19 17:30:09.465] [micropagosdatabase] [database] [info] [8991c34ead8e] the query in the database tooks: 301.4051ms
[2024-06-19 17:30:09.465] [micropagosdatabase] [middleware] [info] [8991c34ead8e] Request took 302.6181ms
[2024-06-19 17:32:08.942] [micropagosdatabase] [middleware] [info] [70a14bdd4bc9] New petition received
[2024-06-19 17:32:08.943] [micropagosdatabase] [middleware] [trace] [70a14bdd4bc9] url: /masks/70a14bdd4bc9, method: GET
[2024-06-19 17:32:08.943] [micropagosdatabase] [handler] [info] [70a14bdd4bc9] starting to get the maskpatterns
[2024-06-19 17:32:08.943] [micropagosdatabase] [database] [trace] [70a14bdd4bc9] starting to get the mask patters
[2024-06-19 17:32:08.943] [micropagosdatabase] [database] [trace] [70a14bdd4bc9] this is the QUERY: SELECT ID, SHORTNUMBER, MASKPATTERN, MINLENGTH, MAXLENGTH, EXCLUDEPATTERN, DIRECTION, APPLICATION_ID FROM MASK; 
[2024-06-19 17:32:09.172] [micropagosdatabase] [database] [info] [70a14bdd4bc9] the query in the database tooks: 229.6585ms
[2024-06-19 17:32:09.173] [micropagosdatabase] [middleware] [info] [70a14bdd4bc9] Request took 230.3773ms
[2024-06-19 17:32:09.176] [micropagosdatabase] [middleware] [info] [f6f0a8f18784] New petition received
[2024-06-19 17:32:09.176] [micropagosdatabase] [middleware] [trace] [f6f0a8f18784] url: /usersInfo/f6f0a8f18784, method: GET
[2024-06-19 17:32:09.177] [micropagosdatabase] [handler] [info] [f6f0a8f18784] starting to get users info
[2024-06-19 17:32:09.177] [micropagosdatabase] [database] [trace] [f6f0a8f18784] starting to get the users information
[2024-06-19 17:32:09.177] [micropagosdatabase] [database] [trace] [f6f0a8f18784] this is the QUERY: SELECT u.id, u.username, u.password, u.lastlogin, d.name FROM user u JOIN domain d ON d.id = u.domain_id JOIN user_role AS ur ON ur.user_id = u.id JOIN role AS r ON r.id = ur.role_id WHERE r.name = 'webservice' AND r.system = 'raven'
[2024-06-19 17:32:09.475] [micropagosdatabase] [database] [info] [f6f0a8f18784] the query in the database tooks: 298.2571ms
[2024-06-19 17:32:09.476] [micropagosdatabase] [middleware] [info] [f6f0a8f18784] Request took 299.7785ms
[2024-06-19 17:34:08.942] [micropagosdatabase] [middleware] [info] [c69a17ca31c6] New petition received
[2024-06-19 17:34:08.942] [micropagosdatabase] [middleware] [trace] [c69a17ca31c6] url: /masks/c69a17ca31c6, method: GET
[2024-06-19 17:34:08.942] [micropagosdatabase] [handler] [info] [c69a17ca31c6] starting to get the maskpatterns
[2024-06-19 17:34:08.943] [micropagosdatabase] [database] [trace] [c69a17ca31c6] starting to get the mask patters
[2024-06-19 17:34:08.943] [micropagosdatabase] [database] [trace] [c69a17ca31c6] this is the QUERY: SELECT ID, SHORTNUMBER, MASKPATTERN, MINLENGTH, MAXLENGTH, EXCLUDEPATTERN, DIRECTION, APPLICATION_ID FROM MASK; 
[2024-06-19 17:34:09.156] [micropagosdatabase] [database] [info] [c69a17ca31c6] the query in the database tooks: 212.9873ms
[2024-06-19 17:34:09.157] [micropagosdatabase] [middleware] [info] [c69a17ca31c6] Request took 214.2341ms
[2024-06-19 17:34:09.159] [micropagosdatabase] [middleware] [info] [76547a44146c] New petition received
[2024-06-19 17:34:09.159] [micropagosdatabase] [middleware] [trace] [76547a44146c] url: /usersInfo/76547a44146c, method: GET
[2024-06-19 17:34:09.160] [micropagosdatabase] [handler] [info] [76547a44146c] starting to get users info
[2024-06-19 17:34:09.160] [micropagosdatabase] [database] [trace] [76547a44146c] starting to get the users information
[2024-06-19 17:34:09.160] [micropagosdatabase] [database] [trace] [76547a44146c] this is the QUERY: SELECT u.id, u.username, u.password, u.lastlogin, d.name FROM user u JOIN domain d ON d.id = u.domain_id JOIN user_role AS ur ON ur.user_id = u.id JOIN role AS r ON r.id = ur.role_id WHERE r.name = 'webservice' AND r.system = 'raven'
[2024-06-19 17:34:09.464] [micropagosdatabase] [database] [info] [76547a44146c] the query in the database tooks: 304.0344ms
[2024-06-19 17:34:09.464] [micropagosdatabase] [middleware] [info] [76547a44146c] Request took 305.2454ms
[2024-06-19 17:36:08.941] [micropagosdatabase] [middleware] [info] [96b2967bee3c] New petition received
[2024-06-19 17:36:08.942] [micropagosdatabase] [middleware] [trace] [96b2967bee3c] url: /masks/96b2967bee3c, method: GET
[2024-06-19 17:36:08.942] [micropagosdatabase] [handler] [info] [96b2967bee3c] starting to get the maskpatterns
[2024-06-19 17:36:08.942] [micropagosdatabase] [database] [trace] [96b2967bee3c] starting to get the mask patters
[2024-06-19 17:36:08.942] [micropagosdatabase] [database] [trace] [96b2967bee3c] this is the QUERY: SELECT ID, SHORTNUMBER, MASKPATTERN, MINLENGTH, MAXLENGTH, EXCLUDEPATTERN, DIRECTION, APPLICATION_ID FROM MASK; 
[2024-06-19 17:36:09.168] [micropagosdatabase] [database] [info] [96b2967bee3c] the query in the database tooks: 226.2372ms
[2024-06-19 17:36:09.169] [micropagosdatabase] [middleware] [info] [96b2967bee3c] Request took 227.6837ms
[2024-06-19 17:36:09.171] [micropagosdatabase] [middleware] [info] [39ea55dd4ca8] New petition received
[2024-06-19 17:36:09.171] [micropagosdatabase] [middleware] [trace] [39ea55dd4ca8] url: /usersInfo/39ea55dd4ca8, method: GET
[2024-06-19 17:36:09.171] [micropagosdatabase] [handler] [info] [39ea55dd4ca8] starting to get users info
[2024-06-19 17:36:09.171] [micropagosdatabase] [database] [trace] [39ea55dd4ca8] starting to get the users information
[2024-06-19 17:36:09.171] [micropagosdatabase] [database] [trace] [39ea55dd4ca8] this is the QUERY: SELECT u.id, u.username, u.password, u.lastlogin, d.name FROM user u JOIN domain d ON d.id = u.domain_id JOIN user_role AS ur ON ur.user_id = u.id JOIN role AS r ON r.id = ur.role_id WHERE r.name = 'webservice' AND r.system = 'raven'
[2024-06-19 17:36:09.479] [micropagosdatabase] [database] [info] [39ea55dd4ca8] the query in the database tooks: 307.4894ms
[2024-06-19 17:36:09.480] [micropagosdatabase] [middleware] [info] [39ea55dd4ca8] Request took 308.5076ms
[2024-06-19 17:38:08.937] [micropagosdatabase] [middleware] [info] [37419c2cffc1] New petition received
[2024-06-19 17:38:08.937] [micropagosdatabase] [middleware] [trace] [37419c2cffc1] url: /masks/37419c2cffc1, method: GET
[2024-06-19 17:38:08.938] [micropagosdatabase] [handler] [info] [37419c2cffc1] starting to get the maskpatterns
[2024-06-19 17:38:08.938] [micropagosdatabase] [database] [trace] [37419c2cffc1] starting to get the mask patters
[2024-06-19 17:38:08.938] [micropagosdatabase] [database] [trace] [37419c2cffc1] this is the QUERY: SELECT ID, SHORTNUMBER, MASKPATTERN, MINLENGTH, MAXLENGTH, EXCLUDEPATTERN, DIRECTION, APPLICATION_ID FROM MASK; 
[2024-06-19 17:38:09.159] [micropagosdatabase] [database] [info] [37419c2cffc1] the query in the database tooks: 220.9191ms
[2024-06-19 17:38:09.160] [micropagosdatabase] [middleware] [info] [37419c2cffc1] Request took 222.6743ms
[2024-06-19 17:38:09.162] [micropagosdatabase] [middleware] [info] [29890b738900] New petition received
[2024-06-19 17:38:09.162] [micropagosdatabase] [middleware] [trace] [29890b738900] url: /usersInfo/29890b738900, method: GET
[2024-06-19 17:38:09.162] [micropagosdatabase] [handler] [info] [29890b738900] starting to get users info
[2024-06-19 17:38:09.162] [micropagosdatabase] [database] [trace] [29890b738900] starting to get the users information
[2024-06-19 17:38:09.162] [micropagosdatabase] [database] [trace] [29890b738900] this is the QUERY: SELECT u.id, u.username, u.password, u.lastlogin, d.name FROM user u JOIN domain d ON d.id = u.domain_id JOIN user_role AS ur ON ur.user_id = u.id JOIN role AS r ON r.id = ur.role_id WHERE r.name = 'webservice' AND r.system = 'raven'
[2024-06-19 17:38:09.446] [micropagosdatabase] [database] [info] [29890b738900] the query in the database tooks: 283.5921ms
[2024-06-19 17:38:09.447] [micropagosdatabase] [middleware] [info] [29890b738900] Request took 284.8726ms
[2024-06-19 17:40:08.932] [micropagosdatabase] [middleware] [info] [abe952748df5] New petition received
[2024-06-19 17:40:08.932] [micropagosdatabase] [middleware] [trace] [abe952748df5] url: /masks/abe952748df5, method: GET
[2024-06-19 17:40:08.932] [micropagosdatabase] [handler] [info] [abe952748df5] starting to get the maskpatterns
[2024-06-19 17:40:08.932] [micropagosdatabase] [database] [trace] [abe952748df5] starting to get the mask patters
[2024-06-19 17:40:08.932] [micropagosdatabase] [database] [trace] [abe952748df5] this is the QUERY: SELECT ID, SHORTNUMBER, MASKPATTERN, MINLENGTH, MAXLENGTH, EXCLUDEPATTERN, DIRECTION, APPLICATION_ID FROM MASK; 
[2024-06-19 17:40:09.147] [micropagosdatabase] [database] [info] [abe952748df5] the query in the database tooks: 214.9964ms
[2024-06-19 17:40:09.148] [micropagosdatabase] [middleware] [info] [abe952748df5] Request took 216.0896ms
[2024-06-19 17:40:09.149] [micropagosdatabase] [middleware] [info] [f551c6fc1361] New petition received
[2024-06-19 17:40:09.150] [micropagosdatabase] [middleware] [trace] [f551c6fc1361] url: /usersInfo/f551c6fc1361, method: GET
[2024-06-19 17:40:09.150] [micropagosdatabase] [handler] [info] [f551c6fc1361] starting to get users info
[2024-06-19 17:40:09.150] [micropagosdatabase] [database] [trace] [f551c6fc1361] starting to get the users information
[2024-06-19 17:40:09.150] [micropagosdatabase] [database] [trace] [f551c6fc1361] this is the QUERY: SELECT u.id, u.username, u.password, u.lastlogin, d.name FROM user u JOIN domain d ON d.id = u.domain_id JOIN user_role AS ur ON ur.user_id = u.id JOIN role AS r ON r.id = ur.role_id WHERE r.name = 'webservice' AND r.system = 'raven'
[2024-06-19 17:40:09.441] [micropagosdatabase] [database] [info] [f551c6fc1361] the query in the database tooks: 290.7987ms
[2024-06-19 17:40:09.442] [micropagosdatabase] [middleware] [info] [f551c6fc1361] Request took 292.7508ms
[2024-06-19 17:42:08.938] [micropagosdatabase] [middleware] [info] [e2e90fc45d3f] New petition received
[2024-06-19 17:42:08.938] [micropagosdatabase] [middleware] [trace] [e2e90fc45d3f] url: /masks/e2e90fc45d3f, method: GET
[2024-06-19 17:42:08.938] [micropagosdatabase] [handler] [info] [e2e90fc45d3f] starting to get the maskpatterns
[2024-06-19 17:42:08.938] [micropagosdatabase] [database] [trace] [e2e90fc45d3f] starting to get the mask patters
[2024-06-19 17:42:08.938] [micropagosdatabase] [database] [trace] [e2e90fc45d3f] this is the QUERY: SELECT ID, SHORTNUMBER, MASKPATTERN, MINLENGTH, MAXLENGTH, EXCLUDEPATTERN, DIRECTION, APPLICATION_ID FROM MASK; 
[2024-06-19 17:42:09.164] [micropagosdatabase] [database] [info] [e2e90fc45d3f] the query in the database tooks: 225.4493ms
[2024-06-19 17:42:09.164] [micropagosdatabase] [middleware] [info] [e2e90fc45d3f] Request took 226.0404ms
[2024-06-19 17:42:09.165] [micropagosdatabase] [middleware] [info] [5a90c79ae46f] New petition received
[2024-06-19 17:42:09.166] [micropagosdatabase] [middleware] [trace] [5a90c79ae46f] url: /usersInfo/5a90c79ae46f, method: GET
[2024-06-19 17:42:09.166] [micropagosdatabase] [handler] [info] [5a90c79ae46f] starting to get users info
[2024-06-19 17:42:09.166] [micropagosdatabase] [database] [trace] [5a90c79ae46f] starting to get the users information
[2024-06-19 17:42:09.166] [micropagosdatabase] [database] [trace] [5a90c79ae46f] this is the QUERY: SELECT u.id, u.username, u.password, u.lastlogin, d.name FROM user u JOIN domain d ON d.id = u.domain_id JOIN user_role AS ur ON ur.user_id = u.id JOIN role AS r ON r.id = ur.role_id WHERE r.name = 'webservice' AND r.system = 'raven'
[2024-06-19 17:42:09.400] [micropagosdatabase] [database] [info] [5a90c79ae46f] the query in the database tooks: 234.0121ms
[2024-06-19 17:42:09.400] [micropagosdatabase] [middleware] [info] [5a90c79ae46f] Request took 234.6709ms
[2024-06-19 17:44:08.938] [micropagosdatabase] [middleware] [info] [dc2615b4ee2c] New petition received
[2024-06-19 17:44:08.939] [micropagosdatabase] [middleware] [trace] [dc2615b4ee2c] url: /masks/dc2615b4ee2c, method: GET
[2024-06-19 17:44:08.939] [micropagosdatabase] [handler] [info] [dc2615b4ee2c] starting to get the maskpatterns
[2024-06-19 17:44:08.939] [micropagosdatabase] [database] [trace] [dc2615b4ee2c] starting to get the mask patters
[2024-06-19 17:44:08.939] [micropagosdatabase] [database] [trace] [dc2615b4ee2c] this is the QUERY: SELECT ID, SHORTNUMBER, MASKPATTERN, MINLENGTH, MAXLENGTH, EXCLUDEPATTERN, DIRECTION, APPLICATION_ID FROM MASK; 
[2024-06-19 17:44:09.174] [micropagosdatabase] [database] [info] [dc2615b4ee2c] the query in the database tooks: 235.0751ms
[2024-06-19 17:44:09.174] [micropagosdatabase] [middleware] [info] [dc2615b4ee2c] Request took 236.2387ms
[2024-06-19 17:44:09.176] [micropagosdatabase] [middleware] [info] [2e19e82e495f] New petition received
[2024-06-19 17:44:09.177] [micropagosdatabase] [middleware] [trace] [2e19e82e495f] url: /usersInfo/2e19e82e495f, method: GET
[2024-06-19 17:44:09.177] [micropagosdatabase] [handler] [info] [2e19e82e495f] starting to get users info
[2024-06-19 17:44:09.177] [micropagosdatabase] [database] [trace] [2e19e82e495f] starting to get the users information
[2024-06-19 17:44:09.177] [micropagosdatabase] [database] [trace] [2e19e82e495f] this is the QUERY: SELECT u.id, u.username, u.password, u.lastlogin, d.name FROM user u JOIN domain d ON d.id = u.domain_id JOIN user_role AS ur ON ur.user_id = u.id JOIN role AS r ON r.id = ur.role_id WHERE r.name = 'webservice' AND r.system = 'raven'
[2024-06-19 17:44:09.480] [micropagosdatabase] [database] [info] [2e19e82e495f] the query in the database tooks: 302.89ms
[2024-06-19 17:44:09.480] [micropagosdatabase] [middleware] [info] [2e19e82e495f] Request took 303.5439ms
[2024-06-19 17:46:08.935] [micropagosdatabase] [middleware] [info] [2061f087c827] New petition received
[2024-06-19 17:46:08.935] [micropagosdatabase] [middleware] [trace] [2061f087c827] url: /masks/2061f087c827, method: GET
[2024-06-19 17:46:08.936] [micropagosdatabase] [handler] [info] [2061f087c827] starting to get the maskpatterns
[2024-06-19 17:46:08.936] [micropagosdatabase] [database] [trace] [2061f087c827] starting to get the mask patters
[2024-06-19 17:46:08.936] [micropagosdatabase] [database] [trace] [2061f087c827] this is the QUERY: SELECT ID, SHORTNUMBER, MASKPATTERN, MINLENGTH, MAXLENGTH, EXCLUDEPATTERN, DIRECTION, APPLICATION_ID FROM MASK; 
[2024-06-19 17:46:09.148] [micropagosdatabase] [database] [info] [2061f087c827] the query in the database tooks: 212.2467ms
[2024-06-19 17:46:09.148] [micropagosdatabase] [middleware] [info] [2061f087c827] Request took 213.03ms
[2024-06-19 17:46:09.150] [micropagosdatabase] [middleware] [info] [7657f8c1e78b] New petition received
[2024-06-19 17:46:09.150] [micropagosdatabase] [middleware] [trace] [7657f8c1e78b] url: /usersInfo/7657f8c1e78b, method: GET
[2024-06-19 17:46:09.150] [micropagosdatabase] [handler] [info] [7657f8c1e78b] starting to get users info
[2024-06-19 17:46:09.150] [micropagosdatabase] [database] [trace] [7657f8c1e78b] starting to get the users information
[2024-06-19 17:46:09.150] [micropagosdatabase] [database] [trace] [7657f8c1e78b] this is the QUERY: SELECT u.id, u.username, u.password, u.lastlogin, d.name FROM user u JOIN domain d ON d.id = u.domain_id JOIN user_role AS ur ON ur.user_id = u.id JOIN role AS r ON r.id = ur.role_id WHERE r.name = 'webservice' AND r.system = 'raven'
[2024-06-19 17:46:09.368] [micropagosdatabase] [database] [info] [7657f8c1e78b] the query in the database tooks: 217.8154ms
[2024-06-19 17:46:09.369] [micropagosdatabase] [middleware] [info] [7657f8c1e78b] Request took 218.6631ms
[2024-06-19 17:48:08.938] [micropagosdatabase] [middleware] [info] [2b4b076fe757] New petition received
[2024-06-19 17:48:08.938] [micropagosdatabase] [middleware] [trace] [2b4b076fe757] url: /masks/2b4b076fe757, method: GET
[2024-06-19 17:48:08.939] [micropagosdatabase] [handler] [info] [2b4b076fe757] starting to get the maskpatterns
[2024-06-19 17:48:08.939] [micropagosdatabase] [database] [trace] [2b4b076fe757] starting to get the mask patters
[2024-06-19 17:48:08.939] [micropagosdatabase] [database] [trace] [2b4b076fe757] this is the QUERY: SELECT ID, SHORTNUMBER, MASKPATTERN, MINLENGTH, MAXLENGTH, EXCLUDEPATTERN, DIRECTION, APPLICATION_ID FROM MASK; 
[2024-06-19 17:48:09.153] [micropagosdatabase] [database] [info] [2b4b076fe757] the query in the database tooks: 213.4482ms
[2024-06-19 17:48:09.153] [micropagosdatabase] [middleware] [info] [2b4b076fe757] Request took 214.9404ms
[2024-06-19 17:48:09.155] [micropagosdatabase] [middleware] [info] [da0083980e46] New petition received
[2024-06-19 17:48:09.155] [micropagosdatabase] [middleware] [trace] [da0083980e46] url: /usersInfo/da0083980e46, method: GET
[2024-06-19 17:48:09.155] [micropagosdatabase] [handler] [info] [da0083980e46] starting to get users info
[2024-06-19 17:48:09.155] [micropagosdatabase] [database] [trace] [da0083980e46] starting to get the users information
[2024-06-19 17:48:09.155] [micropagosdatabase] [database] [trace] [da0083980e46] this is the QUERY: SELECT u.id, u.username, u.password, u.lastlogin, d.name FROM user u JOIN domain d ON d.id = u.domain_id JOIN user_role AS ur ON ur.user_id = u.id JOIN role AS r ON r.id = ur.role_id WHERE r.name = 'webservice' AND r.system = 'raven'
[2024-06-19 17:48:09.446] [micropagosdatabase] [database] [info] [da0083980e46] the query in the database tooks: 290.8809ms
[2024-06-19 17:48:09.447] [micropagosdatabase] [middleware] [info] [da0083980e46] Request took 292.0153ms
[2024-06-19 17:50:08.934] [micropagosdatabase] [middleware] [info] [9aff1929492f] New petition received
[2024-06-19 17:50:08.935] [micropagosdatabase] [middleware] [trace] [9aff1929492f] url: /masks/9aff1929492f, method: GET
[2024-06-19 17:50:08.935] [micropagosdatabase] [handler] [info] [9aff1929492f] starting to get the maskpatterns
[2024-06-19 17:50:08.935] [micropagosdatabase] [database] [trace] [9aff1929492f] starting to get the mask patters
[2024-06-19 17:50:08.935] [micropagosdatabase] [database] [trace] [9aff1929492f] this is the QUERY: SELECT ID, SHORTNUMBER, MASKPATTERN, MINLENGTH, MAXLENGTH, EXCLUDEPATTERN, DIRECTION, APPLICATION_ID FROM MASK; 
[2024-06-19 17:50:09.234] [micropagosdatabase] [database] [info] [9aff1929492f] the query in the database tooks: 299.1168ms
[2024-06-19 17:50:09.234] [micropagosdatabase] [middleware] [info] [9aff1929492f] Request took 299.6578ms
[2024-06-19 17:50:09.237] [micropagosdatabase] [middleware] [info] [07403debc0df] New petition received
[2024-06-19 17:50:09.237] [micropagosdatabase] [middleware] [trace] [07403debc0df] url: /usersInfo/07403debc0df, method: GET
[2024-06-19 17:50:09.237] [micropagosdatabase] [handler] [info] [07403debc0df] starting to get users info
[2024-06-19 17:50:09.237] [micropagosdatabase] [database] [trace] [07403debc0df] starting to get the users information
[2024-06-19 17:50:09.237] [micropagosdatabase] [database] [trace] [07403debc0df] this is the QUERY: SELECT u.id, u.username, u.password, u.lastlogin, d.name FROM user u JOIN domain d ON d.id = u.domain_id JOIN user_role AS ur ON ur.user_id = u.id JOIN role AS r ON r.id = ur.role_id WHERE r.name = 'webservice' AND r.system = 'raven'
[2024-06-19 17:50:09.525] [micropagosdatabase] [database] [info] [07403debc0df] the query in the database tooks: 288.3894ms
[2024-06-19 17:50:09.526] [micropagosdatabase] [middleware] [info] [07403debc0df] Request took 289.565ms
[2024-06-19 17:52:08.944] [micropagosdatabase] [middleware] [info] [4b62739c0447] New petition received
[2024-06-19 17:52:08.945] [micropagosdatabase] [middleware] [trace] [4b62739c0447] url: /masks/4b62739c0447, method: GET
[2024-06-19 17:52:08.945] [micropagosdatabase] [handler] [info] [4b62739c0447] starting to get the maskpatterns
[2024-06-19 17:52:08.945] [micropagosdatabase] [database] [trace] [4b62739c0447] starting to get the mask patters
[2024-06-19 17:52:08.945] [micropagosdatabase] [database] [trace] [4b62739c0447] this is the QUERY: SELECT ID, SHORTNUMBER, MASKPATTERN, MINLENGTH, MAXLENGTH, EXCLUDEPATTERN, DIRECTION, APPLICATION_ID FROM MASK; 
[2024-06-19 17:52:09.167] [micropagosdatabase] [database] [info] [4b62739c0447] the query in the database tooks: 221.1398ms
[2024-06-19 17:52:09.167] [micropagosdatabase] [middleware] [info] [4b62739c0447] Request took 222.8312ms
[2024-06-19 17:52:09.169] [micropagosdatabase] [middleware] [info] [bb4f41b43479] New petition received
[2024-06-19 17:52:09.170] [micropagosdatabase] [middleware] [trace] [bb4f41b43479] url: /usersInfo/bb4f41b43479, method: GET
[2024-06-19 17:52:09.170] [micropagosdatabase] [handler] [info] [bb4f41b43479] starting to get users info
[2024-06-19 17:52:09.170] [micropagosdatabase] [database] [trace] [bb4f41b43479] starting to get the users information
[2024-06-19 17:52:09.170] [micropagosdatabase] [database] [trace] [bb4f41b43479] this is the QUERY: SELECT u.id, u.username, u.password, u.lastlogin, d.name FROM user u JOIN domain d ON d.id = u.domain_id JOIN user_role AS ur ON ur.user_id = u.id JOIN role AS r ON r.id = ur.role_id WHERE r.name = 'webservice' AND r.system = 'raven'
[2024-06-19 17:52:09.460] [micropagosdatabase] [database] [info] [bb4f41b43479] the query in the database tooks: 289.0831ms
[2024-06-19 17:52:09.461] [micropagosdatabase] [middleware] [info] [bb4f41b43479] Request took 291.1431ms
[2024-06-19 17:54:08.930] [micropagosdatabase] [middleware] [info] [f876373da287] New petition received
[2024-06-19 17:54:08.931] [micropagosdatabase] [middleware] [trace] [f876373da287] url: /masks/f876373da287, method: GET
[2024-06-19 17:54:08.931] [micropagosdatabase] [handler] [info] [f876373da287] starting to get the maskpatterns
[2024-06-19 17:54:08.931] [micropagosdatabase] [database] [trace] [f876373da287] starting to get the mask patters
[2024-06-19 17:54:08.931] [micropagosdatabase] [database] [trace] [f876373da287] this is the QUERY: SELECT ID, SHORTNUMBER, MASKPATTERN, MINLENGTH, MAXLENGTH, EXCLUDEPATTERN, DIRECTION, APPLICATION_ID FROM MASK; 
[2024-06-19 17:54:09.165] [micropagosdatabase] [database] [info] [f876373da287] the query in the database tooks: 233.9484ms
[2024-06-19 17:54:09.166] [micropagosdatabase] [middleware] [info] [f876373da287] Request took 235.1573ms
[2024-06-19 17:54:09.169] [micropagosdatabase] [middleware] [info] [73b5485e9257] New petition received
[2024-06-19 17:54:09.169] [micropagosdatabase] [middleware] [trace] [73b5485e9257] url: /usersInfo/73b5485e9257, method: GET
[2024-06-19 17:54:09.169] [micropagosdatabase] [handler] [info] [73b5485e9257] starting to get users info
[2024-06-19 17:54:09.169] [micropagosdatabase] [database] [trace] [73b5485e9257] starting to get the users information
[2024-06-19 17:54:09.169] [micropagosdatabase] [database] [trace] [73b5485e9257] this is the QUERY: SELECT u.id, u.username, u.password, u.lastlogin, d.name FROM user u JOIN domain d ON d.id = u.domain_id JOIN user_role AS ur ON ur.user_id = u.id JOIN role AS r ON r.id = ur.role_id WHERE r.name = 'webservice' AND r.system = 'raven'
[2024-06-19 17:54:09.470] [micropagosdatabase] [database] [info] [73b5485e9257] the query in the database tooks: 300.4705ms
[2024-06-19 17:54:09.471] [micropagosdatabase] [middleware] [info] [73b5485e9257] Request took 301.8791ms
[2024-06-19 17:56:08.936] [micropagosdatabase] [middleware] [info] [f7d36e96107b] New petition received
[2024-06-19 17:56:08.937] [micropagosdatabase] [middleware] [trace] [f7d36e96107b] url: /masks/f7d36e96107b, method: GET
[2024-06-19 17:56:08.937] [micropagosdatabase] [handler] [info] [f7d36e96107b] starting to get the maskpatterns
[2024-06-19 17:56:08.937] [micropagosdatabase] [database] [trace] [f7d36e96107b] starting to get the mask patters
[2024-06-19 17:56:08.937] [micropagosdatabase] [database] [trace] [f7d36e96107b] this is the QUERY: SELECT ID, SHORTNUMBER, MASKPATTERN, MINLENGTH, MAXLENGTH, EXCLUDEPATTERN, DIRECTION, APPLICATION_ID FROM MASK; 
[2024-06-19 17:56:09.151] [micropagosdatabase] [database] [info] [f7d36e96107b] the query in the database tooks: 214.457ms
[2024-06-19 17:56:09.151] [micropagosdatabase] [middleware] [info] [f7d36e96107b] Request took 215.3459ms
[2024-06-19 17:56:09.153] [micropagosdatabase] [middleware] [info] [df5f8ffea995] New petition received
[2024-06-19 17:56:09.153] [micropagosdatabase] [middleware] [trace] [df5f8ffea995] url: /usersInfo/df5f8ffea995, method: GET
[2024-06-19 17:56:09.153] [micropagosdatabase] [handler] [info] [df5f8ffea995] starting to get users info
[2024-06-19 17:56:09.153] [micropagosdatabase] [database] [trace] [df5f8ffea995] starting to get the users information
[2024-06-19 17:56:09.153] [micropagosdatabase] [database] [trace] [df5f8ffea995] this is the QUERY: SELECT u.id, u.username, u.password, u.lastlogin, d.name FROM user u JOIN domain d ON d.id = u.domain_id JOIN user_role AS ur ON ur.user_id = u.id JOIN role AS r ON r.id = ur.role_id WHERE r.name = 'webservice' AND r.system = 'raven'
[2024-06-19 17:56:09.439] [micropagosdatabase] [database] [info] [df5f8ffea995] the query in the database tooks: 285.968ms
[2024-06-19 17:56:09.440] [micropagosdatabase] [middleware] [info] [df5f8ffea995] Request took 286.7422ms
[2024-06-19 17:58:08.943] [micropagosdatabase] [middleware] [info] [10763cc3ba8a] New petition received
[2024-06-19 17:58:08.943] [micropagosdatabase] [middleware] [trace] [10763cc3ba8a] url: /masks/10763cc3ba8a, method: GET
[2024-06-19 17:58:08.943] [micropagosdatabase] [handler] [info] [10763cc3ba8a] starting to get the maskpatterns
[2024-06-19 17:58:08.943] [micropagosdatabase] [database] [trace] [10763cc3ba8a] starting to get the mask patters
[2024-06-19 17:58:08.943] [micropagosdatabase] [database] [trace] [10763cc3ba8a] this is the QUERY: SELECT ID, SHORTNUMBER, MASKPATTERN, MINLENGTH, MAXLENGTH, EXCLUDEPATTERN, DIRECTION, APPLICATION_ID FROM MASK; 
[2024-06-19 17:58:09.158] [micropagosdatabase] [database] [info] [10763cc3ba8a] the query in the database tooks: 214.7604ms
[2024-06-19 17:58:09.159] [micropagosdatabase] [middleware] [info] [10763cc3ba8a] Request took 216.0835ms
[2024-06-19 17:58:09.161] [micropagosdatabase] [middleware] [info] [98af0cf124bb] New petition received
[2024-06-19 17:58:09.161] [micropagosdatabase] [middleware] [trace] [98af0cf124bb] url: /usersInfo/98af0cf124bb, method: GET
[2024-06-19 17:58:09.161] [micropagosdatabase] [handler] [info] [98af0cf124bb] starting to get users info
[2024-06-19 17:58:09.161] [micropagosdatabase] [database] [trace] [98af0cf124bb] starting to get the users information
[2024-06-19 17:58:09.161] [micropagosdatabase] [database] [trace] [98af0cf124bb] this is the QUERY: SELECT u.id, u.username, u.password, u.lastlogin, d.name FROM user u JOIN domain d ON d.id = u.domain_id JOIN user_role AS ur ON ur.user_id = u.id JOIN role AS r ON r.id = ur.role_id WHERE r.name = 'webservice' AND r.system = 'raven'
[2024-06-19 17:58:09.448] [micropagosdatabase] [database] [info] [98af0cf124bb] the query in the database tooks: 286.8405ms
[2024-06-19 17:58:09.450] [micropagosdatabase] [middleware] [info] [98af0cf124bb] Request took 288.8804ms
